phone-service out-of-service
signal -1
phone-call idle
battery-change 2 93/100 41640
setting_brightness 255
setting_screen_timeout 300000
time 1429520588894
localtime_offset -14400000
model dream
begin 0
total-power 900
meminfo 706092 379416 5924 175752
LCD 900
LCD-brightness 255
LCD-screen-on true
LCD-1000 900
3G 0
3G-on false
GPS 0
GPS-state-times 1.0 0.0 0.0
GPS-sattelites 0
Audio 0
Audio-on false
associate 10000 android.uid.shared:10000@15
associate 10006 android.uid.calendar:10006@15
associate 10010 com.android.deskclock@203
associate 10011 android.media:10011@15
associate 10012 com.android.email@410000
associate 10013 com.android.exchange@410000
associate 10016 com.android.inputmethod.latin@15
associate 10018 com.vuzix.m100osgui@2
associate 10029 com.android.smspush@15
associate 10030 com.vuzix.speech@1
associate 10037 edu.umich.PowerTutor@15
associate 10043 com.maxmpz:10043@575
begin 1
total-power 1103
LCD 900
LCD-brightness 255
LCD-screen-on true
LCD-1000 900
CPU 203
CPU-sys 25
CPU-usr 23
CPU-freq 1200.0
CPU-0 91
CPU-1000 251
CPU-1001 0
CPU-1002 0
CPU-1010 16
CPU-1013 158
CPU-1017 0
CPU-1019 0
CPU-1023 25
CPU-2000 0
CPU-10000 0
CPU-10006 8
CPU-10010 0
CPU-10011 125
CPU-10012 33
CPU-10013 8
CPU-10016 0
CPU-10018 25
CPU-10029 0
CPU-10030 16
CPU-10037 16
CPU-10043 0
3G 0
3G-on false
GPS 0
GPS-state-times 1.0 0.0 0.0
GPS-sattelites 0
Audio 0
Audio-on false
associate 10005 com.android.calendar@15
begin 2
total-power 916
LCD 900
LCD-brightness 255
LCD-screen-on true
LCD-1000 900
CPU 16
CPU-sys 3
CPU-usr 1
CPU-freq 350.0
CPU-0 2
CPU-1000 7
CPU-1001 0
CPU-1002 0
CPU-1010 0
CPU-1013 2
CPU-1014 0
CPU-1017 0
CPU-1019 0
CPU-1023 0
CPU-2000 0
CPU-10000 0
CPU-10005 2
CPU-10006 0
CPU-10010 0
CPU-10011 4
CPU-10012 0
CPU-10013 0
CPU-10016 0
CPU-10018 4
CPU-10029 0
CPU-10030 4
CPU-10037 9
CPU-10043 0
3G 0
3G-on false
GPS 0
GPS-state-times 1.0 0.0 0.0
GPS-sattelites 0
Audio 0
Audio-on false
begin 3
total-power 967
LCD 900
LCD-brightness 255
LCD-screen-on true
LCD-1000 900
CPU 67
CPU-sys 17
CPU-usr 0
CPU-freq 350.0
CPU-0 4
CPU-1000 9
CPU-1001 0
CPU-1002 0
CPU-1010 0
CPU-1013 7
CPU-1014 0
CPU-1017 0
CPU-1019 0
CPU-1023 0
CPU-2000 0
CPU-10000 0
CPU-10005 0
CPU-10006 0
CPU-10010 0
CPU-10011 0
CPU-10012 0
CPU-10013 0
CPU-10016 0
CPU-10018 4
CPU-10029 0
CPU-10030 43
CPU-10037 26
CPU-10043 0
3G 0
3G-on false
GPS 0
GPS-state-times 1.0 0.0 0.0
GPS-sattelites 0
Audio 0
Audio-on false
begin 4
total-power 1001
LCD 900
LCD-brightness 255
LCD-screen-on true
LCD-1000 900
CPU 101
CPU-sys 25
CPU-usr 0
CPU-freq 350.0
CPU-0 2
CPU-1000 4
CPU-1001 0
CPU-1002 0
CPU-1010 0
CPU-1013 2
CPU-1014 0
CPU-1017 0
CPU-1019 0
CPU-1023 0
CPU-2000 0
CPU-10000 0
CPU-10005 0
CPU-10006 0
CPU-10010 0
CPU-10011 0
CPU-10012 0
CPU-10013 0
CPU-10016 0
CPU-10018 4
CPU-10029 0
CPU-10030 34
CPU-10037 14
CPU-10043 0
3G 0
3G-on false
GPS 0
GPS-state-times 1.0 0.0 0.0
GPS-sattelites 0
Audio 0
Audio-on false
begin 5
total-power 963
LCD 900
LCD-brightness 255
LCD-screen-on true
LCD-1000 900
CPU 63
CPU-sys 16
CPU-usr 0
CPU-freq 350.0
CPU-0 2
CPU-1000 36
CPU-1001 2
CPU-1002 0
CPU-1010 0
CPU-1013 4
CPU-1014 0
CPU-1017 0
CPU-1019 0
CPU-1023 0
CPU-2000 0
CPU-10000 2
CPU-10005 0
CPU-10006 0
CPU-10010 0
CPU-10011 0
CPU-10012 0
CPU-10013 0
CPU-10016 0
CPU-10018 7
CPU-10029 0
CPU-10030 24
CPU-10037 4
CPU-10043 0
3G 0
3G-on false
GPS 0
GPS-state-times 1.0 0.0 0.0
GPS-sattelites 0
Audio 0
Audio-on false
begin 6
total-power 1004
LCD 900
LCD-brightness 255
LCD-screen-on true
LCD-1000 900
CPU 104
CPU-sys 16
CPU-usr 10
CPU-freq 350.0
CPU-0 12
CPU-1000 141
CPU-1001 0
CPU-1002 0
CPU-1010 0
CPU-1013 7
CPU-1014 0
CPU-1017 0
CPU-1019 0
CPU-1023 0
CPU-2000 0
CPU-10000 0
CPU-10005 0
CPU-10006 4
CPU-10010 0
CPU-10011 0
CPU-10012 2
CPU-10013 0
CPU-10016 0
CPU-10018 7
CPU-10029 0
CPU-10030 26
CPU-10037 12
CPU-10043 0
3G 0
3G-on false
GPS 0
GPS-state-times 1.0 0.0 0.0
GPS-sattelites 0
Audio 0
Audio-on false
battery-change 2 97/100 44300
begin 7
total-power 953
LCD 900
LCD-brightness 255
LCD-screen-on true
LCD-1000 900
CPU 53
CPU-sys 13
CPU-usr 0
CPU-freq 350.0
CPU-0 0
CPU-1000 26
CPU-1001 0
CPU-1002 0
CPU-1010 0
CPU-1013 4
CPU-1014 0
CPU-1017 0
CPU-1019 0
CPU-1023 0
CPU-2000 0
CPU-10000 0
CPU-10005 0
CPU-10006 0
CPU-10010 0
CPU-10011 0
CPU-10012 0
CPU-10013 0
CPU-10016 0
CPU-10018 4
CPU-10029 0
CPU-10030 22
CPU-10037 7
CPU-10043 0
3G 0
3G-on false
GPS 0
GPS-state-times 1.0 0.0 0.0
GPS-sattelites 0
Audio 0
Audio-on false
begin 8
total-power 930
LCD 900
LCD-brightness 255
LCD-screen-on true
LCD-1000 900
CPU 30
CPU-sys 7
CPU-usr 0
CPU-freq 350.0
CPU-0 4
CPU-1000 14
CPU-1001 0
CPU-1002 0
CPU-1010 0
CPU-1013 9
CPU-1014 0
CPU-1017 0
CPU-1019 0
CPU-1023 0
CPU-2000 0
CPU-10000 0
CPU-10005 0
CPU-10006 0
CPU-10010 2
CPU-10011 0
CPU-10012 0
CPU-10013 0
CPU-10016 0
CPU-10018 7
CPU-10029 0
CPU-10030 12
CPU-10037 12
CPU-10043 0
3G 0
3G-on false
GPS 0
GPS-state-times 1.0 0.0 0.0
GPS-sattelites 0
Audio 0
Audio-on false
begin 9
total-power 970
LCD 900
LCD-brightness 255
LCD-screen-on true
LCD-1000 900
CPU 70
CPU-sys 17
CPU-usr 1
CPU-freq 350.0
CPU-0 12
CPU-1000 46
CPU-1001 0
CPU-1002 0
CPU-1010 0
CPU-1013 7
CPU-1014 0
CPU-1017 0
CPU-1019 0
CPU-1023 0
CPU-2000 0
CPU-10000 0
CPU-10005 0
CPU-10006 0
CPU-10010 0
CPU-10011 0
CPU-10012 0
CPU-10013 0
CPU-10016 2
CPU-10018 9
CPU-10029 0
CPU-10030 14
CPU-10037 7
CPU-10043 0
3G 0
3G-on false
GPS 0
GPS-state-times 1.0 0.0 0.0
GPS-sattelites 0
Audio 0
Audio-on false
begin 10
total-power 926
meminfo 706092 377932 5952 175852
LCD 900
LCD-brightness 255
LCD-screen-on true
LCD-1000 900
CPU 26
CPU-sys 6
CPU-usr 0
CPU-freq 350.0
CPU-0 4
CPU-1000 12
CPU-1001 9
CPU-1002 0
CPU-1010 0
CPU-1013 4
CPU-1014 0
CPU-1017 0
CPU-1019 0
CPU-1023 0
CPU-2000 0
CPU-10000 0
CPU-10005 0
CPU-10006 0
CPU-10010 0
CPU-10011 0
CPU-10012 0
CPU-10013 0
CPU-10016 0
CPU-10018 4
CPU-10029 0
CPU-10030 7
CPU-10037 7
CPU-10043 0
3G 0
3G-on false
GPS 0
GPS-state-times 1.0 0.0 0.0
GPS-sattelites 0
Audio 0
Audio-on false
begin 11
total-power 932
LCD 900
LCD-brightness 255
LCD-screen-on true
LCD-1000 900
CPU 32
CPU-sys 7
CPU-usr 2
CPU-freq 350.0
CPU-0 12
CPU-1000 12
CPU-1001 2
CPU-1002 0
CPU-1010 0
CPU-1013 7
CPU-1014 0
CPU-1017 0
CPU-1019 0
CPU-1023 0
CPU-2000 0
CPU-10000 0
CPU-10005 0
CPU-10006 0
CPU-10010 0
CPU-10011 7
CPU-10012 0
CPU-10013 0
CPU-10016 0
CPU-10018 7
CPU-10029 0
CPU-10030 14
CPU-10037 9
CPU-10043 0
3G 0
3G-on false
GPS 0
GPS-state-times 1.0 0.0 0.0
GPS-sattelites 0
Audio 0
Audio-on false
begin 12
total-power 918
LCD 900
LCD-brightness 255
LCD-screen-on true
LCD-1000 900
CPU 18
CPU-sys 5
CPU-usr 0
CPU-freq 350.0
CPU-0 0
CPU-1000 7
CPU-1001 0
CPU-1002 0
CPU-1010 0
CPU-1013 2
CPU-1014 0
CPU-1017 0
CPU-1019 0
CPU-1023 0
CPU-2000 0
CPU-10000 0
CPU-10005 0
CPU-10006 0
CPU-10010 0
CPU-10011 0
CPU-10012 0
CPU-10013 0
CPU-10016 0
CPU-10018 4
CPU-10029 0
CPU-10030 12
CPU-10037 4
CPU-10043 0
3G 0
3G-on false
GPS 0
GPS-state-times 1.0 0.0 0.0
GPS-sattelites 0
Audio 0
Audio-on false
begin 13
total-power 920
LCD 900
LCD-brightness 255
LCD-screen-on true
LCD-1000 900
CPU 20
CPU-sys 5
CPU-usr 0
CPU-freq 350.0
CPU-0 2
CPU-1000 12
CPU-1001 0
CPU-1002 0
CPU-1010 0
CPU-1013 7
CPU-1014 0
CPU-1017 0
CPU-1019 0
CPU-1023 0
CPU-2000 0
CPU-10000 0
CPU-10005 0
CPU-10006 0
CPU-10010 0
CPU-10011 0
CPU-10012 0
CPU-10013 0
CPU-10016 0
CPU-10018 4
CPU-10029 0
CPU-10030 12
CPU-10037 14
CPU-10043 0
3G 0
3G-on false
GPS 0
GPS-state-times 1.0 0.0 0.0
GPS-sattelites 0
Audio 0
Audio-on false
begin 14
total-power 922
LCD 900
LCD-brightness 255
LCD-screen-on true
LCD-1000 900
CPU 22
CPU-sys 6
CPU-usr 0
CPU-freq 350.0
CPU-0 0
CPU-1000 9
CPU-1001 0
CPU-1002 0
CPU-1010 0
CPU-1013 4
CPU-1014 0
CPU-1017 0
CPU-1019 0
CPU-1023 0
CPU-2000 0
CPU-10000 0
CPU-10005 0
CPU-10006 0
CPU-10010 0
CPU-10011 0
CPU-10012 0
CPU-10013 0
CPU-10016 0
CPU-10018 9
CPU-10029 0
CPU-10030 12
CPU-10037 7
CPU-10043 0
3G 0
3G-on false
GPS 0
GPS-state-times 1.0 0.0 0.0
GPS-sattelites 0
Audio 0
Audio-on false
begin 15
total-power 1055
LCD 900
LCD-brightness 255
LCD-screen-on true
LCD-1000 900
CPU 155
CPU-sys 21
CPU-usr 14
CPU-freq 700.0
CPU-0 4
CPU-1000 29
CPU-1001 0
CPU-1002 0
CPU-1010 0
CPU-1013 19
CPU-1014 0
CPU-1017 0
CPU-1019 0
CPU-1023 38
CPU-2000 0
CPU-10000 0
CPU-10005 0
CPU-10006 0
CPU-10010 0
CPU-10011 0
CPU-10012 0
CPU-10013 0
CPU-10016 0
CPU-10018 9
CPU-10029 0
CPU-10030 14
CPU-10037 4
CPU-10043 0
3G 0
3G-on false
GPS 0
GPS-state-times 1.0 0.0 0.0
GPS-sattelites 0
Audio 0
Audio-on false
begin 16
total-power 1054
LCD 900
LCD-brightness 255
LCD-screen-on true
LCD-1000 900
CPU 154
CPU-sys 8
CPU-usr 30
CPU-freq 350.0
CPU-0 9
CPU-1000 21
CPU-1001 0
CPU-1002 0
CPU-1010 0
CPU-1013 4
CPU-1014 0
CPU-1017 0
CPU-1019 0
CPU-1023 0
CPU-2000 0
CPU-10000 0
CPU-10005 0
CPU-10006 0
CPU-10010 0
CPU-10011 0
CPU-10012 0
CPU-10013 0
CPU-10016 0
CPU-10018 7
CPU-10029 0
CPU-10030 12
CPU-10037 2
CPU-10043 0
3G 0
3G-on false
GPS 0
GPS-state-times 1.0 0.0 0.0
GPS-sattelites 0
Audio 0
Audio-on false
begin 17
total-power 928
LCD 900
LCD-brightness 255
LCD-screen-on true
LCD-1000 900
CPU 28
CPU-sys 7
CPU-usr 0
CPU-freq 350.0
CPU-0 4
CPU-1000 2
CPU-1001 0
CPU-1002 0
CPU-1010 0
CPU-1013 7
CPU-1014 0
CPU-1017 0
CPU-1019 0
CPU-1023 0
CPU-2000 0
CPU-10000 0
CPU-10005 0
CPU-10006 0
CPU-10010 0
CPU-10011 0
CPU-10012 0
CPU-10013 0
CPU-10016 0
CPU-10018 4
CPU-10029 0
CPU-10030 12
CPU-10037 7
CPU-10043 0
3G 0
3G-on false
GPS 0
GPS-state-times 1.0 0.0 0.0
GPS-sattelites 0
Audio 0
Audio-on false
begin 18
total-power 940
LCD 900
LCD-brightness 255
LCD-screen-on true
LCD-1000 900
CPU 40
CPU-sys 10
CPU-usr 0
CPU-freq 350.0
CPU-0 4
CPU-1000 12
CPU-1001 0
CPU-1002 0
CPU-1010 0
CPU-1013 7
CPU-1014 0
CPU-1017 0
CPU-1019 0
CPU-1023 0
CPU-2000 0
CPU-10000 0
CPU-10005 0
CPU-10006 0
CPU-10010 0
CPU-10011 0
CPU-10012 0
CPU-10013 0
CPU-10016 0
CPU-10018 7
CPU-10029 0
CPU-10030 12
CPU-10037 29
CPU-10043 0
3G 0
3G-on false
GPS 0
GPS-state-times 1.0 0.0 0.0
GPS-sattelites 0
Audio 0
Audio-on false
begin 19
total-power 928
LCD 900
LCD-brightness 255
LCD-screen-on true
LCD-1000 900
CPU 28
CPU-sys 7
CPU-usr 0
CPU-freq 350.0
CPU-0 0
CPU-1000 4
CPU-1001 0
CPU-1002 0
CPU-1010 0
CPU-1013 7
CPU-1014 0
CPU-1017 0
CPU-1019 0
CPU-1023 0
CPU-2000 0
CPU-10000 0
CPU-10005 0
CPU-10006 0
CPU-10010 0
CPU-10011 0
CPU-10012 0
CPU-10013 0
CPU-10016 0
CPU-10018 4
CPU-10029 0
CPU-10030 9
CPU-10037 4
CPU-10043 149
3G 0
3G-on false
GPS 0
GPS-state-times 1.0 0.0 0.0
GPS-sattelites 0
Audio 0
Audio-on false
begin 20
total-power 928
meminfo 706092 374960 6052 177536
LCD 900
LCD-brightness 255
LCD-screen-on true
LCD-1000 900
CPU 28
CPU-sys 7
CPU-usr 0
CPU-freq 350.0
CPU-0 4
CPU-1000 17
CPU-1001 2
CPU-1002 0
CPU-1010 2
CPU-1013 4
CPU-1014 0
CPU-1017 0
CPU-1019 0
CPU-1023 0
CPU-2000 0
CPU-10000 0
CPU-10005 0
CPU-10006 0
CPU-10010 0
CPU-10011 0
CPU-10012 0
CPU-10013 0
CPU-10016 0
CPU-10018 9
CPU-10029 0
CPU-10030 12
CPU-10037 4
CPU-10043 0
3G 0
3G-on false
GPS 0
GPS-state-times 1.0 0.0 0.0
GPS-sattelites 0
Audio 0
Audio-on false
begin 21
total-power 922
LCD 900
LCD-brightness 255
LCD-screen-on true
LCD-1000 900
CPU 22
CPU-sys 6
CPU-usr 0
CPU-freq 350.0
CPU-0 7
CPU-1000 9
CPU-1001 0
CPU-1002 0
CPU-1010 0
CPU-1013 4
CPU-1014 0
CPU-1017 0
CPU-1019 0
CPU-1023 0
CPU-2000 0
CPU-10000 0
CPU-10005 0
CPU-10006 0
CPU-10010 0
CPU-10011 0
CPU-10012 0
CPU-10013 0
CPU-10016 0
CPU-10018 4
CPU-10029 0
CPU-10030 12
CPU-10037 9
CPU-10043 0
3G 0
3G-on false
GPS 0
GPS-state-times 1.0 0.0 0.0
GPS-sattelites 0
Audio 0
Audio-on false
begin 22
total-power 930
LCD 900
LCD-brightness 255
LCD-screen-on true
LCD-1000 900
CPU 30
CPU-sys 7
CPU-usr 0
CPU-freq 350.0
CPU-0 0
CPU-1000 7
CPU-1001 0
CPU-1002 0
CPU-1010 0
CPU-1013 7
CPU-1014 0
CPU-1017 0
CPU-1019 0
CPU-1023 0
CPU-2000 0
CPU-10000 0
CPU-10005 0
CPU-10006 0
CPU-10010 0
CPU-10011 0
CPU-10012 0
CPU-10013 0
CPU-10016 0
CPU-10018 7
CPU-10029 0
CPU-10030 12
CPU-10037 4
CPU-10043 0
3G 0
3G-on false
GPS 0
GPS-state-times 1.0 0.0 0.0
GPS-sattelites 0
Audio 0
Audio-on false
begin 23
total-power 918
LCD 900
LCD-brightness 255
LCD-screen-on true
LCD-1000 900
CPU 18
CPU-sys 5
CPU-usr 0
CPU-freq 350.0
CPU-0 4
CPU-1000 4
CPU-1001 0
CPU-1002 0
CPU-1010 0
CPU-1013 4
CPU-1014 0
CPU-1017 0
CPU-1019 0
CPU-1023 0
CPU-2000 0
CPU-10000 0
CPU-10005 0
CPU-10006 0
CPU-10010 0
CPU-10011 0
CPU-10012 0
CPU-10013 0
CPU-10016 0
CPU-10018 4
CPU-10029 0
CPU-10030 9
CPU-10037 7
CPU-10043 0
3G 0
3G-on false
GPS 0
GPS-state-times 1.0 0.0 0.0
GPS-sattelites 0
Audio 0
Audio-on false
begin 24
total-power 924
LCD 900
LCD-brightness 255
LCD-screen-on true
LCD-1000 900
CPU 24
CPU-sys 6
CPU-usr 0
CPU-freq 350.0
CPU-0 7
CPU-1000 7
CPU-1001 0
CPU-1002 0
CPU-1010 0
CPU-1013 4
CPU-1014 0
CPU-1017 0
CPU-1019 0
CPU-1023 0
CPU-2000 0
CPU-10000 0
CPU-10005 0
CPU-10006 0
CPU-10010 0
CPU-10011 0
CPU-10012 0
CPU-10013 0
CPU-10016 0
CPU-10018 4
CPU-10029 0
CPU-10030 12
CPU-10037 14
CPU-10043 0
3G 0
3G-on false
GPS 0
GPS-state-times 1.0 0.0 0.0
GPS-sattelites 0
Audio 0
Audio-on false
begin 25
total-power 916
LCD 900
LCD-brightness 255
LCD-screen-on true
LCD-1000 900
CPU 16
CPU-sys 4
CPU-usr 0
CPU-freq 350.0
CPU-0 4
CPU-1000 7
CPU-1001 2
CPU-1002 0
CPU-1010 0
CPU-1013 7
CPU-1014 0
CPU-1017 0
CPU-1019 0
CPU-1023 0
CPU-2000 0
CPU-10000 0
CPU-10005 0
CPU-10006 0
CPU-10010 0
CPU-10011 0
CPU-10012 0
CPU-10013 0
CPU-10016 0
CPU-10018 4
CPU-10029 0
CPU-10030 9
CPU-10037 4
CPU-10043 0
3G 0
3G-on false
GPS 0
GPS-state-times 1.0 0.0 0.0
GPS-sattelites 0
Audio 0
Audio-on false
begin 26
total-power 939
LCD 900
LCD-brightness 255
LCD-screen-on true
LCD-1000 900
CPU 39
CPU-sys 8
CPU-usr 2
CPU-freq 350.0
CPU-0 0
CPU-1000 17
CPU-1001 0
CPU-1002 0
CPU-1010 0
CPU-1013 4
CPU-1014 0
CPU-1017 0
CPU-1019 0
CPU-1023 0
CPU-2000 0
CPU-10000 0
CPU-10005 0
CPU-10006 0
CPU-10010 0
CPU-10011 0
CPU-10012 0
CPU-10013 0
CPU-10016 0
CPU-10018 7
CPU-10029 0
CPU-10030 9
CPU-10037 7
CPU-10043 0
3G 0
3G-on false
GPS 0
GPS-state-times 1.0 0.0 0.0
GPS-sattelites 0
Audio 0
Audio-on false
begin 27
total-power 918
LCD 900
LCD-brightness 255
LCD-screen-on true
LCD-1000 900
CPU 18
CPU-sys 4
CPU-usr 0
CPU-freq 350.0
CPU-0 4
CPU-1000 2
CPU-1001 0
CPU-1002 0
CPU-1010 0
CPU-1013 4
CPU-1014 0
CPU-1017 0
CPU-1019 0
CPU-1023 0
CPU-2000 0
CPU-10000 0
CPU-10005 0
CPU-10006 0
CPU-10010 0
CPU-10011 0
CPU-10012 0
CPU-10013 0
CPU-10016 0
CPU-10018 7
CPU-10029 0
CPU-10030 12
CPU-10037 7
CPU-10043 0
3G 0
3G-on false
GPS 0
GPS-state-times 1.0 0.0 0.0
GPS-sattelites 0
Audio 0
Audio-on false
begin 28
total-power 920
LCD 900
LCD-brightness 255
LCD-screen-on true
LCD-1000 900
CPU 20
CPU-sys 5
CPU-usr 0
CPU-freq 350.0
CPU-0 4
CPU-1000 7
CPU-1001 0
CPU-1002 0
CPU-1010 0
CPU-1013 9
CPU-1014 0
CPU-1017 0
CPU-1019 0
CPU-1023 0
CPU-2000 0
CPU-10000 0
CPU-10005 0
CPU-10006 0
CPU-10010 0
CPU-10011 0
CPU-10012 0
CPU-10013 0
CPU-10016 0
CPU-10018 7
CPU-10029 0
CPU-10030 12
CPU-10037 7
CPU-10043 0
3G 0
3G-on false
GPS 0
GPS-state-times 1.0 0.0 0.0
GPS-sattelites 0
Audio 0
Audio-on false
begin 29
total-power 920
LCD 900
LCD-brightness 255
LCD-screen-on true
LCD-1000 900
CPU 20
CPU-sys 5
CPU-usr 0
CPU-freq 350.0
CPU-0 4
CPU-1000 7
CPU-1001 0
CPU-1002 0
CPU-1010 0
CPU-1013 4
CPU-1014 0
CPU-1017 0
CPU-1019 0
CPU-1023 0
CPU-2000 0
CPU-10000 0
CPU-10005 0
CPU-10006 0
CPU-10010 0
CPU-10011 0
CPU-10012 0
CPU-10013 0
CPU-10016 0
CPU-10018 4
CPU-10029 0
CPU-10030 12
CPU-10037 9
CPU-10043 0
3G 0
3G-on false
GPS 0
GPS-state-times 1.0 0.0 0.0
GPS-sattelites 0
Audio 0
Audio-on false
begin 30
total-power 926
meminfo 706092 374816 6084 177528
LCD 900
LCD-brightness 255
LCD-screen-on true
LCD-1000 900
CPU 26
CPU-sys 7
CPU-usr 0
CPU-freq 350.0
CPU-0 2
CPU-1000 4
CPU-1001 2
CPU-1002 0
CPU-1010 0
CPU-1013 7
CPU-1014 0
CPU-1017 0
CPU-1019 0
CPU-1023 0
CPU-2000 0
CPU-10000 0
CPU-10005 0
CPU-10006 0
CPU-10010 0
CPU-10011 0
CPU-10012 0
CPU-10013 0
CPU-10016 0
CPU-10018 7
CPU-10029 0
CPU-10030 12
CPU-10037 9
CPU-10043 0
3G 0
3G-on false
GPS 0
GPS-state-times 1.0 0.0 0.0
GPS-sattelites 0
Audio 0
Audio-on false
begin 31
total-power 935
LCD 900
LCD-brightness 255
LCD-screen-on true
LCD-1000 900
CPU 35
CPU-sys 9
CPU-usr 0
CPU-freq 350.0
CPU-0 2
CPU-1000 24
CPU-1001 0
CPU-1002 0
CPU-1010 0
CPU-1013 4
CPU-1014 0
CPU-1017 0
CPU-1019 0
CPU-1023 0
CPU-2000 0
CPU-10000 0
CPU-10005 0
CPU-10006 0
CPU-10010 0
CPU-10011 0
CPU-10012 0
CPU-10013 0
CPU-10016 0
CPU-10018 4
CPU-10029 0
CPU-10030 9
CPU-10037 9
CPU-10043 0
3G 0
3G-on false
GPS 0
GPS-state-times 1.0 0.0 0.0
GPS-sattelites 0
Audio 0
Audio-on false
begin 32
total-power 943
LCD 900
LCD-brightness 255
LCD-screen-on true
LCD-1000 900
CPU 43
CPU-sys 11
CPU-usr 0
CPU-freq 350.0
CPU-0 0
CPU-1000 4
CPU-1001 0
CPU-1002 0
CPU-1010 0
CPU-1013 7
CPU-1014 0
CPU-1017 0
CPU-1019 0
CPU-1023 0
CPU-2000 0
CPU-10000 0
CPU-10005 0
CPU-10006 0
CPU-10010 0
CPU-10011 0
CPU-10012 0
CPU-10013 0
CPU-10016 0
CPU-10018 4
CPU-10029 0
CPU-10030 24
CPU-10037 4
CPU-10043 0
3G 0
3G-on false
GPS 0
GPS-state-times 1.0 0.0 0.0
GPS-sattelites 0
Audio 0
Audio-on false
begin 33
total-power 963
LCD 900
LCD-brightness 255
LCD-screen-on true
LCD-1000 900
CPU 63
CPU-sys 16
CPU-usr 0
CPU-freq 350.0
CPU-0 12
CPU-1000 7
CPU-1001 0
CPU-1002 0
CPU-1010 0
CPU-1013 4
CPU-1014 0
CPU-1017 0
CPU-1019 0
CPU-1023 0
CPU-2000 0
CPU-10000 0
CPU-10005 0
CPU-10006 0
CPU-10010 0
CPU-10011 0
CPU-10012 0
CPU-10013 0
CPU-10016 0
CPU-10018 7
CPU-10029 0
CPU-10030 60
CPU-10037 9
CPU-10043 0
3G 0
3G-on false
GPS 0
GPS-state-times 1.0 0.0 0.0
GPS-sattelites 0
Audio 0
Audio-on false
begin 34
total-power 1009
LCD 900
LCD-brightness 255
LCD-screen-on true
LCD-1000 900
CPU 109
CPU-sys 26
CPU-usr 1
CPU-freq 350.0
CPU-0 2
CPU-1000 2
CPU-1001 0
CPU-1002 0
CPU-1010 0
CPU-1013 7
CPU-1014 0
CPU-1017 0
CPU-1019 0
CPU-1023 0
CPU-2000 0
CPU-10000 0
CPU-10005 0
CPU-10006 0
CPU-10010 0
CPU-10011 0
CPU-10012 0
CPU-10013 0
CPU-10016 0
CPU-10018 4
CPU-10029 0
CPU-10030 109
CPU-10037 7
CPU-10043 0
3G 0
3G-on false
GPS 0
GPS-state-times 1.0 0.0 0.0
GPS-sattelites 0
Audio 0
Audio-on false
begin 35
total-power 988
LCD 900
LCD-brightness 255
LCD-screen-on true
LCD-1000 900
CPU 88
CPU-sys 22
CPU-usr 0
CPU-freq 350.0
CPU-0 4
CPU-1000 7
CPU-1001 0
CPU-1002 0
CPU-1010 0
CPU-1013 22
CPU-1014 0
CPU-1017 0
CPU-1019 0
CPU-1023 0
CPU-2000 0
CPU-10000 0
CPU-10005 0
CPU-10006 0
CPU-10010 0
CPU-10011 0
CPU-10012 0
CPU-10013 0
CPU-10016 0
CPU-10018 14
CPU-10029 0
CPU-10030 83
CPU-10037 4
CPU-10043 0
3G 0
3G-on false
GPS 0
GPS-state-times 1.0 0.0 0.0
GPS-sattelites 0
Audio 0
Audio-on false
begin 36
total-power 1017
LCD 900
LCD-brightness 255
LCD-screen-on true
LCD-1000 900
CPU 117
CPU-sys 29
CPU-usr 0
CPU-freq 350.0
CPU-0 0
CPU-1000 12
CPU-1001 0
CPU-1002 0
CPU-1010 0
CPU-1013 9
CPU-1014 0
CPU-1017 0
CPU-1019 0
CPU-1023 0
CPU-2000 0
CPU-10000 0
CPU-10005 0
CPU-10006 0
CPU-10010 0
CPU-10011 0
CPU-10012 0
CPU-10013 0
CPU-10016 0
CPU-10018 12
CPU-10029 0
CPU-10030 112
CPU-10037 4
CPU-10043 0
3G 0
3G-on false
GPS 0
GPS-state-times 1.0 0.0 0.0
GPS-sattelites 0
Audio 0
Audio-on false
battery-change 2 100/100 44020
begin 37
total-power 984
LCD 900
LCD-brightness 255
LCD-screen-on true
LCD-1000 900
CPU 84
CPU-sys 20
CPU-usr 0
CPU-freq 700.0
CPU-0 4
CPU-1000 53
CPU-1001 0
CPU-1002 0
CPU-1010 0
CPU-1013 9
CPU-1014 0
CPU-1017 0
CPU-1019 0
CPU-1023 0
CPU-2000 0
CPU-10000 0
CPU-10005 0
CPU-10006 0
CPU-10010 0
CPU-10011 0
CPU-10012 0
CPU-10013 0
CPU-10016 0
CPU-10018 14
CPU-10029 0
CPU-10030 146
CPU-10037 19
CPU-10043 0
3G 0
3G-on false
GPS 0
GPS-state-times 1.0 0.0 0.0
GPS-sattelites 0
Audio 0
Audio-on false
associate 10044 lysesoft.andftp@71
begin 38
total-power 976
LCD 900
LCD-brightness 255
LCD-screen-on true
LCD-10044 900
CPU 76
CPU-sys 18
CPU-usr 1
CPU-freq 350.0
CPU-0 4
CPU-1000 85
CPU-1001 0
CPU-1002 0
CPU-1010 0
CPU-1013 9
CPU-1014 0
CPU-1017 0
CPU-1019 0
CPU-1023 0
CPU-2000 0
CPU-10000 0
CPU-10005 0
CPU-10006 0
CPU-10010 0
CPU-10011 0
CPU-10012 0
CPU-10013 0
CPU-10016 0
CPU-10018 12
CPU-10029 0
CPU-10030 2
CPU-10037 9
CPU-10043 0
3G 0
3G-on false
GPS 0
GPS-state-times 1.0 0.0 0.0
GPS-sattelites 0
Audio 0
Audio-on false
begin 39
total-power 1009
LCD 900
LCD-brightness 255
LCD-screen-on true
LCD-10044 900
CPU 109
CPU-sys 27
CPU-usr 0
CPU-freq 350.0
CPU-0 24
CPU-1000 56
CPU-1001 2
CPU-1002 0
CPU-1010 2
CPU-1013 0
CPU-1014 0
CPU-1017 0
CPU-1019 0
CPU-1023 0
CPU-2000 0
CPU-10000 0
CPU-10005 0
CPU-10006 0
CPU-10010 0
CPU-10011 0
CPU-10012 0
CPU-10013 0
CPU-10016 0
CPU-10018 0
CPU-10029 0
CPU-10030 0
CPU-10037 17
CPU-10043 0
CPU-10044 95
3G 0
3G-on false
GPS 0
GPS-state-times 1.0 0.0 0.0
GPS-sattelites 0
Audio 0
Audio-on false
begin 40
total-power 959
meminfo 706092 375652 6096 178464
LCD 900
LCD-brightness 255
LCD-screen-on true
LCD-10044 900
CPU 59
CPU-sys 15
CPU-usr 0
CPU-freq 350.0
CPU-0 19
CPU-1000 46
CPU-1001 0
CPU-1002 0
CPU-1010 0
CPU-1013 2
CPU-1014 0
CPU-1017 0
CPU-1019 0
CPU-1023 0
CPU-2000 0
CPU-10000 0
CPU-10005 0
CPU-10006 0
CPU-10010 0
CPU-10011 0
CPU-10012 0
CPU-10013 0
CPU-10016 0
CPU-10018 0
CPU-10029 0
CPU-10030 0
CPU-10037 9
CPU-10043 0
CPU-10044 46
3G 0
3G-on false
GPS 0
GPS-state-times 1.0 0.0 0.0
GPS-sattelites 0
Audio 0
Audio-on false
begin 41
total-power 906
LCD 900
LCD-brightness 255
LCD-screen-on true
LCD-10044 900
CPU 6
CPU-sys 2
CPU-usr 0
CPU-freq 350.0
CPU-0 0
CPU-1000 7
CPU-1001 0
CPU-1002 0
CPU-1010 0
CPU-1013 0
CPU-1014 0
CPU-1017 0
CPU-1019 0
CPU-1023 0
CPU-2000 0
CPU-10000 0
CPU-10005 0
CPU-10006 0
CPU-10010 0
CPU-10011 0
CPU-10012 0
CPU-10013 0
CPU-10016 0
CPU-10018 0
CPU-10029 0
CPU-10030 0
CPU-10037 7
CPU-10043 0
CPU-10044 0
3G 0
3G-on false
GPS 0
GPS-state-times 1.0 0.0 0.0
GPS-sattelites 0
Audio 0
Audio-on false
begin 42
total-power 908
LCD 900
LCD-brightness 255
LCD-screen-on true
LCD-10044 900
CPU 8
CPU-sys 2
CPU-usr 0
CPU-freq 350.0
CPU-0 4
CPU-1000 7
CPU-1001 0
CPU-1002 0
CPU-1010 0
CPU-1013 0
CPU-1014 0
CPU-1017 0
CPU-1019 0
CPU-1023 0
CPU-2000 0
CPU-10000 0
CPU-10005 0
CPU-10006 0
CPU-10010 0
CPU-10011 0
CPU-10012 0
CPU-10013 0
CPU-10016 0
CPU-10018 0
CPU-10029 0
CPU-10030 0
CPU-10037 7
CPU-10043 0
CPU-10044 4
3G 0
3G-on false
GPS 0
GPS-state-times 1.0 0.0 0.0
GPS-sattelites 0
Audio 0
Audio-on false
begin 43
total-power 924
LCD 900
LCD-brightness 255
LCD-screen-on true
LCD-10044 900
CPU 24
CPU-sys 6
CPU-usr 0
CPU-freq 350.0
CPU-0 0
CPU-1000 4
CPU-1001 0
CPU-1002 0
CPU-1010 0
CPU-1013 0
CPU-1014 0
CPU-1017 0
CPU-1019 0
CPU-1023 0
CPU-2000 0
CPU-10000 0
CPU-10005 0
CPU-10006 0
CPU-10010 0
CPU-10011 0
CPU-10012 0
CPU-10013 0
CPU-10016 0
CPU-10018 2
CPU-10029 0
CPU-10030 0
CPU-10037 4
CPU-10043 0
CPU-10044 26
3G 0
3G-on false
GPS 0
GPS-state-times 1.0 0.0 0.0
GPS-sattelites 0
Audio 0
Audio-on false
begin 44
total-power 930
LCD 900
LCD-brightness 255
LCD-screen-on true
LCD-10044 900
CPU 30
CPU-sys 6
CPU-usr 1
CPU-freq 350.0
CPU-0 2
CPU-1000 33
CPU-1001 2
CPU-1002 0
CPU-1010 0
CPU-1013 0
CPU-1014 0
CPU-1017 0
CPU-1019 0
CPU-1023 0
CPU-2000 0
CPU-10000 0
CPU-10005 0
CPU-10006 0
CPU-10010 0
CPU-10011 0
CPU-10012 0
CPU-10013 0
CPU-10016 0
CPU-10018 2
CPU-10029 0
CPU-10030 0
CPU-10037 12
CPU-10043 0
CPU-10044 9
3G 0
3G-on false
GPS 0
GPS-state-times 1.0 0.0 0.0
GPS-sattelites 0
Audio 0
Audio-on false
begin 45
total-power 906
LCD 900
LCD-brightness 255
LCD-screen-on true
LCD-10044 900
CPU 6
CPU-sys 2
CPU-usr 0
CPU-freq 350.0
CPU-0 7
CPU-1000 2
CPU-1001 0
CPU-1002 0
CPU-1010 0
CPU-1013 24
CPU-1014 0
CPU-1017 0
CPU-1019 0
CPU-1023 0
CPU-2000 0
CPU-10000 0
CPU-10005 0
CPU-10006 0
CPU-10010 0
CPU-10011 0
CPU-10012 0
CPU-10013 0
CPU-10016 0
CPU-10018 2
CPU-10029 0
CPU-10030 0
CPU-10037 7
CPU-10043 0
CPU-10044 0
3G 0
3G-on false
GPS 0
GPS-state-times 1.0 0.0 0.0
GPS-sattelites 0
Audio 0
Audio-on false
begin 46
total-power 1019
LCD 900
LCD-brightness 255
LCD-screen-on true
LCD-10044 900
CPU 119
CPU-sys 29
CPU-usr 0
CPU-freq 350.0
CPU-0 12
CPU-1000 65
CPU-1001 0
CPU-1002 0
CPU-1010 0
CPU-1013 4
CPU-1014 0
CPU-1017 0
CPU-1019 0
CPU-1023 0
CPU-2000 0
CPU-10000 0
CPU-10005 0
CPU-10006 0
CPU-10010 0
CPU-10011 0
CPU-10012 0
CPU-10013 0
CPU-10016 0
CPU-10018 0
CPU-10029 0
CPU-10030 0
CPU-10037 7
CPU-10043 0
CPU-10044 97
3G 0
3G-on false
GPS 0
GPS-state-times 1.0 0.0 0.0
GPS-sattelites 0
Audio 0
Audio-on false
begin 47
total-power 987
LCD 900
LCD-brightness 255
LCD-screen-on true
LCD-10044 900
CPU 87
CPU-sys 21
CPU-usr 0
CPU-freq 350.0
CPU-0 12
CPU-1000 32
CPU-1001 0
CPU-1002 0
CPU-1010 0
CPU-1013 2
CPU-1014 0
CPU-1017 0
CPU-1019 0
CPU-1023 0
CPU-2000 0
CPU-10000 0
CPU-10005 0
CPU-10006 0
CPU-10010 0
CPU-10011 0
CPU-10012 0
CPU-10013 0
CPU-10016 2
CPU-10018 2
CPU-10029 0
CPU-10030 0
CPU-10037 7
CPU-10043 0
CPU-10044 103
3G 0
3G-on false
GPS 0
GPS-state-times 1.0 0.0 0.0
GPS-sattelites 0
Audio 0
Audio-on false
begin 48
total-power 943
LCD 900
LCD-brightness 255
LCD-screen-on true
LCD-10044 900
CPU 43
CPU-sys 10
CPU-usr 0
CPU-freq 350.0
CPU-0 26
CPU-1000 58
CPU-1001 0
CPU-1002 0
CPU-1010 0
CPU-1013 0
CPU-1014 0
CPU-1017 0
CPU-1019 0
CPU-1023 0
CPU-2000 0
CPU-10000 0
CPU-10005 0
CPU-10006 0
CPU-10010 0
CPU-10011 0
CPU-10012 0
CPU-10013 0
CPU-10016 0
CPU-10018 0
CPU-10029 0
CPU-10030 0
CPU-10037 7
CPU-10043 0
CPU-10044 4
3G 0
3G-on false
GPS 0
GPS-state-times 1.0 0.0 0.0
GPS-sattelites 0
Audio 0
Audio-on false
begin 49
total-power 910
LCD 900
LCD-brightness 255
LCD-screen-on true
LCD-10044 900
CPU 10
CPU-sys 3
CPU-usr 0
CPU-freq 350.0
CPU-0 0
CPU-1000 4
CPU-1001 2
CPU-1002 0
CPU-1010 0
CPU-1013 0
CPU-1014 0
CPU-1017 0
CPU-1019 0
CPU-1023 0
CPU-2000 0
CPU-10000 0
CPU-10005 0
CPU-10006 0
CPU-10010 0
CPU-10011 0
CPU-10012 0
CPU-10013 0
CPU-10016 0
CPU-10018 2
CPU-10029 0
CPU-10030 0
CPU-10037 9
CPU-10043 0
CPU-10044 0
3G 0
3G-on false
GPS 0
GPS-state-times 1.0 0.0 0.0
GPS-sattelites 0
Audio 0
Audio-on false
begin 50
total-power 934
meminfo 706092 374464 6112 178624
LCD 900
LCD-brightness 255
LCD-screen-on true
LCD-10044 900
CPU 34
CPU-sys 9
CPU-usr 0
CPU-freq 350.0
CPU-0 7
CPU-1000 41
CPU-1001 0
CPU-1002 0
CPU-1010 0
CPU-1013 0
CPU-1014 0
CPU-1017 0
CPU-1019 0
CPU-1023 0
CPU-2000 0
CPU-10000 0
CPU-10005 0
CPU-10006 0
CPU-10010 0
CPU-10011 0
CPU-10012 0
CPU-10013 0
CPU-10016 0
CPU-10018 0
CPU-10029 0
CPU-10030 0
CPU-10037 7
CPU-10043 0
CPU-10044 0
3G 0
3G-on false
GPS 0
GPS-state-times 1.0 0.0 0.0
GPS-sattelites 0
Audio 0
Audio-on false
begin 51
total-power 910
LCD 900
LCD-brightness 255
LCD-screen-on true
LCD-10044 900
CPU 10
CPU-sys 3
CPU-usr 0
CPU-freq 350.0
CPU-0 2
CPU-1000 14
CPU-1001 0
CPU-1002 0
CPU-1010 0
CPU-1013 0
CPU-1014 0
CPU-1017 0
CPU-1019 0
CPU-1023 0
CPU-2000 0
CPU-10000 0
CPU-10005 0
CPU-10006 0
CPU-10010 0
CPU-10011 0
CPU-10012 0
CPU-10013 0
CPU-10016 0
CPU-10018 2
CPU-10029 0
CPU-10030 0
CPU-10037 14
CPU-10043 0
CPU-10044 0
3G 0
3G-on false
GPS 0
GPS-state-times 1.0 0.0 0.0
GPS-sattelites 0
Audio 0
Audio-on false
begin 52
total-power 920
LCD 900
LCD-brightness 255
LCD-screen-on true
LCD-10044 900
CPU 20
CPU-sys 5
CPU-usr 0
CPU-freq 350.0
CPU-0 7
CPU-1000 4
CPU-1001 0
CPU-1002 0
CPU-1010 0
CPU-1013 21
CPU-1014 0
CPU-1017 0
CPU-1019 0
CPU-1023 0
CPU-2000 0
CPU-10000 0
CPU-10005 0
CPU-10006 0
CPU-10010 0
CPU-10011 0
CPU-10012 0
CPU-10013 0
CPU-10016 0
CPU-10018 0
CPU-10029 0
CPU-10030 0
CPU-10037 4
CPU-10043 0
CPU-10044 0
3G 0
3G-on false
GPS 0
GPS-state-times 1.0 0.0 0.0
GPS-sattelites 0
Audio 0
Audio-on false
begin 53
total-power 937
LCD 900
LCD-brightness 255
LCD-screen-on true
LCD-10044 900
CPU 37
CPU-sys 9
CPU-usr 0
CPU-freq 350.0
CPU-0 7
CPU-1000 19
CPU-1001 0
CPU-1002 0
CPU-1010 0
CPU-1013 4
CPU-1014 0
CPU-1017 0
CPU-1019 0
CPU-1023 0
CPU-2000 0
CPU-10000 0
CPU-10005 0
CPU-10006 0
CPU-10010 0
CPU-10011 0
CPU-10012 0
CPU-10013 0
CPU-10016 0
CPU-10018 2
CPU-10029 0
CPU-10030 0
CPU-10037 4
CPU-10043 0
CPU-10044 41
3G 0
3G-on false
GPS 0
GPS-state-times 1.0 0.0 0.0
GPS-sattelites 0
Audio 0
Audio-on false
begin 54
total-power 928
LCD 900
LCD-brightness 255
LCD-screen-on true
LCD-10044 900
CPU 28
CPU-sys 7
CPU-usr 0
CPU-freq 350.0
CPU-0 4
CPU-1000 4
CPU-1001 0
CPU-1002 0
CPU-1010 0
CPU-1013 2
CPU-1014 0
CPU-1017 0
CPU-1019 0
CPU-1023 0
CPU-2000 0
CPU-10000 0
CPU-10005 0
CPU-10006 0
CPU-10010 0
CPU-10011 0
CPU-10012 0
CPU-10013 0
CPU-10016 0
CPU-10018 0
CPU-10029 0
CPU-10030 0
CPU-10037 9
CPU-10043 0
CPU-10044 22
3G 0
3G-on false
GPS 0
GPS-state-times 1.0 0.0 0.0
GPS-sattelites 0
Audio 0
Audio-on false
begin 55
total-power 980
LCD 900
LCD-brightness 255
LCD-screen-on true
LCD-10044 900
CPU 80
CPU-sys 20
CPU-usr 0
CPU-freq 350.0
CPU-0 22
CPU-1000 51
CPU-1001 0
CPU-1002 0
CPU-1010 0
CPU-1013 0
CPU-1014 0
CPU-1017 0
CPU-1019 0
CPU-1023 0
CPU-2000 0
CPU-10000 0
CPU-10005 0
CPU-10006 0
CPU-10010 0
CPU-10011 0
CPU-10012 0
CPU-10013 0
CPU-10016 0
CPU-10018 2
CPU-10029 0
CPU-10030 0
CPU-10037 4
CPU-10043 0
CPU-10044 85
3G 0
3G-on false
GPS 0
GPS-state-times 1.0 0.0 0.0
GPS-sattelites 0
Audio 0
Audio-on false
begin 56
total-power 914
LCD 900
LCD-brightness 255
LCD-screen-on true
LCD-10044 900
CPU 14
CPU-sys 3
CPU-usr 0
CPU-freq 350.0
CPU-0 0
CPU-1000 12
CPU-1001 0
CPU-1002 0
CPU-1010 0
CPU-1013 2
CPU-1014 0
CPU-1017 0
CPU-1019 0
CPU-1023 0
CPU-2000 0
CPU-10000 0
CPU-10005 0
CPU-10006 0
CPU-10010 0
CPU-10011 0
CPU-10012 0
CPU-10013 0
CPU-10016 0
CPU-10018 2
CPU-10029 0
CPU-10030 0
CPU-10037 4
CPU-10043 0
CPU-10044 2
3G 0
3G-on false
GPS 0
GPS-state-times 1.0 0.0 0.0
GPS-sattelites 0
Audio 0
Audio-on false
begin 57
total-power 912
LCD 900
LCD-brightness 255
LCD-screen-on true
LCD-10044 900
CPU 12
CPU-sys 3
CPU-usr 0
CPU-freq 350.0
CPU-0 2
CPU-1000 7
CPU-1001 0
CPU-1002 0
CPU-1010 0
CPU-1013 4
CPU-1014 0
CPU-1017 0
CPU-1019 0
CPU-1023 0
CPU-2000 0
CPU-10000 0
CPU-10005 0
CPU-10006 0
CPU-10010 0
CPU-10011 0
CPU-10012 0
CPU-10013 0
CPU-10016 0
CPU-10018 0
CPU-10029 0
CPU-10030 0
CPU-10037 7
CPU-10043 0
CPU-10044 7
3G 0
3G-on false
GPS 0
GPS-state-times 1.0 0.0 0.0
GPS-sattelites 0
Audio 0
Audio-on false
begin 58
total-power 934
LCD 900
LCD-brightness 255
LCD-screen-on true
LCD-10044 900
CPU 34
CPU-sys 9
CPU-usr 0
CPU-freq 350.0
CPU-0 2
CPU-1000 4
CPU-1001 0
CPU-1002 0
CPU-1010 2
CPU-1013 9
CPU-1014 0
CPU-1017 0
CPU-1019 0
CPU-1023 0
CPU-2000 0
CPU-10000 0
CPU-10005 0
CPU-10006 0
CPU-10010 0
CPU-10011 0
CPU-10012 0
CPU-10013 0
CPU-10016 0
CPU-10018 0
CPU-10029 0
CPU-10030 0
CPU-10037 9
CPU-10043 0
CPU-10044 17
3G 0
3G-on false
GPS 0
GPS-state-times 1.0 0.0 0.0
GPS-sattelites 0
Audio 0
Audio-on false
begin 59
total-power 939
LCD 900
LCD-brightness 255
LCD-screen-on true
LCD-10044 900
CPU 39
CPU-sys 10
CPU-usr 0
CPU-freq 350.0
CPU-0 7
CPU-1000 9
CPU-1001 0
CPU-1002 0
CPU-1010 0
CPU-1013 9
CPU-1014 0
CPU-1017 0
CPU-1019 0
CPU-1023 0
CPU-2000 0
CPU-10000 0
CPU-10005 0
CPU-10006 0
CPU-10010 0
CPU-10011 0
CPU-10012 0
CPU-10013 0
CPU-10016 0
CPU-10018 0
CPU-10029 0
CPU-10030 0
CPU-10037 12
CPU-10043 0
CPU-10044 19
3G 0
3G-on false
GPS 0
GPS-state-times 1.0 0.0 0.0
GPS-sattelites 0
Audio 0
Audio-on false
begin 60
total-power 935
meminfo 706092 374084 6112 178620
LCD 900
LCD-brightness 255
LCD-screen-on true
LCD-10044 900
CPU 35
CPU-sys 9
CPU-usr 0
CPU-freq 350.0
CPU-0 7
CPU-1000 24
CPU-1001 0
CPU-1002 0
CPU-1010 0
CPU-1013 7
CPU-1014 0
CPU-1017 0
CPU-1019 0
CPU-1023 0
CPU-2000 0
CPU-10000 0
CPU-10005 0
CPU-10006 0
CPU-10010 0
CPU-10011 0
CPU-10012 0
CPU-10013 0
CPU-10016 0
CPU-10018 0
CPU-10029 0
CPU-10030 0
CPU-10037 19
CPU-10043 0
CPU-10044 19
3G 0
3G-on false
GPS 0
GPS-state-times 1.0 0.0 0.0
GPS-sattelites 0
Audio 0
Audio-on false
begin 61
total-power 932
LCD 900
LCD-brightness 255
LCD-screen-on true
LCD-10044 900
CPU 32
CPU-sys 8
CPU-usr 0
CPU-freq 350.0
CPU-0 0
CPU-1000 12
CPU-1001 0
CPU-1002 0
CPU-1010 0
CPU-1013 4
CPU-1014 0
CPU-1017 0
CPU-1019 0
CPU-1023 0
CPU-2000 0
CPU-10000 0
CPU-10005 0
CPU-10006 0
CPU-10010 0
CPU-10011 0
CPU-10012 0
CPU-10013 0
CPU-10016 7
CPU-10018 4
CPU-10029 0
CPU-10030 0
CPU-10037 4
CPU-10043 0
CPU-10044 19
3G 0
3G-on false
GPS 0
GPS-state-times 1.0 0.0 0.0
GPS-sattelites 0
Audio 0
Audio-on false
begin 62
total-power 902
LCD 900
LCD-brightness 255
LCD-screen-on true
LCD-10044 900
CPU 2
CPU-sys 1
CPU-usr 0
CPU-freq 350.0
CPU-0 0
CPU-1000 2
CPU-1001 0
CPU-1002 0
CPU-1010 0
CPU-1013 2
CPU-1014 0
CPU-1017 0
CPU-1019 0
CPU-1023 0
CPU-2000 0
CPU-10000 0
CPU-10005 0
CPU-10006 0
CPU-10010 0
CPU-10011 0
CPU-10012 0
CPU-10013 0
CPU-10016 0
CPU-10018 0
CPU-10029 0
CPU-10030 0
CPU-10037 7
CPU-10043 0
CPU-10044 0
3G 0
3G-on false
GPS 0
GPS-state-times 1.0 0.0 0.0
GPS-sattelites 0
Audio 0
Audio-on false
begin 63
total-power 936
LCD 900
LCD-brightness 255
LCD-screen-on true
LCD-10044 900
CPU 36
CPU-sys 9
CPU-usr 0
CPU-freq 350.0
CPU-0 0
CPU-1000 16
CPU-1001 0
CPU-1002 0
CPU-1010 0
CPU-1013 4
CPU-1014 0
CPU-1017 0
CPU-1019 0
CPU-1023 0
CPU-2000 0
CPU-10000 0
CPU-10005 0
CPU-10006 0
CPU-10010 0
CPU-10011 0
CPU-10012 0
CPU-10013 0
CPU-10016 2
CPU-10018 2
CPU-10029 0
CPU-10030 0
CPU-10037 7
CPU-10043 0
CPU-10044 19
3G 0
3G-on false
GPS 0
GPS-state-times 1.0 0.0 0.0
GPS-sattelites 0
Audio 0
Audio-on false
begin 64
total-power 912
LCD 900
LCD-brightness 255
LCD-screen-on true
LCD-10044 900
CPU 12
CPU-sys 3
CPU-usr 0
CPU-freq 350.0
CPU-0 4
CPU-1000 17
CPU-1001 0
CPU-1002 0
CPU-1010 0
CPU-1013 4
CPU-1014 0
CPU-1017 0
CPU-1019 0
CPU-1023 0
CPU-2000 0
CPU-10000 0
CPU-10005 0
CPU-10006 0
CPU-10010 0
CPU-10011 0
CPU-10012 0
CPU-10013 0
CPU-10016 0
CPU-10018 2
CPU-10029 0
CPU-10030 0
CPU-10037 4
CPU-10043 0
CPU-10044 12
3G 0
3G-on false
GPS 0
GPS-state-times 1.0 0.0 0.0
GPS-sattelites 0
Audio 0
Audio-on false
begin 65
total-power 922
LCD 900
LCD-brightness 255
LCD-screen-on true
LCD-10044 900
CPU 22
CPU-sys 6
CPU-usr 0
CPU-freq 350.0
CPU-0 9
CPU-1000 7
CPU-1001 0
CPU-1002 0
CPU-1010 0
CPU-1013 7
CPU-1014 0
CPU-1017 0
CPU-1019 0
CPU-1023 0
CPU-2000 0
CPU-10000 0
CPU-10005 0
CPU-10006 0
CPU-10010 0
CPU-10011 0
CPU-10012 0
CPU-10013 0
CPU-10016 0
CPU-10018 0
CPU-10029 0
CPU-10030 0
CPU-10037 7
CPU-10043 0
CPU-10044 12
3G 0
3G-on false
GPS 0
GPS-state-times 1.0 0.0 0.0
GPS-sattelites 0
Audio 0
Audio-on false
begin 66
total-power 918
LCD 900
LCD-brightness 255
LCD-screen-on true
LCD-10044 900
CPU 18
CPU-sys 4
CPU-usr 0
CPU-freq 350.0
CPU-0 2
CPU-1000 12
CPU-1001 0
CPU-1002 0
CPU-1010 0
CPU-1013 4
CPU-1014 0
CPU-1017 0
CPU-1019 0
CPU-1023 0
CPU-2000 0
CPU-10000 0
CPU-10005 0
CPU-10006 0
CPU-10010 0
CPU-10011 0
CPU-10012 0
CPU-10013 0
CPU-10016 0
CPU-10018 2
CPU-10029 0
CPU-10030 0
CPU-10037 12
CPU-10043 0
CPU-10044 14
3G 0
3G-on false
GPS 0
GPS-state-times 1.0 0.0 0.0
GPS-sattelites 0
Audio 0
Audio-on false
begin 67
total-power 924
LCD 900
LCD-brightness 255
LCD-screen-on true
LCD-10044 900
CPU 24
CPU-sys 6
CPU-usr 0
CPU-freq 350.0
CPU-0 0
CPU-1000 7
CPU-1001 0
CPU-1002 0
CPU-1010 0
CPU-1013 4
CPU-1014 0
CPU-1017 0
CPU-1019 0
CPU-1023 0
CPU-2000 0
CPU-10000 0
CPU-10005 0
CPU-10006 0
CPU-10010 0
CPU-10011 0
CPU-10012 0
CPU-10013 0
CPU-10016 0
CPU-10018 0
CPU-10029 0
CPU-10030 0
CPU-10037 9
CPU-10043 0
CPU-10044 9
3G 0
3G-on false
GPS 0
GPS-state-times 1.0 0.0 0.0
GPS-sattelites 0
Audio 0
Audio-on false
begin 68
total-power 920
LCD 900
LCD-brightness 255
LCD-screen-on true
LCD-10044 900
CPU 20
CPU-sys 5
CPU-usr 0
CPU-freq 350.0
CPU-0 0
CPU-1000 4
CPU-1001 2
CPU-1002 0
CPU-1010 0
CPU-1013 4
CPU-1014 0
CPU-1017 0
CPU-1019 0
CPU-1023 0
CPU-2000 0
CPU-10000 0
CPU-10005 0
CPU-10006 0
CPU-10010 0
CPU-10011 0
CPU-10012 0
CPU-10013 0
CPU-10016 4
CPU-10018 0
CPU-10029 0
CPU-10030 0
CPU-10037 2
CPU-10043 0
CPU-10044 7
3G 0
3G-on false
GPS 0
GPS-state-times 1.0 0.0 0.0
GPS-sattelites 0
Audio 0
Audio-on false
begin 69
total-power 912
LCD 900
LCD-brightness 255
LCD-screen-on true
LCD-10044 900
CPU 12
CPU-sys 3
CPU-usr 0
CPU-freq 350.0
CPU-0 2
CPU-1000 7
CPU-1001 0
CPU-1002 0
CPU-1010 0
CPU-1013 4
CPU-1014 0
CPU-1017 0
CPU-1019 0
CPU-1023 0
CPU-2000 0
CPU-10000 0
CPU-10005 0
CPU-10006 0
CPU-10010 0
CPU-10011 0
CPU-10012 0
CPU-10013 0
CPU-10016 0
CPU-10018 0
CPU-10029 0
CPU-10030 0
CPU-10037 4
CPU-10043 0
CPU-10044 9
3G 0
3G-on false
GPS 0
GPS-state-times 1.0 0.0 0.0
GPS-sattelites 0
Audio 0
Audio-on false
begin 70
total-power 922
meminfo 706092 373944 6112 178624
LCD 900
LCD-brightness 255
LCD-screen-on true
LCD-10044 900
CPU 22
CPU-sys 5
CPU-usr 0
CPU-freq 350.0
CPU-0 12
CPU-1000 16
CPU-1001 0
CPU-1002 0
CPU-1010 0
CPU-1013 0
CPU-1014 0
CPU-1017 0
CPU-1019 0
CPU-1023 0
CPU-2000 0
CPU-10000 0
CPU-10005 0
CPU-10006 0
CPU-10010 0
CPU-10011 0
CPU-10012 0
CPU-10013 0
CPU-10016 0
CPU-10018 0
CPU-10029 0
CPU-10030 0
CPU-10037 7
CPU-10043 0
CPU-10044 16
3G 0
3G-on false
GPS 0
GPS-state-times 1.0 0.0 0.0
GPS-sattelites 0
Audio 0
Audio-on false
begin 71
total-power 918
LCD 900
LCD-brightness 255
LCD-screen-on true
LCD-10044 900
CPU 18
CPU-sys 5
CPU-usr 0
CPU-freq 350.0
CPU-0 4
CPU-1000 9
CPU-1001 0
CPU-1002 0
CPU-1010 0
CPU-1013 9
CPU-1014 0
CPU-1017 0
CPU-1019 0
CPU-1023 0
CPU-2000 0
CPU-10000 0
CPU-10005 0
CPU-10006 0
CPU-10010 0
CPU-10011 0
CPU-10012 0
CPU-10013 0
CPU-10016 0
CPU-10018 4
CPU-10029 0
CPU-10030 0
CPU-10037 4
CPU-10043 0
CPU-10044 9
3G 0
3G-on false
GPS 0
GPS-state-times 1.0 0.0 0.0
GPS-sattelites 0
Audio 0
Audio-on false
begin 72
total-power 916
LCD 900
LCD-brightness 255
LCD-screen-on true
LCD-10044 900
CPU 16
CPU-sys 4
CPU-usr 0
CPU-freq 350.0
CPU-0 4
CPU-1000 7
CPU-1001 0
CPU-1002 0
CPU-1010 2
CPU-1013 0
CPU-1014 0
CPU-1017 0
CPU-1019 0
CPU-1023 0
CPU-2000 0
CPU-10000 0
CPU-10005 0
CPU-10006 0
CPU-10010 0
CPU-10011 0
CPU-10012 0
CPU-10013 0
CPU-10016 0
CPU-10018 0
CPU-10029 0
CPU-10030 0
CPU-10037 7
CPU-10043 0
CPU-10044 7
3G 0
3G-on false
GPS 0
GPS-state-times 1.0 0.0 0.0
GPS-sattelites 0
Audio 0
Audio-on false
begin 73
total-power 990
LCD 900
LCD-brightness 255
LCD-screen-on true
LCD-10044 900
CPU 90
CPU-sys 22
CPU-usr 0
CPU-freq 350.0
CPU-0 0
CPU-1000 24
CPU-1001 2
CPU-1002 0
CPU-1010 0
CPU-1013 7
CPU-1014 0
CPU-1017 0
CPU-1019 0
CPU-1023 0
CPU-2000 0
CPU-10000 0
CPU-10005 0
CPU-10006 0
CPU-10010 0
CPU-10011 0
CPU-10012 0
CPU-10013 0
CPU-10016 2
CPU-10018 2
CPU-10029 0
CPU-10030 0
CPU-10037 4
CPU-10043 0
CPU-10044 84
3G 0
3G-on false
GPS 0
GPS-state-times 1.0 0.0 0.0
GPS-sattelites 0
Audio 0
Audio-on false
begin 74
total-power 922
LCD 900
LCD-brightness 255
LCD-screen-on true
LCD-10044 900
CPU 22
CPU-sys 6
CPU-usr 0
CPU-freq 350.0
CPU-0 2
CPU-1000 17
CPU-1001 0
CPU-1002 0
CPU-1010 0
CPU-1013 0
CPU-1014 0
CPU-1017 0
CPU-1019 0
CPU-1023 0
CPU-2000 0
CPU-10000 0
CPU-10005 0
CPU-10006 0
CPU-10010 0
CPU-10011 0
CPU-10012 0
CPU-10013 0
CPU-10016 0
CPU-10018 0
CPU-10029 0
CPU-10030 0
CPU-10037 12
CPU-10043 0
CPU-10044 14
3G 0
3G-on false
GPS 0
GPS-state-times 1.0 0.0 0.0
GPS-sattelites 0
Audio 0
Audio-on false
begin 75
total-power 930
LCD 900
LCD-brightness 255
LCD-screen-on true
LCD-10044 900
CPU 30
CPU-sys 8
CPU-usr 0
CPU-freq 350.0
CPU-0 21
CPU-1000 12
CPU-1001 0
CPU-1002 0
CPU-1010 0
CPU-1013 9
CPU-1014 0
CPU-1017 0
CPU-1019 0
CPU-1023 0
CPU-2000 0
CPU-10000 0
CPU-10005 0
CPU-10006 0
CPU-10010 0
CPU-10011 0
CPU-10012 0
CPU-10013 0
CPU-10016 2
CPU-10018 0
CPU-10029 0
CPU-10030 0
CPU-10037 7
CPU-10043 0
CPU-10044 12
3G 0
3G-on false
GPS 0
GPS-state-times 1.0 0.0 0.0
GPS-sattelites 0
Audio 0
Audio-on false
begin 76
total-power 943
LCD 900
LCD-brightness 255
LCD-screen-on true
LCD-10044 900
CPU 43
CPU-sys 11
CPU-usr 0
CPU-freq 350.0
CPU-0 12
CPU-1000 19
CPU-1001 0
CPU-1002 0
CPU-1010 0
CPU-1013 7
CPU-1014 0
CPU-1017 0
CPU-1019 0
CPU-1023 0
CPU-2000 0
CPU-10000 0
CPU-10005 0
CPU-10006 0
CPU-10010 0
CPU-10011 0
CPU-10012 0
CPU-10013 0
CPU-10016 2
CPU-10018 0
CPU-10029 0
CPU-10030 0
CPU-10037 4
CPU-10043 0
CPU-10044 31
3G 0
3G-on false
GPS 0
GPS-state-times 1.0 0.0 0.0
GPS-sattelites 0
Audio 0
Audio-on false
begin 77
total-power 924
LCD 900
LCD-brightness 255
LCD-screen-on true
LCD-10044 900
CPU 24
CPU-sys 6
CPU-usr 0
CPU-freq 350.0
CPU-0 12
CPU-1000 14
CPU-1001 0
CPU-1002 0
CPU-1010 0
CPU-1013 9
CPU-1014 0
CPU-1017 0
CPU-1019 0
CPU-1023 0
CPU-2000 0
CPU-10000 0
CPU-10005 0
CPU-10006 0
CPU-10010 0
CPU-10011 0
CPU-10012 0
CPU-10013 0
CPU-10016 0
CPU-10018 0
CPU-10029 0
CPU-10030 0
CPU-10037 7
CPU-10043 0
CPU-10044 21
3G 0
3G-on false
GPS 0
GPS-state-times 1.0 0.0 0.0
GPS-sattelites 0
Audio 0
Audio-on false
begin 78
total-power 928
LCD 900
LCD-brightness 255
LCD-screen-on true
LCD-10044 900
CPU 28
CPU-sys 7
CPU-usr 0
CPU-freq 350.0
CPU-0 7
CPU-1000 31
CPU-1001 0
CPU-1002 0
CPU-1010 0
CPU-1013 2
CPU-1014 0
CPU-1017 0
CPU-1019 0
CPU-1023 0
CPU-2000 0
CPU-10000 0
CPU-10005 0
CPU-10006 0
CPU-10010 0
CPU-10011 2
CPU-10012 0
CPU-10013 0
CPU-10016 0
CPU-10018 0
CPU-10029 0
CPU-10030 0
CPU-10037 4
CPU-10043 0
CPU-10044 26
3G 0
3G-on false
GPS 0
GPS-state-times 1.0 0.0 0.0
GPS-sattelites 0
Audio 0
Audio-on false
begin 79
total-power 906
LCD 900
LCD-brightness 255
LCD-screen-on true
LCD-10044 900
CPU 6
CPU-sys 2
CPU-usr 0
CPU-freq 350.0
CPU-0 0
CPU-1000 4
CPU-1001 0
CPU-1002 0
CPU-1010 0
CPU-1013 0
CPU-1014 0
CPU-1017 0
CPU-1019 0
CPU-1023 0
CPU-2000 0
CPU-10000 0
CPU-10005 0
CPU-10006 0
CPU-10010 0
CPU-10011 0
CPU-10012 0
CPU-10013 0
CPU-10016 0
CPU-10018 0
CPU-10029 0
CPU-10030 0
CPU-10037 4
CPU-10043 0
CPU-10044 0
3G 0
3G-on false
GPS 0
GPS-state-times 1.0 0.0 0.0
GPS-sattelites 0
Audio 0
Audio-on false
begin 80
total-power 906
meminfo 706092 373704 6112 178620
LCD 900
LCD-brightness 255
LCD-screen-on true
LCD-10044 900
CPU 6
CPU-sys 2
CPU-usr 0
CPU-freq 350.0
CPU-0 0
CPU-1000 7
CPU-1001 0
CPU-1002 0
CPU-1010 0
CPU-1013 0
CPU-1014 0
CPU-1017 0
CPU-1019 0
CPU-1023 0
CPU-2000 0
CPU-10000 0
CPU-10005 0
CPU-10006 0
CPU-10010 0
CPU-10011 0
CPU-10012 0
CPU-10013 0
CPU-10016 0
CPU-10018 0
CPU-10029 0
CPU-10030 0
CPU-10037 12
CPU-10043 0
CPU-10044 0
3G 0
3G-on false
GPS 0
GPS-state-times 1.0 0.0 0.0
GPS-sattelites 0
Audio 0
Audio-on false
begin 81
total-power 914
LCD 900
LCD-brightness 255
LCD-screen-on true
LCD-10044 900
CPU 14
CPU-sys 4
CPU-usr 0
CPU-freq 350.0
CPU-0 0
CPU-1000 2
CPU-1001 0
CPU-1002 0
CPU-1010 0
CPU-1013 0
CPU-1014 0
CPU-1017 0
CPU-1019 0
CPU-1023 0
CPU-2000 0
CPU-10000 0
CPU-10005 0
CPU-10006 0
CPU-10010 0
CPU-10011 0
CPU-10012 0
CPU-10013 0
CPU-10016 0
CPU-10018 0
CPU-10029 0
CPU-10030 0
CPU-10037 14
CPU-10043 0
CPU-10044 0
3G 0
3G-on false
GPS 0
GPS-state-times 1.0 0.0 0.0
GPS-sattelites 0
Audio 0
Audio-on false
begin 82
total-power 908
LCD 900
LCD-brightness 255
LCD-screen-on true
LCD-10044 900
CPU 8
CPU-sys 2
CPU-usr 0
CPU-freq 350.0
CPU-0 0
CPU-1000 2
CPU-1001 2
CPU-1002 0
CPU-1010 0
CPU-1013 0
CPU-1014 0
CPU-1017 0
CPU-1019 0
CPU-1023 0
CPU-2000 0
CPU-10000 0
CPU-10005 0
CPU-10006 0
CPU-10010 0
CPU-10011 0
CPU-10012 0
CPU-10013 0
CPU-10016 0
CPU-10018 7
CPU-10029 0
CPU-10030 0
CPU-10037 14
CPU-10043 0
CPU-10044 0
3G 0
3G-on false
GPS 0
GPS-state-times 1.0 0.0 0.0
GPS-sattelites 0
Audio 0
Audio-on false
begin 83
total-power 908
LCD 900
LCD-brightness 255
LCD-screen-on true
LCD-10044 900
CPU 8
CPU-sys 2
CPU-usr 0
CPU-freq 350.0
CPU-0 7
CPU-1000 4
CPU-1001 0
CPU-1002 0
CPU-1010 0
CPU-1013 0
CPU-1014 0
CPU-1017 0
CPU-1019 0
CPU-1023 0
CPU-2000 0
CPU-10000 0
CPU-10005 0
CPU-10006 0
CPU-10010 0
CPU-10011 0
CPU-10012 0
CPU-10013 0
CPU-10016 0
CPU-10018 0
CPU-10029 0
CPU-10030 0
CPU-10037 4
CPU-10043 0
CPU-10044 0
3G 0
3G-on false
GPS 0
GPS-state-times 1.0 0.0 0.0
GPS-sattelites 0
Audio 0
Audio-on false
begin 84
total-power 904
LCD 900
LCD-brightness 255
LCD-screen-on true
LCD-10044 900
CPU 4
CPU-sys 1
CPU-usr 0
CPU-freq 350.0
CPU-0 2
CPU-1000 4
CPU-1001 0
CPU-1002 0
CPU-1010 0
CPU-1013 0
CPU-1014 0
CPU-1017 0
CPU-1019 0
CPU-1023 0
CPU-2000 0
CPU-10000 0
CPU-10005 0
CPU-10006 0
CPU-10010 0
CPU-10011 0
CPU-10012 0
CPU-10013 0
CPU-10016 0
CPU-10018 2
CPU-10029 0
CPU-10030 0
CPU-10037 7
CPU-10043 0
CPU-10044 0
3G 0
3G-on false
GPS 0
GPS-state-times 1.0 0.0 0.0
GPS-sattelites 0
Audio 0
Audio-on false
begin 85
total-power 904
LCD 900
LCD-brightness 255
LCD-screen-on true
LCD-10044 900
CPU 4
CPU-sys 1
CPU-usr 0
CPU-freq 350.0
CPU-0 2
CPU-1000 0
CPU-1001 0
CPU-1002 0
CPU-1010 0
CPU-1013 0
CPU-1014 0
CPU-1017 0
CPU-1019 0
CPU-1023 0
CPU-2000 0
CPU-10000 0
CPU-10005 0
CPU-10006 0
CPU-10010 0
CPU-10011 0
CPU-10012 0
CPU-10013 0
CPU-10016 0
CPU-10018 2
CPU-10029 0
CPU-10030 0
CPU-10037 2
CPU-10043 0
CPU-10044 0
3G 0
3G-on false
GPS 0
GPS-state-times 1.0 0.0 0.0
GPS-sattelites 0
Audio 0
Audio-on false
begin 86
total-power 908
LCD 900
LCD-brightness 255
LCD-screen-on true
LCD-10044 900
CPU 8
CPU-sys 2
CPU-usr 0
CPU-freq 350.0
CPU-0 0
CPU-1000 9
CPU-1001 0
CPU-1002 0
CPU-1010 0
CPU-1013 0
CPU-1014 0
CPU-1017 0
CPU-1019 0
CPU-1023 0
CPU-2000 0
CPU-10000 0
CPU-10005 0
CPU-10006 0
CPU-10010 0
CPU-10011 0
CPU-10012 0
CPU-10013 0
CPU-10016 0
CPU-10018 0
CPU-10029 0
CPU-10030 0
CPU-10037 7
CPU-10043 0
CPU-10044 0
3G 0
3G-on false
GPS 0
GPS-state-times 1.0 0.0 0.0
GPS-sattelites 0
Audio 0
Audio-on false
begin 87
total-power 906
LCD 900
LCD-brightness 255
LCD-screen-on true
LCD-10044 900
CPU 6
CPU-sys 2
CPU-usr 0
CPU-freq 350.0
CPU-0 0
CPU-1000 7
CPU-1001 0
CPU-1002 0
CPU-1010 0
CPU-1013 0
CPU-1014 0
CPU-1017 0
CPU-1019 0
CPU-1023 0
CPU-2000 0
CPU-10000 0
CPU-10005 0
CPU-10006 0
CPU-10010 0
CPU-10011 0
CPU-10012 0
CPU-10013 0
CPU-10016 0
CPU-10018 0
CPU-10029 0
CPU-10030 0
CPU-10037 4
CPU-10043 0
CPU-10044 0
3G 0
3G-on false
GPS 0
GPS-state-times 1.0 0.0 0.0
GPS-sattelites 0
Audio 0
Audio-on false
begin 88
total-power 912
LCD 900
LCD-brightness 255
LCD-screen-on true
LCD-10044 900
CPU 12
CPU-sys 3
CPU-usr 0
CPU-freq 350.0
CPU-0 7
CPU-1000 4
CPU-1001 0
CPU-1002 0
CPU-1010 0
CPU-1013 0
CPU-1014 0
CPU-1017 0
CPU-1019 0
CPU-1023 0
CPU-2000 0
CPU-10000 0
CPU-10005 0
CPU-10006 0
CPU-10010 0
CPU-10011 0
CPU-10012 0
CPU-10013 0
CPU-10016 0
CPU-10018 0
CPU-10029 0
CPU-10030 0
CPU-10037 2
CPU-10043 0
CPU-10044 0
3G 0
3G-on false
GPS 0
GPS-state-times 1.0 0.0 0.0
GPS-sattelites 0
Audio 0
Audio-on false
begin 89
total-power 916
LCD 900
LCD-brightness 255
LCD-screen-on true
LCD-10044 900
CPU 16
CPU-sys 4
CPU-usr 0
CPU-freq 350.0
CPU-0 0
CPU-1000 7
CPU-1001 0
CPU-1002 0
CPU-1010 0
CPU-1013 0
CPU-1014 0
CPU-1017 0
CPU-1019 0
CPU-1023 0
CPU-2000 0
CPU-10000 0
CPU-10005 0
CPU-10006 0
CPU-10010 0
CPU-10011 0
CPU-10012 0
CPU-10013 0
CPU-10016 0
CPU-10018 0
CPU-10029 0
CPU-10030 0
CPU-10037 7
CPU-10043 0
CPU-10044 0
3G 0
3G-on false
GPS 0
GPS-state-times 1.0 0.0 0.0
GPS-sattelites 0
Audio 0
Audio-on false
begin 90
total-power 908
meminfo 706092 373688 6112 178624
LCD 900
LCD-brightness 255
LCD-screen-on true
LCD-10044 900
CPU 8
CPU-sys 2
CPU-usr 0
CPU-freq 350.0
CPU-0 7
CPU-1000 9
CPU-1001 0
CPU-1002 0
CPU-1010 0
CPU-1013 0
CPU-1014 0
CPU-1017 0
CPU-1019 0
CPU-1023 0
CPU-2000 0
CPU-10000 0
CPU-10005 0
CPU-10006 0
CPU-10010 0
CPU-10011 0
CPU-10012 0
CPU-10013 0
CPU-10016 0
CPU-10018 4
CPU-10029 0
CPU-10030 0
CPU-10037 12
CPU-10043 0
CPU-10044 0
3G 0
3G-on false
GPS 0
GPS-state-times 1.0 0.0 0.0
GPS-sattelites 0
Audio 0
Audio-on false
begin 91
total-power 924
LCD 900
LCD-brightness 255
LCD-screen-on true
LCD-10044 900
CPU 24
CPU-sys 6
CPU-usr 0
CPU-freq 350.0
CPU-0 4
CPU-1000 14
CPU-1001 2
CPU-1002 0
CPU-1010 0
CPU-1013 0
CPU-1014 0
CPU-1017 0
CPU-1019 0
CPU-1023 0
CPU-2000 0
CPU-10000 2
CPU-10005 0
CPU-10006 0
CPU-10010 0
CPU-10011 0
CPU-10012 0
CPU-10013 0
CPU-10016 0
CPU-10018 0
CPU-10029 0
CPU-10030 0
CPU-10037 9
CPU-10043 0
CPU-10044 0
3G 0
3G-on false
GPS 0
GPS-state-times 1.0 0.0 0.0
GPS-sattelites 0
Audio 0
Audio-on false
begin 92
total-power 934
LCD 900
LCD-brightness 255
LCD-screen-on true
LCD-10044 900
CPU 34
CPU-sys 8
CPU-usr 0
CPU-freq 350.0
CPU-0 9
CPU-1000 16
CPU-1001 0
CPU-1002 0
CPU-1010 0
CPU-1013 26
CPU-1014 0
CPU-1017 0
CPU-1019 0
CPU-1023 0
CPU-2000 0
CPU-10000 0
CPU-10005 0
CPU-10006 0
CPU-10010 0
CPU-10011 0
CPU-10012 0
CPU-10013 0
CPU-10016 0
CPU-10018 2
CPU-10029 0
CPU-10030 0
CPU-10037 2
CPU-10043 0
CPU-10044 48
3G 0
3G-on false
GPS 0
GPS-state-times 1.0 0.0 0.0
GPS-sattelites 0
Audio 0
Audio-on false
begin 93
total-power 941
LCD 900
LCD-brightness 255
LCD-screen-on true
LCD-10044 900
CPU 41
CPU-sys 10
CPU-usr 0
CPU-freq 350.0
CPU-0 4
CPU-1000 26
CPU-1001 0
CPU-1002 0
CPU-1010 0
CPU-1013 4
CPU-1014 0
CPU-1017 0
CPU-1019 0
CPU-1023 0
CPU-2000 0
CPU-10000 0
CPU-10005 0
CPU-10006 0
CPU-10010 0
CPU-10011 0
CPU-10012 0
CPU-10013 0
CPU-10016 0
CPU-10018 0
CPU-10029 0
CPU-10030 0
CPU-10037 7
CPU-10043 0
CPU-10044 24
3G 0
3G-on false
GPS 0
GPS-state-times 1.0 0.0 0.0
GPS-sattelites 0
Audio 0
Audio-on false
begin 94
total-power 910
LCD 900
LCD-brightness 255
LCD-screen-on true
LCD-10044 900
CPU 10
CPU-sys 3
CPU-usr 0
CPU-freq 350.0
CPU-0 0
CPU-1000 21
CPU-1001 0
CPU-1002 0
CPU-1010 0
CPU-1013 2
CPU-1014 0
CPU-1017 0
CPU-1019 0
CPU-1023 0
CPU-2000 0
CPU-10000 0
CPU-10005 0
CPU-10006 0
CPU-10010 0
CPU-10011 0
CPU-10012 0
CPU-10013 0
CPU-10016 0
CPU-10018 2
CPU-10029 0
CPU-10030 0
CPU-10037 2
CPU-10043 0
CPU-10044 4
3G 0
3G-on false
GPS 0
GPS-state-times 1.0 0.0 0.0
GPS-sattelites 0
Audio 0
Audio-on false
begin 95
total-power 1050
LCD 900
LCD-brightness 255
LCD-screen-on true
LCD-10044 900
CPU 150
CPU-sys 37
CPU-usr 0
CPU-freq 350.0
CPU-0 14
CPU-1000 90
CPU-1001 0
CPU-1002 0
CPU-1010 0
CPU-1013 2
CPU-1014 0
CPU-1017 0
CPU-1019 0
CPU-1023 0
CPU-2000 0
CPU-10000 0
CPU-10005 0
CPU-10006 0
CPU-10010 0
CPU-10011 0
CPU-10012 0
CPU-10013 0
CPU-10016 2
CPU-10018 2
CPU-10029 0
CPU-10030 0
CPU-10037 7
CPU-10043 0
CPU-10044 70
3G 0
3G-on false
GPS 0
GPS-state-times 1.0 0.0 0.0
GPS-sattelites 0
Audio 0
Audio-on false
begin 96
total-power 935
LCD 900
LCD-brightness 255
LCD-screen-on true
LCD-10044 900
CPU 35
CPU-sys 9
CPU-usr 0
CPU-freq 350.0
CPU-0 22
CPU-1000 71
CPU-1001 2
CPU-1002 0
CPU-1010 0
CPU-1013 0
CPU-1014 0
CPU-1017 0
CPU-1019 0
CPU-1023 0
CPU-2000 0
CPU-10000 0
CPU-10005 0
CPU-10006 0
CPU-10010 0
CPU-10011 0
CPU-10012 0
CPU-10013 0
CPU-10016 0
CPU-10018 0
CPU-10029 0
CPU-10030 0
CPU-10037 4
CPU-10043 0
CPU-10044 29
3G 0
3G-on false
GPS 0
GPS-state-times 1.0 0.0 0.0
GPS-sattelites 0
Audio 0
Audio-on false
begin 97
total-power 939
LCD 900
LCD-brightness 255
LCD-screen-on true
LCD-10044 900
CPU 39
CPU-sys 10
CPU-usr 0
CPU-freq 350.0
CPU-0 31
CPU-1000 46
CPU-1001 0
CPU-1002 0
CPU-1010 0
CPU-1013 2
CPU-1014 0
CPU-1017 0
CPU-1019 0
CPU-1023 0
CPU-2000 0
CPU-10000 0
CPU-10005 0
CPU-10006 0
CPU-10010 0
CPU-10011 0
CPU-10012 0
CPU-10013 0
CPU-10016 0
CPU-10018 0
CPU-10029 0
CPU-10030 0
CPU-10037 4
CPU-10043 0
CPU-10044 2
3G 0
3G-on false
GPS 0
GPS-state-times 1.0 0.0 0.0
GPS-sattelites 0
Audio 0
Audio-on false
begin 98
total-power 945
LCD 900
LCD-brightness 255
LCD-screen-on true
LCD-10044 900
CPU 45
CPU-sys 11
CPU-usr 0
CPU-freq 350.0
CPU-0 24
CPU-1000 72
CPU-1001 0
CPU-1002 0
CPU-1010 0
CPU-1013 0
CPU-1014 0
CPU-1017 0
CPU-1019 0
CPU-1023 0
CPU-2000 0
CPU-10000 0
CPU-10005 0
CPU-10006 0
CPU-10010 0
CPU-10011 0
CPU-10012 0
CPU-10013 0
CPU-10016 0
CPU-10018 0
CPU-10029 0
CPU-10030 0
CPU-10037 7
CPU-10043 0
CPU-10044 0
3G 0
3G-on false
GPS 0
GPS-state-times 1.0 0.0 0.0
GPS-sattelites 0
Audio 0
Audio-on false
begin 99
total-power 908
LCD 900
LCD-brightness 255
LCD-screen-on true
LCD-10044 900
CPU 8
CPU-sys 2
CPU-usr 0
CPU-freq 350.0
CPU-0 0
CPU-1000 4
CPU-1001 0
CPU-1002 0
CPU-1010 0
CPU-1013 0
CPU-1014 0
CPU-1017 0
CPU-1019 0
CPU-1023 0
CPU-2000 0
CPU-10000 0
CPU-10005 0
CPU-10006 0
CPU-10010 0
CPU-10011 0
CPU-10012 0
CPU-10013 0
CPU-10016 0
CPU-10018 0
CPU-10029 0
CPU-10030 0
CPU-10037 9
CPU-10043 0
CPU-10044 0
3G 0
3G-on false
GPS 0
GPS-state-times 1.0 0.0 0.0
GPS-sattelites 0
Audio 0
Audio-on false
begin 100
total-power 910
meminfo 706092 372376 6112 178632
LCD 900
LCD-brightness 255
LCD-screen-on true
LCD-10044 900
CPU 10
CPU-sys 3
CPU-usr 0
CPU-freq 350.0
CPU-0 2
CPU-1000 14
CPU-1001 0
CPU-1002 0
CPU-1010 0
CPU-1013 0
CPU-1014 0
CPU-1017 0
CPU-1019 0
CPU-1023 0
CPU-2000 0
CPU-10000 0
CPU-10005 0
CPU-10006 0
CPU-10010 0
CPU-10011 0
CPU-10012 0
CPU-10013 0
CPU-10016 0
CPU-10018 4
CPU-10029 0
CPU-10030 0
CPU-10037 7
CPU-10043 0
CPU-10044 0
3G 0
3G-on false
GPS 0
GPS-state-times 1.0 0.0 0.0
GPS-sattelites 0
Audio 0
Audio-on false
begin 101
total-power 947
LCD 900
LCD-brightness 255
LCD-screen-on true
LCD-10044 900
CPU 47
CPU-sys 12
CPU-usr 0
CPU-freq 350.0
CPU-0 2
CPU-1000 4
CPU-1001 2
CPU-1002 0
CPU-1010 0
CPU-1013 0
CPU-1014 0
CPU-1017 0
CPU-1019 0
CPU-1023 0
CPU-2000 0
CPU-10000 0
CPU-10005 0
CPU-10006 0
CPU-10010 0
CPU-10011 0
CPU-10012 0
CPU-10013 0
CPU-10016 0
CPU-10018 0
CPU-10029 0
CPU-10030 0
CPU-10037 19
CPU-10043 0
CPU-10044 0
3G 0
3G-on false
GPS 0
GPS-state-times 1.0 0.0 0.0
GPS-sattelites 0
Audio 0
Audio-on false
begin 102
total-power 912
LCD 900
LCD-brightness 255
LCD-screen-on true
LCD-10044 900
CPU 12
CPU-sys 3
CPU-usr 0
CPU-freq 350.0
CPU-0 2
CPU-1000 4
CPU-1001 0
CPU-1002 0
CPU-1010 0
CPU-1013 22
CPU-1014 0
CPU-1017 0
CPU-1019 0
CPU-1023 0
CPU-2000 0
CPU-10000 0
CPU-10005 0
CPU-10006 0
CPU-10010 0
CPU-10011 0
CPU-10012 0
CPU-10013 0
CPU-10016 0
CPU-10018 2
CPU-10029 0
CPU-10030 0
CPU-10037 2
CPU-10043 0
CPU-10044 24
3G 0
3G-on false
GPS 0
GPS-state-times 1.0 0.0 0.0
GPS-sattelites 0
Audio 0
Audio-on false
begin 103
total-power 941
LCD 900
LCD-brightness 255
LCD-screen-on true
LCD-10044 900
CPU 41
CPU-sys 10
CPU-usr 0
CPU-freq 350.0
CPU-0 24
CPU-1000 60
CPU-1001 0
CPU-1002 0
CPU-1010 0
CPU-1013 7
CPU-1014 0
CPU-1017 0
CPU-1019 0
CPU-1023 0
CPU-2000 0
CPU-10000 0
CPU-10005 0
CPU-10006 0
CPU-10010 0
CPU-10011 0
CPU-10012 0
CPU-10013 0
CPU-10016 0
CPU-10018 0
CPU-10029 0
CPU-10030 0
CPU-10037 4
CPU-10043 0
CPU-10044 12
3G 0
3G-on false
GPS 0
GPS-state-times 1.0 0.0 0.0
GPS-sattelites 0
Audio 0
Audio-on false
begin 104
total-power 1019
LCD 900
LCD-brightness 255
LCD-screen-on true
LCD-10044 900
CPU 119
CPU-sys 28
CPU-usr 0
CPU-freq 700.0
CPU-0 136
CPU-1000 58
CPU-1001 0
CPU-1002 0
CPU-1010 0
CPU-1013 0
CPU-1014 0
CPU-1017 0
CPU-1019 0
CPU-1023 0
CPU-2000 0
CPU-10000 0
CPU-10005 0
CPU-10006 0
CPU-10010 0
CPU-10011 0
CPU-10012 0
CPU-10013 0
CPU-10016 0
CPU-10018 0
CPU-10029 0
CPU-10030 0
CPU-10037 9
CPU-10043 0
CPU-10044 257
3G 0
3G-on false
GPS 0
GPS-state-times 1.0 0.0 0.0
GPS-sattelites 0
Audio 0
Audio-on false
begin 105
total-power 1016
LCD 900
LCD-brightness 255
LCD-screen-on true
LCD-10044 900
CPU 116
CPU-sys 26
CPU-usr 1
CPU-freq 1200.0
CPU-0 174
CPU-1000 99
CPU-1001 0
CPU-1002 0
CPU-1010 0
CPU-1013 8
CPU-1014 0
CPU-1017 0
CPU-1019 0
CPU-1023 0
CPU-2000 0
CPU-10000 0
CPU-10005 0
CPU-10006 0
CPU-10010 0
CPU-10011 0
CPU-10012 0
CPU-10013 0
CPU-10016 0
CPU-10018 0
CPU-10029 0
CPU-10030 0
CPU-10037 8
CPU-10043 0
CPU-10044 310
3G 0
3G-on false
GPS 0
GPS-state-times 1.0 0.0 0.0
GPS-sattelites 0
Audio 0
Audio-on false
begin 106
total-power 1035
LCD 900
LCD-brightness 255
LCD-screen-on true
LCD-10044 900
CPU 135
CPU-sys 31
CPU-usr 1
CPU-freq 700.0
CPU-0 112
CPU-1000 53
CPU-1001 0
CPU-1002 0
CPU-1010 0
CPU-1013 0
CPU-1014 0
CPU-1017 0
CPU-1019 0
CPU-1023 117
CPU-2000 0
CPU-10000 0
CPU-10005 0
CPU-10006 0
CPU-10010 0
CPU-10011 0
CPU-10012 0
CPU-10013 0
CPU-10016 0
CPU-10018 0
CPU-10029 0
CPU-10030 0
CPU-10037 0
CPU-10043 0
CPU-10044 225
3G 0
3G-on false
GPS 0
GPS-state-times 1.0 0.0 0.0
GPS-sattelites 0
Audio 0
Audio-on false
begin 107
total-power 1044
LCD 900
LCD-brightness 255
LCD-screen-on true
LCD-10044 900
CPU 144
CPU-sys 18
CPU-usr 16
CPU-freq 1200.0
CPU-0 274
CPU-1000 92
CPU-1001 0
CPU-1002 0
CPU-1010 0
CPU-1013 0
CPU-1014 0
CPU-1017 0
CPU-1019 0
CPU-1023 59
CPU-2000 0
CPU-10000 0
CPU-10005 0
CPU-10006 0
CPU-10010 0
CPU-10011 0
CPU-10012 0
CPU-10013 0
CPU-10016 0
CPU-10018 0
CPU-10029 0
CPU-10030 0
CPU-10037 0
CPU-10043 0
CPU-10044 267
3G 0
3G-on false
GPS 0
GPS-state-times 1.0 0.0 0.0
GPS-sattelites 0
Audio 0
Audio-on false
begin 108
total-power 1101
LCD 900
LCD-brightness 255
LCD-screen-on true
LCD-10044 900
CPU 201
CPU-sys 0
CPU-usr 49
CPU-freq 350.0
CPU-0 48
CPU-1000 0
CPU-1001 0
CPU-1002 0
CPU-1010 0
CPU-1013 0
CPU-1014 0
CPU-1017 0
CPU-1019 0
CPU-1023 0
CPU-2000 0
CPU-10000 0
CPU-10005 0
CPU-10006 0
CPU-10010 0
CPU-10011 0
CPU-10012 0
CPU-10013 0
CPU-10016 0
CPU-10018 0
CPU-10029 0
CPU-10030 0
CPU-10037 0
CPU-10043 0
CPU-10044 0
3G 0
3G-on false
GPS 0
GPS-state-times 1.0 0.0 0.0
GPS-sattelites 0
Audio 0
Audio-on false
begin 109
total-power 1085
LCD 900
LCD-brightness 255
LCD-screen-on true
LCD-10044 900
CPU 185
CPU-sys 27
CPU-usr 16
CPU-freq 1200.0
CPU-0 211
CPU-1000 75
CPU-1001 0
CPU-1002 0
CPU-1010 0
CPU-1013 0
CPU-1014 0
CPU-1017 0
CPU-1019 0
CPU-1023 67
CPU-2000 0
CPU-10000 0
CPU-10005 0
CPU-10006 0
CPU-10010 0
CPU-10011 0
CPU-10012 0
CPU-10013 0
CPU-10016 0
CPU-10018 0
CPU-10029 0
CPU-10030 0
CPU-10037 0
CPU-10043 0
CPU-10044 300
3G 0
3G-on false
GPS 0
GPS-state-times 1.0 0.0 0.0
GPS-sattelites 0
Audio 0
Audio-on false
begin 110
total-power 1000
meminfo 706092 351476 6168 198016
LCD 900
LCD-brightness 255
LCD-screen-on true
LCD-10044 900
CPU 100
CPU-sys 23
CPU-usr 1
CPU-freq 1200.0
CPU-0 225
CPU-1000 92
CPU-1001 8
CPU-1002 0
CPU-1010 0
CPU-1013 0
CPU-1014 0
CPU-1017 0
CPU-1019 0
CPU-1023 75
CPU-2000 0
CPU-10000 0
CPU-10005 0
CPU-10006 0
CPU-10010 0
CPU-10011 0
CPU-10012 0
CPU-10013 0
CPU-10016 0
CPU-10018 0
CPU-10029 0
CPU-10030 0
CPU-10037 58
CPU-10043 0
CPU-10044 313
3G 0
3G-on false
GPS 0
GPS-state-times 1.0 0.0 0.0
GPS-sattelites 0
Audio 0
Audio-on false
begin 111
total-power 1087
LCD 900
LCD-brightness 255
LCD-screen-on true
LCD-10044 900
CPU 187
CPU-sys 10
CPU-usr 36
CPU-freq 350.0
CPU-0 73
CPU-1000 7
CPU-1001 0
CPU-1002 0
CPU-1010 0
CPU-1013 0
CPU-1014 0
CPU-1017 0
CPU-1019 0
CPU-1023 4
CPU-2000 0
CPU-10000 0
CPU-10005 0
CPU-10006 0
CPU-10010 0
CPU-10011 0
CPU-10012 0
CPU-10013 0
CPU-10016 0
CPU-10018 4
CPU-10029 0
CPU-10030 0
CPU-10037 4
CPU-10043 0
CPU-10044 34
3G 0
3G-on false
GPS 0
GPS-state-times 1.0 0.0 0.0
GPS-sattelites 0
Audio 0
Audio-on false
begin 112
total-power 1107
LCD 900
LCD-brightness 255
LCD-screen-on true
LCD-10044 900
CPU 207
CPU-sys 2
CPU-usr 49
CPU-freq 350.0
CPU-0 7
CPU-1000 4
CPU-1001 0
CPU-1002 0
CPU-1010 0
CPU-1013 0
CPU-1014 0
CPU-1017 0
CPU-1019 0
CPU-1023 0
CPU-2000 0
CPU-10000 0
CPU-10005 0
CPU-10006 0
CPU-10010 0
CPU-10011 0
CPU-10012 0
CPU-10013 0
CPU-10016 0
CPU-10018 0
CPU-10029 0
CPU-10030 0
CPU-10037 4
CPU-10043 0
CPU-10044 2
3G 0
3G-on false
GPS 0
GPS-state-times 1.0 0.0 0.0
GPS-sattelites 0
Audio 0
Audio-on false
begin 113
total-power 1028
LCD 900
LCD-brightness 255
LCD-screen-on true
LCD-10044 900
CPU 128
CPU-sys 30
CPU-usr 0
CPU-freq 1200.0
CPU-0 235
CPU-1000 109
CPU-1001 0
CPU-1002 0
CPU-1010 0
CPU-1013 0
CPU-1014 0
CPU-1017 0
CPU-1019 0
CPU-1023 117
CPU-2000 0
CPU-10000 0
CPU-10005 0
CPU-10006 0
CPU-10010 0
CPU-10011 0
CPU-10012 0
CPU-10013 0
CPU-10016 0
CPU-10018 8
CPU-10029 0
CPU-10030 0
CPU-10037 8
CPU-10043 0
CPU-10044 368
3G 0
3G-on false
GPS 0
GPS-state-times 1.0 0.0 0.0
GPS-sattelites 0
Audio 0
Audio-on false
begin 114
total-power 1018
LCD 900
LCD-brightness 255
LCD-screen-on true
LCD-10044 900
CPU 118
CPU-sys 21
CPU-usr 6
CPU-freq 1200.0
CPU-0 209
CPU-1000 74
CPU-1001 0
CPU-1002 0
CPU-1010 0
CPU-1013 8
CPU-1014 0
CPU-1017 0
CPU-1019 0
CPU-1023 74
CPU-2000 0
CPU-10000 0
CPU-10005 0
CPU-10006 0
CPU-10010 0
CPU-10011 0
CPU-10012 0
CPU-10013 0
CPU-10016 0
CPU-10018 0
CPU-10029 0
CPU-10030 0
CPU-10037 8
CPU-10043 0
CPU-10044 317
3G 0
3G-on false
GPS 0
GPS-state-times 1.0 0.0 0.0
GPS-sattelites 0
Audio 0
Audio-on false
begin 115
total-power 1042
LCD 900
LCD-brightness 255
LCD-screen-on true
LCD-10044 900
CPU 142
CPU-sys 13
CPU-usr 22
CPU-freq 350.0
CPU-0 93
CPU-1000 14
CPU-1001 0
CPU-1002 0
CPU-1010 0
CPU-1013 0
CPU-1014 0
CPU-1017 0
CPU-1019 0
CPU-1023 12
CPU-2000 0
CPU-10000 0
CPU-10005 0
CPU-10006 0
CPU-10010 0
CPU-10011 0
CPU-10012 0
CPU-10013 0
CPU-10016 0
CPU-10018 0
CPU-10029 0
CPU-10030 0
CPU-10037 4
CPU-10043 0
CPU-10044 68
3G 0
3G-on false
GPS 0
GPS-state-times 1.0 0.0 0.0
GPS-sattelites 0
Audio 0
Audio-on false
begin 116
total-power 995
LCD 900
LCD-brightness 255
LCD-screen-on true
LCD-10044 900
CPU 95
CPU-sys 19
CPU-usr 4
CPU-freq 1200.0
CPU-0 211
CPU-1000 67
CPU-1001 0
CPU-1002 0
CPU-1010 0
CPU-1013 0
CPU-1014 0
CPU-1017 0
CPU-1019 0
CPU-1023 83
CPU-2000 0
CPU-10000 0
CPU-10005 0
CPU-10006 0
CPU-10010 0
CPU-10011 0
CPU-10012 0
CPU-10013 0
CPU-10016 0
CPU-10018 0
CPU-10029 0
CPU-10030 0
CPU-10037 16
CPU-10043 0
CPU-10044 259
3G 0
3G-on false
GPS 0
GPS-state-times 1.0 0.0 0.0
GPS-sattelites 0
Audio 0
Audio-on false
begin 117
total-power 989
LCD 900
LCD-brightness 255
LCD-screen-on true
LCD-10044 900
CPU 89
CPU-sys 21
CPU-usr 0
CPU-freq 1200.0
CPU-0 245
CPU-1000 58
CPU-1001 0
CPU-1002 0
CPU-1010 0
CPU-1013 0
CPU-1014 0
CPU-1017 0
CPU-1019 0
CPU-1023 75
CPU-2000 0
CPU-10000 0
CPU-10005 0
CPU-10006 0
CPU-10010 0
CPU-10011 0
CPU-10012 0
CPU-10013 0
CPU-10016 0
CPU-10018 0
CPU-10029 0
CPU-10030 0
CPU-10037 8
CPU-10043 0
CPU-10044 327
3G 0
3G-on false
GPS 0
GPS-state-times 1.0 0.0 0.0
GPS-sattelites 0
Audio 0
Audio-on false
begin 118
total-power 1024
LCD 900
LCD-brightness 255
LCD-screen-on true
LCD-10044 900
CPU 124
CPU-sys 11
CPU-usr 18
CPU-freq 1200.0
CPU-0 232
CPU-1000 58
CPU-1001 0
CPU-1002 0
CPU-1010 0
CPU-1013 0
CPU-1014 0
CPU-1017 0
CPU-1019 0
CPU-1023 33
CPU-2000 0
CPU-10000 0
CPU-10005 0
CPU-10006 0
CPU-10010 0
CPU-10011 0
CPU-10012 0
CPU-10013 0
CPU-10016 0
CPU-10018 8
CPU-10029 0
CPU-10030 0
CPU-10037 8
CPU-10043 0
CPU-10044 184
3G 0
3G-on false
GPS 0
GPS-state-times 1.0 0.0 0.0
GPS-sattelites 0
Audio 0
Audio-on false
begin 119
total-power 1082
LCD 900
LCD-brightness 255
LCD-screen-on true
LCD-10044 900
CPU 182
CPU-sys 24
CPU-usr 19
CPU-freq 1200.0
CPU-0 210
CPU-1000 58
CPU-1001 0
CPU-1002 0
CPU-1010 0
CPU-1013 0
CPU-1014 0
CPU-1017 0
CPU-1019 0
CPU-1023 100
CPU-2000 0
CPU-10000 0
CPU-10005 0
CPU-10006 0
CPU-10010 0
CPU-10011 0
CPU-10012 0
CPU-10013 0
CPU-10016 0
CPU-10018 8
CPU-10029 0
CPU-10030 0
CPU-10037 16
CPU-10043 0
CPU-10044 319
3G 0
3G-on false
GPS 0
GPS-state-times 1.0 0.0 0.0
GPS-sattelites 0
Audio 0
Audio-on false
begin 120
total-power 978
meminfo 706092 346160 6192 204180
LCD 900
LCD-brightness 255
LCD-screen-on true
LCD-10044 900
CPU 78
CPU-sys 18
CPU-usr 0
CPU-freq 1200.0
CPU-0 204
CPU-1000 67
CPU-1001 0
CPU-1002 0
CPU-1010 0
CPU-1013 0
CPU-1014 0
CPU-1017 0
CPU-1019 0
CPU-1023 67
CPU-2000 0
CPU-10000 0
CPU-10005 0
CPU-10006 0
CPU-10010 0
CPU-10011 0
CPU-10012 0
CPU-10013 0
CPU-10016 0
CPU-10018 0
CPU-10029 0
CPU-10030 0
CPU-10037 0
CPU-10043 0
CPU-10044 307
3G 0
3G-on false
GPS 0
GPS-state-times 1.0 0.0 0.0
GPS-sattelites 0
Audio 0
Audio-on false
begin 121
total-power 1070
LCD 900
LCD-brightness 255
LCD-screen-on true
LCD-10044 900
CPU 170
CPU-sys 27
CPU-usr 13
CPU-freq 700.0
CPU-0 93
CPU-1000 146
CPU-1001 0
CPU-1002 0
CPU-1010 0
CPU-1013 0
CPU-1014 0
CPU-1017 0
CPU-1019 0
CPU-1023 19
CPU-2000 0
CPU-10000 0
CPU-10005 0
CPU-10006 0
CPU-10010 0
CPU-10011 0
CPU-10012 0
CPU-10013 0
CPU-10016 0
CPU-10018 0
CPU-10029 0
CPU-10030 0
CPU-10037 14
CPU-10043 0
CPU-10044 137
3G 0
3G-on false
GPS 0
GPS-state-times 1.0 0.0 0.0
GPS-sattelites 0
Audio 0
Audio-on false
begin 122
total-power 945
LCD 900
LCD-brightness 255
LCD-screen-on true
LCD-10044 900
CPU 45
CPU-sys 3
CPU-usr 8
CPU-freq 350.0
CPU-0 17
CPU-1000 17
CPU-1001 0
CPU-1002 0
CPU-1010 0
CPU-1013 0
CPU-1014 0
CPU-1017 0
CPU-1019 0
CPU-1023 0
CPU-2000 0
CPU-10000 0
CPU-10005 0
CPU-10006 0
CPU-10010 0
CPU-10011 0
CPU-10012 0
CPU-10013 0
CPU-10016 0
CPU-10018 0
CPU-10029 0
CPU-10030 0
CPU-10037 7
CPU-10043 0
CPU-10044 9
3G 0
3G-on false
GPS 0
GPS-state-times 1.0 0.0 0.0
GPS-sattelites 0
Audio 0
Audio-on false
begin 123
total-power 906
LCD 900
LCD-brightness 255
LCD-screen-on true
LCD-10044 900
CPU 6
CPU-sys 1
CPU-usr 0
CPU-freq 350.0
CPU-0 2
CPU-1000 4
CPU-1001 0
CPU-1002 0
CPU-1010 0
CPU-1013 46
CPU-1014 0
CPU-1017 0
CPU-1019 0
CPU-1023 0
CPU-2000 0
CPU-10000 0
CPU-10005 0
CPU-10006 0
CPU-10010 0
CPU-10011 2
CPU-10012 0
CPU-10013 0
CPU-10016 0
CPU-10018 0
CPU-10029 0
CPU-10030 0
CPU-10037 4
CPU-10043 0
CPU-10044 0
3G 0
3G-on false
GPS 0
GPS-state-times 1.0 0.0 0.0
GPS-sattelites 0
Audio 0
Audio-on false
begin 124
total-power 978
LCD 900
LCD-brightness 255
LCD-screen-on true
LCD-10044 900
CPU 78
CPU-sys 19
CPU-usr 0
CPU-freq 350.0
CPU-0 7
CPU-1000 88
CPU-1001 0
CPU-1002 0
CPU-1010 0
CPU-1013 14
CPU-1014 0
CPU-1017 0
CPU-1019 0
CPU-1023 0
CPU-2000 0
CPU-10000 0
CPU-10005 0
CPU-10006 0
CPU-10010 0
CPU-10011 0
CPU-10012 0
CPU-10013 0
CPU-10016 0
CPU-10018 2
CPU-10029 0
CPU-10030 0
CPU-10037 7
CPU-10043 0
CPU-10044 51
3G 0
3G-on false
GPS 0
GPS-state-times 1.0 0.0 0.0
GPS-sattelites 0
Audio 0
Audio-on false
begin 125
total-power 916
LCD 900
LCD-brightness 255
LCD-screen-on true
LCD-10044 900
CPU 16
CPU-sys 4
CPU-usr 0
CPU-freq 350.0
CPU-0 7
CPU-1000 12
CPU-1001 0
CPU-1002 0
CPU-1010 0
CPU-1013 2
CPU-1014 0
CPU-1017 0
CPU-1019 0
CPU-1023 0
CPU-2000 0
CPU-10000 0
CPU-10005 0
CPU-10006 0
CPU-10010 0
CPU-10011 0
CPU-10012 0
CPU-10013 0
CPU-10016 0
CPU-10018 2
CPU-10029 0
CPU-10030 0
CPU-10037 0
CPU-10043 0
CPU-10044 2
3G 0
3G-on false
GPS 0
GPS-state-times 1.0 0.0 0.0
GPS-sattelites 0
Audio 0
Audio-on false
begin 126
total-power 904
LCD 900
LCD-brightness 255
LCD-screen-on true
LCD-10044 900
CPU 4
CPU-sys 1
CPU-usr 0
CPU-freq 350.0
CPU-0 21
CPU-1000 17
CPU-1001 0
CPU-1002 0
CPU-1010 0
CPU-1013 2
CPU-1014 0
CPU-1017 0
CPU-1019 0
CPU-1023 0
CPU-2000 0
CPU-10000 0
CPU-10005 0
CPU-10006 0
CPU-10010 0
CPU-10011 0
CPU-10012 0
CPU-10013 0
CPU-10016 0
CPU-10018 0
CPU-10029 0
CPU-10030 0
CPU-10037 14
CPU-10043 0
CPU-10044 0
3G 0
3G-on false
GPS 0
GPS-state-times 1.0 0.0 0.0
GPS-sattelites 0
Audio 0
Audio-on false
begin 127
total-power 906
LCD 900
LCD-brightness 255
LCD-screen-on true
LCD-10044 900
CPU 6
CPU-sys 2
CPU-usr 0
CPU-freq 350.0
CPU-0 2
CPU-1000 2
CPU-1001 0
CPU-1002 0
CPU-1010 0
CPU-1013 2
CPU-1014 0
CPU-1017 0
CPU-1019 0
CPU-1023 0
CPU-2000 0
CPU-10000 0
CPU-10005 0
CPU-10006 0
CPU-10010 0
CPU-10011 0
CPU-10012 0
CPU-10013 0
CPU-10016 0
CPU-10018 2
CPU-10029 0
CPU-10030 0
CPU-10037 4
CPU-10043 0
CPU-10044 0
3G 0
3G-on false
GPS 0
GPS-state-times 1.0 0.0 0.0
GPS-sattelites 0
Audio 0
Audio-on false
begin 128
total-power 930
LCD 900
LCD-brightness 255
LCD-screen-on true
LCD-10018 900
CPU 30
CPU-sys 8
CPU-usr 0
CPU-freq 350.0
CPU-0 2
CPU-1000 21
CPU-1001 0
CPU-1002 0
CPU-1010 0
CPU-1013 0
CPU-1014 0
CPU-1017 0
CPU-1019 0
CPU-1023 0
CPU-2000 0
CPU-10000 0
CPU-10005 0
CPU-10006 0
CPU-10010 0
CPU-10011 0
CPU-10012 0
CPU-10013 0
CPU-10016 0
CPU-10018 12
CPU-10029 0
CPU-10030 0
CPU-10037 7
CPU-10043 0
CPU-10044 0
3G 0
3G-on false
GPS 0
GPS-state-times 1.0 0.0 0.0
GPS-sattelites 0
Audio 0
Audio-on false
begin 129
total-power 1015
LCD 900
LCD-brightness 255
LCD-screen-on true
LCD-10018 900
CPU 115
CPU-sys 28
CPU-usr 0
CPU-freq 350.0
CPU-0 2
CPU-1000 44
CPU-1001 0
CPU-1002 0
CPU-1010 0
CPU-1013 9
CPU-1014 0
CPU-1017 0
CPU-1019 0
CPU-1023 0
CPU-2000 0
CPU-10000 0
CPU-10005 0
CPU-10006 0
CPU-10010 0
CPU-10011 0
CPU-10012 0
CPU-10013 0
CPU-10016 0
CPU-10018 107
CPU-10029 0
CPU-10030 17
CPU-10037 2
CPU-10043 0
CPU-10044 0
3G 0
3G-on false
GPS 0
GPS-state-times 1.0 0.0 0.0
GPS-sattelites 0
Audio 0
Audio-on false
begin 130
total-power 1017
meminfo 706092 337552 6204 204180
LCD 900
LCD-brightness 255
LCD-screen-on true
LCD-10018 900
CPU 117
CPU-sys 29
CPU-usr 0
CPU-freq 350.0
CPU-0 14
CPU-1000 19
CPU-1001 0
CPU-1002 0
CPU-1010 0
CPU-1013 9
CPU-1014 0
CPU-1017 0
CPU-1019 0
CPU-1023 2
CPU-2000 0
CPU-10000 0
CPU-10005 0
CPU-10006 0
CPU-10010 0
CPU-10011 0
CPU-10012 0
CPU-10013 0
CPU-10016 0
CPU-10018 51
CPU-10029 0
CPU-10030 65
CPU-10037 7
CPU-10043 0
CPU-10044 7
3G 0
3G-on false
GPS 0
GPS-state-times 1.0 0.0 0.0
GPS-sattelites 0
Audio 0
Audio-on false
begin 131
total-power 988
LCD 900
LCD-brightness 255
LCD-screen-on true
LCD-10018 900
CPU 88
CPU-sys 21
CPU-usr 0
CPU-freq 350.0
CPU-0 14
CPU-1000 19
CPU-1001 0
CPU-1002 0
CPU-1010 0
CPU-1013 26
CPU-1014 0
CPU-1017 0
CPU-1019 0
CPU-1023 0
CPU-2000 0
CPU-10000 0
CPU-10005 0
CPU-10006 0
CPU-10010 0
CPU-10011 0
CPU-10012 0
CPU-10013 0
CPU-10016 0
CPU-10018 14
CPU-10029 0
CPU-10030 82
CPU-10037 4
CPU-10043 0
CPU-10044 0
3G 0
3G-on false
GPS 0
GPS-state-times 1.0 0.0 0.0
GPS-sattelites 0
Audio 0
Audio-on false
begin 132
total-power 1022
LCD 900
LCD-brightness 255
LCD-screen-on true
LCD-10018 900
CPU 122
CPU-sys 30
CPU-usr 0
CPU-freq 350.0
CPU-0 12
CPU-1000 14
CPU-1001 0
CPU-1002 0
CPU-1010 0
CPU-1013 17
CPU-1014 0
CPU-1017 0
CPU-1019 0
CPU-1023 0
CPU-2000 0
CPU-10000 0
CPU-10005 0
CPU-10006 0
CPU-10010 0
CPU-10011 0
CPU-10012 0
CPU-10013 0
CPU-10016 0
CPU-10018 54
CPU-10029 0
CPU-10030 76
CPU-10037 9
CPU-10043 0
CPU-10044 0
3G 0
3G-on false
GPS 0
GPS-state-times 1.0 0.0 0.0
GPS-sattelites 0
Audio 0
Audio-on false
begin 133
total-power 1061
LCD 900
LCD-brightness 255
LCD-screen-on true
LCD-10018 900
CPU 161
CPU-sys 36
CPU-usr 1
CPU-freq 1200.0
CPU-0 24
CPU-1000 49
CPU-1001 0
CPU-1002 0
CPU-1010 0
CPU-1013 41
CPU-1014 0
CPU-1017 0
CPU-1019 0
CPU-1023 0
CPU-2000 0
CPU-10000 0
CPU-10005 0
CPU-10006 0
CPU-10010 0
CPU-10011 0
CPU-10012 0
CPU-10013 0
CPU-10016 16
CPU-10018 174
CPU-10029 0
CPU-10030 324
CPU-10037 0
CPU-10043 0
CPU-10044 0
3G 0
3G-on false
GPS 0
GPS-state-times 1.0 0.0 0.0
GPS-sattelites 0
Audio 0
Audio-on false
begin 134
total-power 1073
LCD 900
LCD-brightness 255
LCD-screen-on true
LCD-10018 900
CPU 173
CPU-sys 31
CPU-usr 9
CPU-freq 700.0
CPU-0 24
CPU-1000 24
CPU-1001 0
CPU-1002 0
CPU-1010 0
CPU-1013 24
CPU-1014 0
CPU-1017 0
CPU-1019 0
CPU-1023 0
CPU-2000 0
CPU-10000 0
CPU-10005 0
CPU-10006 0
CPU-10010 0
CPU-10011 0
CPU-10012 0
CPU-10013 0
CPU-10016 4
CPU-10018 97
CPU-10029 0
CPU-10030 185
CPU-10037 4
CPU-10043 0
CPU-10044 0
3G 0
3G-on false
GPS 0
GPS-state-times 1.0 0.0 0.0
GPS-sattelites 0
Audio 0
Audio-on false
begin 135
total-power 1071
LCD 900
LCD-brightness 255
LCD-screen-on true
LCD-10018 900
CPU 171
CPU-sys 38
CPU-usr 2
CPU-freq 700.0
CPU-0 34
CPU-1000 131
CPU-1001 9
CPU-1002 0
CPU-1010 0
CPU-1013 29
CPU-1014 0
CPU-1017 0
CPU-1019 0
CPU-1023 0
CPU-2000 0
CPU-10000 0
CPU-10005 0
CPU-10006 0
CPU-10010 0
CPU-10011 0
CPU-10012 0
CPU-10013 0
CPU-10016 9
CPU-10018 92
CPU-10029 0
CPU-10030 155
CPU-10037 9
CPU-10043 0
CPU-10044 0
3G 0
3G-on false
GPS 0
GPS-state-times 1.0 0.0 0.0
GPS-sattelites 0
Audio 0
Audio-on false
begin 136
total-power 1067
LCD 900
LCD-brightness 255
LCD-screen-on true
LCD-10018 900
CPU 167
CPU-sys 33
CPU-usr 6
CPU-freq 1200.0
CPU-0 50
CPU-1000 83
CPU-1001 0
CPU-1002 0
CPU-1010 0
CPU-1013 33
CPU-1014 0
CPU-1017 0
CPU-1019 0
CPU-1023 0
CPU-2000 0
CPU-10000 0
CPU-10005 0
CPU-10006 0
CPU-10010 0
CPU-10011 0
CPU-10012 0
CPU-10013 0
CPU-10016 0
CPU-10018 133
CPU-10029 0
CPU-10030 237
CPU-10037 8
CPU-10043 0
CPU-10044 0
3G 0
3G-on false
GPS 0
GPS-state-times 1.0 0.0 0.0
GPS-sattelites 0
Audio 0
Audio-on false
begin 137
total-power 1046
LCD 900
LCD-brightness 255
LCD-screen-on true
LCD-10037 900
CPU 146
CPU-sys 33
CPU-usr 1
CPU-freq 1200.0
CPU-0 33
CPU-1000 204
CPU-1001 0
CPU-1002 0
CPU-1010 0
CPU-1013 25
CPU-1014 0
CPU-1017 0
CPU-1019 0
CPU-1023 0
CPU-2000 0
CPU-10000 0
CPU-10005 0
CPU-10006 0
CPU-10010 0
CPU-10011 0
CPU-10012 0
CPU-10013 8
CPU-10016 8
CPU-10018 92
CPU-10029 0
CPU-10030 209
CPU-10037 83
CPU-10043 134
CPU-10044 0
3G 0
3G-on false
GPS 0
GPS-state-times 1.0 0.0 0.0
GPS-sattelites 0
Audio 0
Audio-on false
