phone-service out-of-service
signal 15
phone-call idle
battery-change 0 99/100 4139250
batt_temp 25.0
setting_brightness 255
setting_screen_timeout 300000
time 1429522620014
localtime_offset 7200000
model dream
begin 0
total-power 900
meminfo 1007496 305284 32980 404648
LCD 900
LCD-brightness 255
LCD-screen-on true
LCD-1000 900
3G 0
3G-on false
GPS 0
GPS-state-times 1.0 0.0 0.0
GPS-sattelites 0
Audio 0
Audio-on false
associate 10071 tunein.player@134
associate 10014 android.media:10014@17
associate 10025 com.google.uid.shared:10025@7099030
associate 10027 com.google.android.partnersetup@17
associate 10034 com.android.launcher@17
associate 10043 android.uid.mtkbt:10043@17
associate 10060 com.android.systemui@17
begin 1
total-power 1122
LCD 900
LCD-brightness 255
LCD-screen-on true
LCD-10071 900
CPU 222
CPU-sys 38
CPU-usr 13
CPU-freq 1001.0
CPU-0 122
CPU-1000 275
CPU-1001 7
CPU-1002 0
CPU-1007 0
CPU-1010 0
CPU-1012 0
CPU-1013 0
CPU-1014 0
CPU-1017 0
CPU-1019 0
CPU-1021 0
CPU-2000 0
CPU-9996 0
CPU-10014 238
CPU-10025 43
CPU-10027 0
CPU-10034 0
CPU-10043 0
CPU-10060 158
3G 0
3G-on false
GPS 0
GPS-state-times 1.0 0.0 0.0
GPS-sattelites 0
Audio 0
Audio-on false
associate 10009 android.uid.calendar:10009@17
associate 10022 com.google.android.gm@4900120
associate 10030 com.google.android.googlequicksearchbox@300303110
associate 10039 com.android.vending@80330600
associate 10041 android.uid.mms:10041@17
associate 10047 com.android.musicfx@10400
associate 10049 com.google.android.onetimeinitializer@17
associate 10061 com.mediatek.systemupdate@1
associate 10063 com.google.android.talk@12018130
associate 10073 com.skype.raider@67544087
associate 10078 edu.umich.PowerTutor@15
associate 10081 com.fitnesskeeper.runkeeper.pro@302
associate 10082 com.wsl.CardioTrainer:10082@37
associate 10083 kr.hwangti.batterylog@9
associate 10085 lysesoft.andftp@78
begin 2
total-power 1094
LCD 900
LCD-brightness 255
LCD-screen-on true
LCD-10071 900
CPU 194
CPU-sys 24
CPU-usr 20
CPU-freq 1001.0
CPU-0 0
CPU-1000 300
CPU-1001 0
CPU-1002 0
CPU-1007 0
CPU-1010 0
CPU-1012 0
CPU-1013 0
CPU-1014 0
CPU-1017 0
CPU-1019 0
CPU-1021 0
CPU-2000 0
CPU-9996 0
CPU-10009 0
CPU-10014 295
CPU-10022 0
CPU-10025 7
CPU-10027 0
CPU-10030 0
CPU-10034 0
CPU-10039 0
CPU-10041 0
CPU-10043 0
CPU-10047 0
CPU-10049 0
CPU-10060 0
CPU-10061 0
CPU-10063 0
CPU-10071 0
CPU-10073 7
CPU-10078 29
CPU-10081 0
CPU-10082 0
CPU-10083 0
CPU-10085 0
3G 0
3G-on false
GPS 0
GPS-state-times 1.0 0.0 0.0
GPS-sattelites 0
Audio 0
Audio-on false
begin 3
total-power 1088
LCD 900
LCD-brightness 255
LCD-screen-on true
LCD-10071 900
CPU 188
CPU-sys 24
CPU-usr 19
CPU-freq 1001.0
CPU-0 7
CPU-1000 300
CPU-1001 0
CPU-1002 0
CPU-1007 0
CPU-1010 0
CPU-1012 0
CPU-1013 0
CPU-1014 0
CPU-1017 0
CPU-1019 0
CPU-1021 0
CPU-2000 0
CPU-9996 0
CPU-10009 0
CPU-10014 283
CPU-10022 0
CPU-10025 7
CPU-10027 0
CPU-10030 0
CPU-10034 0
CPU-10039 0
CPU-10041 0
CPU-10043 0
CPU-10047 0
CPU-10049 0
CPU-10060 7
CPU-10061 0
CPU-10063 0
CPU-10071 0
CPU-10073 0
CPU-10078 28
CPU-10081 0
CPU-10082 0
CPU-10083 0
CPU-10085 0
3G 0
3G-on false
GPS 0
GPS-state-times 1.0 0.0 0.0
GPS-sattelites 0
Audio 0
Audio-on false
battery-change 0 99/100 4137250
begin 4
total-power 999
LCD 900
LCD-brightness 255
LCD-screen-on true
LCD-10071 900
CPU 99
CPU-sys 20
CPU-usr 3
CPU-freq 1001.0
CPU-0 197
CPU-1000 87
CPU-1002 0
CPU-1012 0
CPU-1013 7
CPU-1017 0
CPU-1019 0
CPU-1021 0
CPU-2000 0
CPU-10034 0
CPU-10043 0
CPU-10060 167
3G 0
3G-on false
GPS 0
GPS-state-times 1.0 0.0 0.0
GPS-sattelites 0
Audio 0
Audio-on false
begin 5
total-power 1143
LCD 900
LCD-brightness 255
LCD-screen-on true
LCD-10014 900
CPU 243
CPU-sys 50
CPU-usr 6
CPU-freq 1001.0
CPU-0 56
CPU-1000 232
CPU-1001 28
CPU-1002 0
CPU-1007 0
CPU-1010 0
CPU-1012 0
CPU-1013 0
CPU-1014 0
CPU-1017 0
CPU-1019 0
CPU-1021 0
CPU-2000 0
CPU-9996 0
CPU-10025 21
CPU-10027 0
CPU-10034 0
CPU-10043 0
CPU-10060 7
3G 0
3G-on false
GPS 0
GPS-state-times 1.0 0.0 0.0
GPS-sattelites 0
Audio 0
Audio-on false
associate 10002 android.uid.shared:10002@17
begin 6
total-power 1210
LCD 900
LCD-brightness 255
LCD-screen-on true
LCD-10002 900
CPU 310
CPU-sys 67
CPU-usr 5
CPU-freq 1001.0
CPU-0 148
CPU-1000 488
CPU-1001 84
CPU-1002 0
CPU-1007 0
CPU-1010 0
CPU-1012 0
CPU-1013 7
CPU-1014 0
CPU-1017 0
CPU-1019 0
CPU-1021 0
CPU-2000 0
CPU-9996 0
CPU-10025 0
CPU-10027 0
CPU-10034 0
CPU-10043 0
CPU-10060 28
3G 0
3G-on false
GPS 0
GPS-state-times 1.0 0.0 0.0
GPS-sattelites 0
Audio 0
Audio-on false
signal 11
begin 7
total-power 1211
LCD 900
LCD-brightness 255
LCD-screen-on true
LCD-10025 900
CPU 311
CPU-sys 68
CPU-usr 4
CPU-freq 1001.0
CPU-0 35
CPU-1000 534
CPU-1001 128
CPU-1002 0
CPU-1007 0
CPU-1010 0
CPU-1012 0
CPU-1013 0
CPU-1014 0
CPU-1017 0
CPU-1019 0
CPU-1021 0
CPU-2000 0
CPU-9996 0
CPU-10025 35
CPU-10027 0
CPU-10030 0
CPU-10034 0
CPU-10043 0
CPU-10060 121
3G 0
3G-on false
GPS 0
GPS-state-times 1.0 0.0 0.0
GPS-sattelites 0
Audio 0
Audio-on false
associate 10031 com.google.android.apps.plus@413873285
associate 10007 com.android.calendar@17
associate 10011 com.mediatek.datatransfer@1
associate 10013 com.android.deskclock@203
associate 10044 com.mediatek.mtklogger@1
begin 8
total-power 1153
LCD 900
LCD-brightness 255
LCD-screen-on true
LCD-10031 900
CPU 253
CPU-sys 45
CPU-usr 14
CPU-freq 1001.0
CPU-0 48
CPU-1000 269
CPU-1001 89
CPU-1002 0
CPU-1007 0
CPU-1010 0
CPU-1012 0
CPU-1013 6
CPU-1014 0
CPU-1017 0
CPU-1019 6
CPU-1021 0
CPU-2000 0
CPU-9996 0
CPU-10002 172
CPU-10007 0
CPU-10011 0
CPU-10013 0
CPU-10014 75
CPU-10025 124
CPU-10027 0
CPU-10030 0
CPU-10034 0
CPU-10041 0
CPU-10043 0
CPU-10044 0
CPU-10060 34
CPU-10061 6
CPU-10071 0
CPU-10073 0
CPU-10078 34
CPU-10082 0
CPU-10083 0
CPU-10085 0
3G 0
3G-on false
GPS 0
GPS-state-times 1.0 0.0 0.0
GPS-sattelites 0
Audio 0
Audio-on false
begin 9
total-power 1130
LCD 900
LCD-brightness 255
LCD-screen-on true
LCD-10025 900
CPU 230
CPU-sys 49
CPU-usr 4
CPU-freq 1001.0
CPU-0 77
CPU-1000 240
CPU-1001 42
CPU-1002 0
CPU-1007 0
CPU-1010 0
CPU-1012 0
CPU-1013 7
CPU-1014 0
CPU-1017 0
CPU-1019 0
CPU-1021 0
CPU-2000 0
CPU-9996 0
CPU-10025 190
CPU-10027 0
CPU-10030 0
CPU-10034 0
CPU-10043 0
CPU-10060 7
CPU-10082 0
3G 0
3G-on false
GPS 0
GPS-state-times 1.0 0.0 0.0
GPS-sattelites 0
Audio 0
Audio-on false
associate 10020 com.android.gallery3d@40001
associate 10055 com.android.quicksearchbox@17
begin 10
total-power 1207
meminfo 1007496 297328 33424 404652
LCD 900
LCD-brightness 255
LCD-screen-on true
LCD-10030 900
CPU 307
CPU-sys 64
CPU-usr 6
CPU-freq 1001.0
CPU-0 75
CPU-1000 213
CPU-1001 0
CPU-1002 0
CPU-1007 0
CPU-1010 0
CPU-1012 0
CPU-1013 0
CPU-1014 0
CPU-1017 0
CPU-1019 0
CPU-1021 0
CPU-2000 0
CPU-9996 0
CPU-10002 0
CPU-10011 0
CPU-10014 6
CPU-10020 0
CPU-10025 370
CPU-10027 0
CPU-10030 27
CPU-10031 0
CPU-10034 0
CPU-10039 0
CPU-10041 0
CPU-10043 0
CPU-10044 0
CPU-10055 0
CPU-10060 0
CPU-10061 0
CPU-10078 20
CPU-10082 0
CPU-10085 0
3G 0
3G-on false
GPS 0
GPS-state-times 1.0 0.0 0.0
GPS-sattelites 0
Audio 0
Audio-on false
begin 11
total-power 1206
LCD 900
LCD-brightness 255
LCD-screen-on true
LCD-1000 900
CPU 306
CPU-sys 61
CPU-usr 9
CPU-freq 1001.0
CPU-0 35
CPU-1000 350
CPU-1001 14
CPU-1002 0
CPU-1007 0
CPU-1010 0
CPU-1012 0
CPU-1013 0
CPU-1014 0
CPU-1017 0
CPU-1019 0
CPU-1021 0
CPU-2000 0
CPU-9996 0
CPU-10014 14
CPU-10025 219
CPU-10027 0
CPU-10030 56
CPU-10034 0
CPU-10043 0
CPU-10044 0
CPU-10060 28
CPU-10078 14
CPU-10082 0
CPU-10085 0
3G 0
3G-on false
GPS 0
GPS-state-times 1.0 0.0 0.0
GPS-sattelites 0
Audio 0
Audio-on false
signal 11
begin 12
total-power 920
LCD 900
LCD-brightness 255
LCD-screen-on true
LCD-1000 900
CPU 20
CPU-sys 4
CPU-usr 1
CPU-freq 1001.0
CPU-0 0
CPU-1000 28
CPU-1001 0
CPU-1002 0
CPU-1012 0
CPU-1013 0
CPU-1017 0
CPU-1019 0
CPU-1021 0
CPU-2000 0
CPU-9996 0
CPU-10034 0
CPU-10043 0
CPU-10060 7
3G 0
3G-on false
GPS 0
GPS-state-times 1.0 0.0 0.0
GPS-sattelites 0
Audio 0
Audio-on false
begin 13
total-power 920
LCD 900
LCD-brightness 255
LCD-screen-on true
LCD-1000 900
CPU 20
CPU-sys 5
CPU-usr 0
CPU-freq 1001.0
CPU-0 21
CPU-1000 28
CPU-1001 7
CPU-1002 0
CPU-1007 0
CPU-1010 0
CPU-1012 0
CPU-1013 0
CPU-1014 0
CPU-1017 0
CPU-1019 0
CPU-1021 0
CPU-2000 0
CPU-9996 0
CPU-10002 0
CPU-10007 0
CPU-10009 0
CPU-10013 0
CPU-10014 0
CPU-10020 0
CPU-10022 0
CPU-10025 14
CPU-10030 0
CPU-10031 0
CPU-10034 0
CPU-10039 0
CPU-10043 0
CPU-10044 0
CPU-10055 0
CPU-10060 28
CPU-10061 0
CPU-10078 21
CPU-10082 0
CPU-10085 0
3G 0
3G-on false
GPS 0
GPS-state-times 1.0 0.0 0.0
GPS-sattelites 0
Audio 0
Audio-on false
battery-change 0 99/100 4132250
begin 14
total-power 963
LCD 900
LCD-brightness 255
LCD-screen-on true
LCD-1000 900
CPU 63
CPU-sys 14
CPU-usr 1
CPU-freq 1001.0
CPU-0 14
CPU-1000 70
CPU-1001 0
CPU-1002 0
CPU-1007 0
CPU-1010 0
CPU-1012 0
CPU-1013 0
CPU-1014 0
CPU-1017 0
CPU-1019 0
CPU-1021 0
CPU-2000 0
CPU-9996 0
CPU-10002 0
CPU-10007 0
CPU-10009 0
CPU-10013 0
CPU-10014 0
CPU-10020 0
CPU-10022 0
CPU-10025 42
CPU-10030 0
CPU-10031 0
CPU-10034 105
CPU-10039 0
CPU-10043 0
CPU-10044 0
CPU-10055 0
CPU-10060 14
CPU-10061 0
CPU-10078 21
CPU-10082 0
CPU-10085 0
3G 0
3G-on false
GPS 0
GPS-state-times 1.0 0.0 0.0
GPS-sattelites 0
Audio 0
Audio-on false
begin 15
total-power 1039
LCD 900
LCD-brightness 255
LCD-screen-on true
LCD-10085 900
CPU 139
CPU-sys 32
CPU-usr 0
CPU-freq 1001.0
CPU-0 13
CPU-1000 280
CPU-1001 6
CPU-1002 0
CPU-1007 0
CPU-1010 0
CPU-1012 0
CPU-1013 0
CPU-1014 0
CPU-1017 0
CPU-1019 0
CPU-1021 0
CPU-2000 0
CPU-9996 0
CPU-10025 0
CPU-10030 0
CPU-10034 75
CPU-10043 0
CPU-10060 20
CPU-10078 13
CPU-10082 0
CPU-10085 0
3G 0
3G-on false
GPS 0
GPS-state-times 1.0 0.0 0.0
GPS-sattelites 0
Audio 0
Audio-on false
begin 16
total-power 1138
LCD 900
LCD-brightness 255
LCD-screen-on true
LCD-10085 900
CPU 238
CPU-sys 54
CPU-usr 1
CPU-freq 1001.0
CPU-0 211
CPU-1000 457
CPU-1001 70
CPU-1002 0
CPU-1007 0
CPU-1010 7
CPU-1012 0
CPU-1013 0
CPU-1014 0
CPU-1017 0
CPU-1019 0
CPU-1021 0
CPU-2000 0
CPU-9996 0
CPU-10002 42
CPU-10007 0
CPU-10009 0
CPU-10013 0
CPU-10014 0
CPU-10020 7
CPU-10022 7
CPU-10025 7
CPU-10030 35
CPU-10031 28
CPU-10034 56
CPU-10039 7
CPU-10043 0
CPU-10055 0
CPU-10060 35
CPU-10061 0
CPU-10078 28
CPU-10082 0
CPU-10085 228
3G 0
3G-on false
GPS 0
GPS-state-times 1.0 0.0 0.0
GPS-sattelites 0
Audio 0
Audio-on false
signal 11
begin 17
total-power 978
LCD 900
LCD-brightness 255
LCD-screen-on true
LCD-10085 900
CPU 78
CPU-sys 16
CPU-usr 3
CPU-freq 1001.0
CPU-0 90
CPU-1000 209
CPU-1001 6
CPU-1002 0
CPU-1007 0
CPU-1010 0
CPU-1012 0
CPU-1013 0
CPU-1014 0
CPU-1017 0
CPU-1019 0
CPU-1021 0
CPU-2000 0
CPU-9996 0
CPU-10002 6
CPU-10007 0
CPU-10009 0
CPU-10013 0
CPU-10014 0
CPU-10020 0
CPU-10022 0
CPU-10025 48
CPU-10030 0
CPU-10031 0
CPU-10034 69
CPU-10039 0
CPU-10043 0
CPU-10055 0
CPU-10060 0
CPU-10061 0
CPU-10078 20
CPU-10082 0
CPU-10085 62
3G 0
3G-on false
GPS 0
GPS-state-times 1.0 0.0 0.0
GPS-sattelites 0
Audio 0
Audio-on false
begin 18
total-power 962
LCD 900
LCD-brightness 255
LCD-screen-on true
LCD-10085 900
CPU 62
CPU-sys 14
CPU-usr 1
CPU-freq 1001.0
CPU-0 107
CPU-1000 179
CPU-1001 7
CPU-1002 0
CPU-1007 0
CPU-1010 0
CPU-1012 0
CPU-1013 0
CPU-1014 0
CPU-1017 0
CPU-1019 0
CPU-1021 0
CPU-2000 0
CPU-9996 0
CPU-10002 0
CPU-10007 0
CPU-10009 0
CPU-10013 0
CPU-10014 0
CPU-10020 0
CPU-10022 0
CPU-10025 0
CPU-10030 0
CPU-10031 0
CPU-10034 0
CPU-10039 0
CPU-10043 0
CPU-10055 0
CPU-10060 7
CPU-10061 0
CPU-10078 14
CPU-10082 0
CPU-10085 93
3G 0
3G-on false
GPS 0
GPS-state-times 1.0 0.0 0.0
GPS-sattelites 0
Audio 0
Audio-on false
begin 19
total-power 1166
LCD 900
LCD-brightness 255
LCD-screen-on true
LCD-10085 900
CPU 266
CPU-sys 50
CPU-usr 11
CPU-freq 1001.0
CPU-0 120
CPU-1000 350
CPU-1001 0
CPU-1002 0
CPU-1007 0
CPU-1010 0
CPU-1012 0
CPU-1013 0
CPU-1014 0
CPU-1017 0
CPU-1019 0
CPU-1021 0
CPU-2000 0
CPU-9996 0
CPU-10002 0
CPU-10007 0
CPU-10009 0
CPU-10013 0
CPU-10014 0
CPU-10020 0
CPU-10022 0
CPU-10025 99
CPU-10030 0
CPU-10031 0
CPU-10034 0
CPU-10039 0
CPU-10043 0
CPU-10055 0
CPU-10060 14
CPU-10061 0
CPU-10078 21
CPU-10082 0
CPU-10085 448
3G 0
3G-on false
GPS 0
GPS-state-times 1.0 0.0 0.0
GPS-sattelites 0
Audio 0
Audio-on false
begin 20
total-power 1147
meminfo 1007496 289048 33476 404704
LCD 900
LCD-brightness 255
LCD-screen-on true
LCD-10085 900
CPU 247
CPU-sys 51
CPU-usr 6
CPU-freq 1001.0
CPU-0 188
CPU-1000 277
CPU-1001 6
CPU-1002 0
CPU-1007 0
CPU-1010 0
CPU-1012 0
CPU-1013 0
CPU-1014 0
CPU-1017 0
CPU-1019 0
CPU-1021 0
CPU-2000 0
CPU-9996 0
CPU-10002 0
CPU-10007 0
CPU-10009 0
CPU-10013 0
CPU-10014 0
CPU-10020 0
CPU-10022 0
CPU-10025 236
CPU-10030 0
CPU-10031 0
CPU-10034 0
CPU-10039 0
CPU-10043 0
CPU-10055 0
CPU-10060 0
CPU-10061 0
CPU-10078 13
CPU-10082 0
CPU-10085 396
3G 0
3G-on false
GPS 0
GPS-state-times 1.0 0.0 0.0
GPS-sattelites 0
Audio 0
Audio-on false
begin 21
total-power 1060
LCD 900
LCD-brightness 255
LCD-screen-on true
LCD-10085 900
CPU 160
CPU-sys 36
CPU-usr 1
CPU-freq 1001.0
CPU-0 207
CPU-1000 214
CPU-1001 7
CPU-1002 0
CPU-1007 0
CPU-1010 0
CPU-1012 0
CPU-1013 0
CPU-1014 0
CPU-1017 0
CPU-1019 0
CPU-1021 0
CPU-2000 0
CPU-9996 0
CPU-10002 0
CPU-10007 0
CPU-10009 0
CPU-10013 0
CPU-10014 0
CPU-10020 0
CPU-10022 0
CPU-10025 354
CPU-10030 0
CPU-10031 0
CPU-10034 0
CPU-10039 0
CPU-10043 0
CPU-10055 0
CPU-10060 0
CPU-10061 0
CPU-10078 21
CPU-10082 0
CPU-10085 35
3G 0
3G-on false
GPS 0
GPS-state-times 1.0 0.0 0.0
GPS-sattelites 0
Audio 0
Audio-on false
signal 11
begin 22
total-power 921
LCD 900
LCD-brightness 255
LCD-screen-on true
LCD-10085 900
CPU 21
CPU-sys 5
CPU-usr 1
CPU-freq 1001.0
CPU-0 21
CPU-1000 21
CPU-1001 0
CPU-1002 0
CPU-1007 0
CPU-1010 0
CPU-1012 0
CPU-1013 0
CPU-1014 0
CPU-1017 0
CPU-1019 0
CPU-1021 0
CPU-2000 0
CPU-9996 0
CPU-10002 0
CPU-10007 0
CPU-10009 0
CPU-10013 0
CPU-10014 0
CPU-10020 0
CPU-10022 0
CPU-10025 7
CPU-10030 0
CPU-10031 0
CPU-10034 0
CPU-10039 0
CPU-10043 0
CPU-10055 0
CPU-10060 0
CPU-10061 0
CPU-10078 14
CPU-10082 0
CPU-10085 0
3G 0
3G-on false
GPS 0
GPS-state-times 1.0 0.0 0.0
GPS-sattelites 0
Audio 0
Audio-on false
begin 23
total-power 944
LCD 900
LCD-brightness 255
LCD-screen-on true
LCD-10085 900
CPU 44
CPU-sys 9
CPU-usr 2
CPU-freq 1001.0
CPU-0 200
CPU-1000 150
CPU-1001 0
CPU-1002 0
CPU-1007 0
CPU-1010 0
CPU-1012 0
CPU-1013 0
CPU-1014 0
CPU-1017 0
CPU-1019 0
CPU-1021 0
CPU-2000 0
CPU-9996 0
CPU-10002 0
CPU-10007 0
CPU-10009 0
CPU-10013 7
CPU-10014 0
CPU-10020 0
CPU-10022 0
CPU-10025 28
CPU-10030 0
CPU-10031 0
CPU-10034 0
CPU-10039 0
CPU-10043 0
CPU-10055 0
CPU-10060 0
CPU-10061 0
CPU-10078 21
CPU-10082 0
CPU-10085 7
3G 0
3G-on false
GPS 0
GPS-state-times 1.0 0.0 0.0
GPS-sattelites 0
Audio 0
Audio-on false
battery-change 0 99/100 4128250
begin 24
total-power 1005
LCD 900
LCD-brightness 255
LCD-screen-on true
LCD-10085 900
CPU 105
CPU-sys 24
CPU-usr 0
CPU-freq 1001.0
CPU-0 84
CPU-1000 160
CPU-1001 0
CPU-1002 0
CPU-1007 0
CPU-1010 0
CPU-1012 0
CPU-1013 0
CPU-1014 0
CPU-1017 0
CPU-1019 0
CPU-1021 0
CPU-2000 0
CPU-9996 0
CPU-10025 0
CPU-10034 0
CPU-10043 0
CPU-10060 16
3G 0
3G-on false
GPS 0
GPS-state-times 1.0 0.0 0.0
GPS-sattelites 0
Audio 0
Audio-on false
begin 25
total-power 970
LCD 900
LCD-brightness 255
LCD-screen-on true
LCD-10085 900
CPU 70
CPU-sys 16
CPU-usr 0
CPU-freq 1001.0
CPU-0 212
CPU-1000 161
CPU-1001 0
CPU-1002 0
CPU-1007 0
CPU-1010 0
CPU-1012 0
CPU-1013 0
CPU-1014 0
CPU-1017 0
CPU-1019 0
CPU-1021 0
CPU-2000 0
CPU-9996 0
CPU-10002 0
CPU-10007 0
CPU-10009 0
CPU-10013 0
CPU-10014 0
CPU-10020 0
CPU-10022 0
CPU-10025 0
CPU-10030 0
CPU-10031 0
CPU-10034 0
CPU-10039 0
CPU-10043 0
CPU-10055 0
CPU-10060 22
CPU-10061 0
CPU-10078 22
CPU-10082 0
CPU-10085 176
3G 0
3G-on false
GPS 0
GPS-state-times 1.0 0.0 0.0
GPS-sattelites 0
Audio 0
Audio-on false
begin 26
total-power 974
LCD 900
LCD-brightness 255
LCD-screen-on true
LCD-10085 900
CPU 74
CPU-sys 17
CPU-usr 0
CPU-freq 1001.0
CPU-0 152
CPU-1000 108
CPU-1001 7
CPU-1002 0
CPU-1007 0
CPU-1010 0
CPU-1012 0
CPU-1013 0
CPU-1014 0
CPU-1017 0
CPU-1019 0
CPU-1021 0
CPU-2000 0
CPU-9996 0
CPU-10002 0
CPU-10007 0
CPU-10009 0
CPU-10013 0
CPU-10014 0
CPU-10020 0
CPU-10022 0
CPU-10025 7
CPU-10030 0
CPU-10031 0
CPU-10034 0
CPU-10039 0
CPU-10043 0
CPU-10055 0
CPU-10060 7
CPU-10061 0
CPU-10078 14
CPU-10082 0
CPU-10085 232
3G 0
3G-on false
GPS 0
GPS-state-times 1.0 0.0 0.0
GPS-sattelites 0
Audio 0
Audio-on false
signal 11
begin 27
total-power 1022
LCD 900
LCD-brightness 255
LCD-screen-on true
LCD-10085 900
CPU 122
CPU-sys 28
CPU-usr 1
CPU-freq 1001.0
CPU-0 195
CPU-1000 160
CPU-1001 7
CPU-1002 0
CPU-1007 0
CPU-1010 0
CPU-1012 0
CPU-1013 0
CPU-1014 0
CPU-1017 0
CPU-1019 0
CPU-1021 0
CPU-2000 0
CPU-9996 0
CPU-10002 0
CPU-10007 0
CPU-10009 0
CPU-10013 0
CPU-10014 0
CPU-10020 0
CPU-10022 0
CPU-10025 0
CPU-10030 0
CPU-10031 0
CPU-10034 0
CPU-10039 0
CPU-10043 0
CPU-10055 0
CPU-10060 0
CPU-10061 0
CPU-10078 14
CPU-10082 0
CPU-10085 308
3G 0
3G-on false
GPS 0
GPS-state-times 1.0 0.0 0.0
GPS-sattelites 0
Audio 0
Audio-on false
begin 28
total-power 922
LCD 900
LCD-brightness 255
LCD-screen-on true
LCD-10085 900
CPU 22
CPU-sys 5
CPU-usr 0
CPU-freq 1001.0
CPU-0 36
CPU-1000 73
CPU-1001 0
CPU-1002 0
CPU-1007 0
CPU-1010 0
CPU-1012 0
CPU-1013 7
CPU-1014 0
CPU-1017 0
CPU-1019 0
CPU-1021 0
CPU-2000 0
CPU-9996 0
CPU-10002 0
CPU-10007 0
CPU-10009 0
CPU-10013 0
CPU-10014 0
CPU-10020 0
CPU-10022 0
CPU-10025 14
CPU-10030 0
CPU-10031 0
CPU-10034 0
CPU-10039 0
CPU-10043 0
CPU-10055 0
CPU-10060 0
CPU-10061 0
CPU-10078 14
CPU-10082 7
CPU-10085 80
3G 0
3G-on false
GPS 0
GPS-state-times 1.0 0.0 0.0
GPS-sattelites 0
Audio 0
Audio-on false
begin 29
total-power 1009
LCD 900
LCD-brightness 255
LCD-screen-on true
LCD-10085 900
CPU 109
CPU-sys 25
CPU-usr 0
CPU-freq 1001.0
CPU-0 201
CPU-1000 149
CPU-1001 0
CPU-1002 0
CPU-1007 0
CPU-1010 0
CPU-1012 0
CPU-1013 0
CPU-1014 0
CPU-1017 0
CPU-1019 0
CPU-1021 0
CPU-2000 0
CPU-9996 0
CPU-10002 0
CPU-10007 0
CPU-10009 0
CPU-10013 0
CPU-10014 0
CPU-10020 0
CPU-10022 0
CPU-10025 14
CPU-10030 0
CPU-10031 0
CPU-10034 0
CPU-10039 0
CPU-10043 0
CPU-10055 0
CPU-10060 0
CPU-10061 0
CPU-10078 7
CPU-10082 0
CPU-10085 254
3G 0
3G-on false
GPS 0
GPS-state-times 1.0 0.0 0.0
GPS-sattelites 0
Audio 0
Audio-on false
begin 30
total-power 981
meminfo 1007496 287932 33484 404712
LCD 900
LCD-brightness 255
LCD-screen-on true
LCD-10085 900
CPU 81
CPU-sys 19
CPU-usr 0
CPU-freq 1001.0
CPU-0 196
CPU-1000 145
CPU-1001 0
CPU-1002 0
CPU-1007 0
CPU-1010 0
CPU-1012 0
CPU-1013 0
CPU-1014 0
CPU-1017 0
CPU-1019 0
CPU-1021 0
CPU-2000 0
CPU-9996 0
CPU-10002 0
CPU-10007 0
CPU-10009 0
CPU-10013 0
CPU-10014 0
CPU-10020 0
CPU-10022 0
CPU-10025 7
CPU-10030 0
CPU-10031 0
CPU-10034 0
CPU-10039 0
CPU-10043 0
CPU-10055 0
CPU-10060 0
CPU-10061 0
CPU-10078 29
CPU-10082 0
CPU-10085 230
3G 0
3G-on false
GPS 0
GPS-state-times 1.0 0.0 0.0
GPS-sattelites 0
Audio 0
Audio-on false
begin 31
total-power 1010
LCD 900
LCD-brightness 255
LCD-screen-on true
LCD-10085 900
CPU 110
CPU-sys 25
CPU-usr 1
CPU-freq 1001.0
CPU-0 101
CPU-1000 144
CPU-1001 0
CPU-1002 0
CPU-1007 0
CPU-1010 0
CPU-1012 0
CPU-1013 0
CPU-1014 0
CPU-1017 0
CPU-1019 0
CPU-1021 0
CPU-2000 0
CPU-9996 0
CPU-10002 0
CPU-10007 0
CPU-10009 0
CPU-10013 0
CPU-10014 0
CPU-10020 0
CPU-10022 0
CPU-10025 57
CPU-10030 0
CPU-10031 0
CPU-10034 0
CPU-10039 0
CPU-10043 0
CPU-10055 0
CPU-10060 14
CPU-10061 0
CPU-10078 14
CPU-10082 0
CPU-10085 223
3G 0
3G-on false
GPS 0
GPS-state-times 1.0 0.0 0.0
GPS-sattelites 0
Audio 0
Audio-on false
signal 11
begin 32
total-power 947
LCD 900
LCD-brightness 255
LCD-screen-on true
LCD-10085 900
CPU 47
CPU-sys 11
CPU-usr 1
CPU-freq 1001.0
CPU-0 161
CPU-1000 119
CPU-1001 7
CPU-1002 0
CPU-1007 0
CPU-1010 0
CPU-1012 0
CPU-1013 0
CPU-1014 0
CPU-1017 0
CPU-1019 0
CPU-1021 0
CPU-2000 0
CPU-9996 0
CPU-10002 0
CPU-10007 0
CPU-10009 0
CPU-10013 0
CPU-10014 0
CPU-10020 0
CPU-10022 0
CPU-10025 0
CPU-10030 7
CPU-10031 0
CPU-10034 0
CPU-10039 0
CPU-10043 0
CPU-10055 0
CPU-10060 0
CPU-10061 0
CPU-10078 14
CPU-10082 0
CPU-10085 91
3G 0
3G-on false
GPS 0
GPS-state-times 1.0 0.0 0.0
GPS-sattelites 0
Audio 0
Audio-on false
begin 33
total-power 937
LCD 900
LCD-brightness 255
LCD-screen-on true
LCD-10085 900
CPU 37
CPU-sys 9
CPU-usr 0
CPU-freq 1001.0
CPU-0 63
CPU-1000 91
CPU-1001 0
CPU-1002 0
CPU-1007 0
CPU-1010 0
CPU-1012 0
CPU-1013 0
CPU-1014 0
CPU-1017 0
CPU-1019 0
CPU-1021 0
CPU-2000 0
CPU-9996 0
CPU-10002 0
CPU-10007 0
CPU-10009 0
CPU-10013 0
CPU-10014 0
CPU-10020 0
CPU-10022 0
CPU-10025 0
CPU-10030 0
CPU-10031 0
CPU-10034 0
CPU-10039 0
CPU-10043 0
CPU-10055 0
CPU-10060 7
CPU-10061 0
CPU-10078 14
CPU-10082 0
CPU-10085 63
3G 0
3G-on false
GPS 0
GPS-state-times 1.0 0.0 0.0
GPS-sattelites 0
Audio 0
Audio-on false
battery-change 0 99/100 4127250
begin 34
total-power 953
LCD 900
LCD-brightness 255
LCD-screen-on true
LCD-10085 900
CPU 53
CPU-sys 12
CPU-usr 0
CPU-freq 1001.0
CPU-0 30
CPU-1000 161
CPU-1001 10
CPU-1002 0
CPU-1007 0
CPU-1010 0
CPU-1012 0
CPU-1013 0
CPU-1014 0
CPU-1017 0
CPU-1019 0
CPU-1021 0
CPU-2000 0
CPU-9996 0
CPU-10002 0
CPU-10007 0
CPU-10009 0
CPU-10013 0
CPU-10014 0
CPU-10020 0
CPU-10022 0
CPU-10025 0
CPU-10030 0
CPU-10031 0
CPU-10034 0
CPU-10039 0
CPU-10043 0
CPU-10055 0
CPU-10060 10
CPU-10061 0
CPU-10078 20
CPU-10082 0
CPU-10085 30
3G 0
3G-on false
GPS 0
GPS-state-times 1.0 0.0 0.0
GPS-sattelites 0
Audio 0
Audio-on false
begin 35
total-power 1105
LCD 900
LCD-brightness 255
LCD-screen-on true
LCD-10085 900
CPU 205
CPU-sys 47
CPU-usr 0
CPU-freq 1001.0
CPU-0 247
CPU-1000 309
CPU-1001 0
CPU-1002 0
CPU-1007 0
CPU-1010 0
CPU-1012 0
CPU-1013 0
CPU-1014 0
CPU-1017 0
CPU-1019 0
CPU-1021 0
CPU-2000 0
CPU-9996 0
CPU-10002 0
CPU-10007 0
CPU-10009 0
CPU-10013 0
CPU-10014 0
CPU-10020 0
CPU-10022 0
CPU-10025 6
CPU-10030 0
CPU-10031 0
CPU-10034 0
CPU-10039 0
CPU-10043 0
CPU-10055 0
CPU-10060 201
CPU-10061 0
CPU-10078 6
CPU-10082 0
CPU-10085 247
3G 0
3G-on false
GPS 0
GPS-state-times 1.0 0.0 0.0
GPS-sattelites 0
Audio 0
Audio-on false
begin 36
total-power 958
LCD 900
LCD-brightness 255
LCD-screen-on true
LCD-10085 900
CPU 58
CPU-sys 13
CPU-usr 0
CPU-freq 1001.0
CPU-0 145
CPU-1000 104
CPU-1001 0
CPU-1002 0
CPU-1007 0
CPU-1010 0
CPU-1012 0
CPU-1013 0
CPU-1014 0
CPU-1017 0
CPU-1019 0
CPU-1021 0
CPU-2000 0
CPU-9996 0
CPU-10002 0
CPU-10007 0
CPU-10009 0
CPU-10013 0
CPU-10014 0
CPU-10020 0
CPU-10022 0
CPU-10025 0
CPU-10030 0
CPU-10031 0
CPU-10034 0
CPU-10039 0
CPU-10043 0
CPU-10055 0
CPU-10060 0
CPU-10061 0
CPU-10078 20
CPU-10082 0
CPU-10085 138
3G 0
3G-on false
GPS 0
GPS-state-times 1.0 0.0 0.0
GPS-sattelites 0
Audio 0
Audio-on false
signal 11
begin 37
total-power 1041
LCD 900
LCD-brightness 255
LCD-screen-on true
LCD-10085 900
CPU 141
CPU-sys 33
CPU-usr 0
CPU-freq 1001.0
CPU-0 261
CPU-1000 233
CPU-1001 0
CPU-1002 0
CPU-1007 0
CPU-1010 0
CPU-1012 0
CPU-1013 0
CPU-1014 0
CPU-1017 0
CPU-1019 0
CPU-1021 0
CPU-2000 0
CPU-9996 0
CPU-10002 0
CPU-10007 0
CPU-10009 0
CPU-10013 0
CPU-10014 0
CPU-10020 0
CPU-10022 0
CPU-10025 0
CPU-10030 0
CPU-10031 0
CPU-10034 0
CPU-10039 0
CPU-10043 28
CPU-10055 0
CPU-10060 7
CPU-10061 0
CPU-10078 21
CPU-10082 0
CPU-10085 301
3G 0
3G-on false
GPS 0
GPS-state-times 1.0 0.0 0.0
GPS-sattelites 0
Audio 0
Audio-on false
begin 38
total-power 1122
LCD 900
LCD-brightness 255
LCD-screen-on true
LCD-10085 900
CPU 222
CPU-sys 51
CPU-usr 0
CPU-freq 1001.0
CPU-0 102
CPU-1000 278
CPU-1001 0
CPU-1002 0
CPU-1007 0
CPU-1010 0
CPU-1012 0
CPU-1013 0
CPU-1014 0
CPU-1017 0
CPU-1019 0
CPU-1021 0
CPU-2000 0
CPU-9996 0
CPU-10002 0
CPU-10007 0
CPU-10009 0
CPU-10013 0
CPU-10014 0
CPU-10020 0
CPU-10022 0
CPU-10025 0
CPU-10030 0
CPU-10031 0
CPU-10034 0
CPU-10039 0
CPU-10043 0
CPU-10055 0
CPU-10060 65
CPU-10061 0
CPU-10078 7
CPU-10082 0
CPU-10085 480
3G 0
3G-on false
GPS 0
GPS-state-times 1.0 0.0 0.0
GPS-sattelites 0
Audio 0
Audio-on false
begin 39
total-power 1137
LCD 900
LCD-brightness 255
LCD-screen-on true
LCD-10085 900
CPU 237
CPU-sys 55
CPU-usr 0
CPU-freq 1001.0
CPU-0 29
CPU-1000 187
CPU-1001 67
CPU-1002 0
CPU-1007 0
CPU-1010 0
CPU-1012 0
CPU-1013 0
CPU-1014 0
CPU-1017 0
CPU-1019 0
CPU-1021 0
CPU-2000 0
CPU-9996 0
CPU-10002 0
CPU-10007 0
CPU-10009 0
CPU-10013 0
CPU-10014 0
CPU-10020 0
CPU-10022 0
CPU-10025 0
CPU-10030 0
CPU-10031 0
CPU-10034 0
CPU-10039 0
CPU-10043 0
CPU-10055 0
CPU-10060 7
CPU-10061 0
CPU-10078 37
CPU-10082 0
CPU-10085 651
3G 0
3G-on false
GPS 0
GPS-state-times 1.0 0.0 0.0
GPS-sattelites 0
Audio 0
Audio-on false
begin 40
total-power 1113
meminfo 1007496 273964 33536 412556
LCD 900
LCD-brightness 255
LCD-screen-on true
LCD-10085 900
CPU 213
CPU-sys 29
CPU-usr 20
CPU-freq 1001.0
CPU-0 508
CPU-1000 186
CPU-1001 0
CPU-1002 0
CPU-1007 0
CPU-1010 0
CPU-1012 0
CPU-1013 0
CPU-1014 0
CPU-1017 0
CPU-1019 0
CPU-1021 0
CPU-2000 0
CPU-9996 0
CPU-10002 0
CPU-10007 0
CPU-10009 0
CPU-10013 0
CPU-10014 0
CPU-10020 0
CPU-10022 0
CPU-10025 0
CPU-10030 0
CPU-10031 0
CPU-10034 0
CPU-10039 0
CPU-10043 0
CPU-10055 0
CPU-10060 0
CPU-10061 0
CPU-10078 14
CPU-10082 0
CPU-10085 290
3G 0
3G-on false
GPS 0
GPS-state-times 1.0 0.0 0.0
GPS-sattelites 0
Audio 0
Audio-on false
begin 41
total-power 1115
LCD 900
LCD-brightness 255
LCD-screen-on true
LCD-10085 900
CPU 215
CPU-sys 1
CPU-usr 49
CPU-freq 1001.0
CPU-0 35
CPU-1000 7
CPU-1001 7
CPU-1002 0
CPU-1007 0
CPU-1010 0
CPU-1012 0
CPU-1013 0
CPU-1014 0
CPU-1017 0
CPU-1019 0
CPU-1021 0
CPU-2000 0
CPU-9996 0
CPU-10002 0
CPU-10007 0
CPU-10009 0
CPU-10013 0
CPU-10014 0
CPU-10020 0
CPU-10022 0
CPU-10025 0
CPU-10030 0
CPU-10031 0
CPU-10034 0
CPU-10039 0
CPU-10043 0
CPU-10055 0
CPU-10060 0
CPU-10061 0
CPU-10078 14
CPU-10082 0
CPU-10085 0
3G 0
3G-on false
GPS 0
GPS-state-times 1.0 0.0 0.0
GPS-sattelites 0
Audio 0
Audio-on false
begin 42
total-power 1114
LCD 900
LCD-brightness 255
LCD-screen-on true
LCD-10085 900
CPU 214
CPU-sys 0
CPU-usr 49
CPU-freq 1001.0
CPU-0 14
CPU-1000 0
CPU-1001 0
CPU-1002 0
CPU-1007 0
CPU-1010 0
CPU-1012 0
CPU-1013 0
CPU-1014 0
CPU-1017 0
CPU-1019 0
CPU-1021 0
CPU-2000 0
CPU-9996 0
CPU-10002 0
CPU-10007 0
CPU-10009 0
CPU-10013 0
CPU-10014 0
CPU-10020 0
CPU-10022 0
CPU-10025 0
CPU-10030 0
CPU-10031 0
CPU-10034 0
CPU-10039 0
CPU-10043 0
CPU-10055 0
CPU-10060 0
CPU-10061 0
CPU-10078 14
CPU-10082 0
CPU-10085 0
3G 0
3G-on false
GPS 0
GPS-state-times 1.0 0.0 0.0
GPS-sattelites 0
Audio 0
Audio-on false
signal 11
begin 43
total-power 1132
LCD 900
LCD-brightness 255
LCD-screen-on true
LCD-10085 900
CPU 232
CPU-sys 32
CPU-usr 22
CPU-freq 1001.0
CPU-0 108
CPU-1000 58
CPU-1001 0
CPU-1002 0
CPU-1007 0
CPU-1010 0
CPU-1012 0
CPU-1013 0
CPU-1014 0
CPU-1017 0
CPU-1019 0
CPU-1021 0
CPU-2000 0
CPU-9996 0
CPU-10002 0
CPU-10007 0
CPU-10009 0
CPU-10013 0
CPU-10014 0
CPU-10020 0
CPU-10022 0
CPU-10025 0
CPU-10030 0
CPU-10031 0
CPU-10034 0
CPU-10039 0
CPU-10043 0
CPU-10055 0
CPU-10060 0
CPU-10061 0
CPU-10078 14
CPU-10082 0
CPU-10085 0
3G 0
3G-on false
GPS 0
GPS-state-times 1.0 0.0 0.0
GPS-sattelites 0
Audio 0
Audio-on false
battery-change 0 99/100 4125250
begin 44
total-power 1122
LCD 900
LCD-brightness 255
LCD-screen-on true
LCD-10085 900
CPU 222
CPU-sys 51
CPU-usr 0
CPU-freq 1001.0
CPU-0 202
CPU-1000 85
CPU-1001 7
CPU-1002 0
CPU-1007 0
CPU-1010 0
CPU-1012 0
CPU-1013 0
CPU-1014 0
CPU-1017 0
CPU-1019 0
CPU-1021 0
CPU-2000 0
CPU-9996 0
CPU-10002 0
CPU-10007 0
CPU-10009 0
CPU-10013 0
CPU-10014 0
CPU-10020 0
CPU-10022 0
CPU-10025 0
CPU-10030 0
CPU-10031 0
CPU-10034 0
CPU-10039 0
CPU-10043 0
CPU-10055 0
CPU-10060 0
CPU-10061 0
CPU-10078 23
CPU-10082 0
CPU-10085 0
3G 0
3G-on false
GPS 0
GPS-state-times 1.0 0.0 0.0
GPS-sattelites 0
Audio 0
Audio-on false
begin 45
total-power 1148
LCD 900
LCD-brightness 255
LCD-screen-on true
LCD-10085 900
CPU 248
CPU-sys 57
CPU-usr 0
CPU-freq 1001.0
CPU-0 202
CPU-1000 312
CPU-1001 7
CPU-1002 0
CPU-1007 0
CPU-1010 0
CPU-1012 0
CPU-1013 0
CPU-1014 0
CPU-1017 0
CPU-1019 0
CPU-1021 0
CPU-2000 0
CPU-9996 0
CPU-10002 0
CPU-10007 0
CPU-10009 0
CPU-10013 0
CPU-10014 0
CPU-10020 0
CPU-10022 0
CPU-10025 7
CPU-10030 0
CPU-10031 0
CPU-10034 0
CPU-10039 0
CPU-10043 0
CPU-10055 0
CPU-10060 0
CPU-10061 0
CPU-10078 7
CPU-10082 0
CPU-10085 1132
3G 0
3G-on false
GPS 0
GPS-state-times 1.0 0.0 0.0
GPS-sattelites 0
Audio 0
Audio-on false
begin 46
total-power 1125
LCD 900
LCD-brightness 255
LCD-screen-on true
LCD-10085 900
CPU 225
CPU-sys 31
CPU-usr 21
CPU-freq 1001.0
CPU-0 233
CPU-1000 120
CPU-1001 0
CPU-1002 0
CPU-1007 0
CPU-1010 0
CPU-1012 0
CPU-1013 0
CPU-1014 0
CPU-1017 0
CPU-1019 0
CPU-1021 0
CPU-2000 0
CPU-9996 0
CPU-10002 0
CPU-10007 0
CPU-10009 0
CPU-10013 0
CPU-10014 0
CPU-10020 0
CPU-10022 0
CPU-10025 7
CPU-10030 0
CPU-10031 0
CPU-10034 0
CPU-10039 0
CPU-10043 0
CPU-10055 0
CPU-10060 0
CPU-10061 0
CPU-10078 22
CPU-10082 0
CPU-10085 312
3G 0
3G-on false
GPS 0
GPS-state-times 1.0 0.0 0.0
GPS-sattelites 0
Audio 0
Audio-on false
begin 47
total-power 1118
LCD 900
LCD-brightness 255
LCD-screen-on true
LCD-10085 900
CPU 218
CPU-sys 1
CPU-usr 50
CPU-freq 1001.0
CPU-0 35
CPU-1000 0
CPU-1001 0
CPU-1002 0
CPU-1007 0
CPU-1010 0
CPU-1012 0
CPU-1013 0
CPU-1014 0
CPU-1017 0
CPU-1019 0
CPU-1021 0
CPU-2000 0
CPU-9996 0
CPU-10002 0
CPU-10007 0
CPU-10009 0
CPU-10013 0
CPU-10014 0
CPU-10020 0
CPU-10022 0
CPU-10025 0
CPU-10030 0
CPU-10031 0
CPU-10034 0
CPU-10039 0
CPU-10043 0
CPU-10055 0
CPU-10060 0
CPU-10061 0
CPU-10078 7
CPU-10082 0
CPU-10085 0
3G 0
3G-on false
GPS 0
GPS-state-times 1.0 0.0 0.0
GPS-sattelites 0
Audio 0
Audio-on false
signal 11
begin 48
total-power 1119
LCD 900
LCD-brightness 255
LCD-screen-on true
LCD-10085 900
CPU 219
CPU-sys 1
CPU-usr 49
CPU-freq 1001.0
CPU-0 6
CPU-1000 6
CPU-1001 0
CPU-1002 0
CPU-1007 0
CPU-1010 0
CPU-1012 0
CPU-1013 0
CPU-1014 0
CPU-1017 0
CPU-1019 0
CPU-1021 0
CPU-2000 0
CPU-9996 0
CPU-10002 0
CPU-10007 0
CPU-10009 0
CPU-10013 0
CPU-10014 0
CPU-10020 0
CPU-10022 0
CPU-10025 0
CPU-10030 0
CPU-10031 0
CPU-10034 0
CPU-10039 0
CPU-10043 0
CPU-10055 0
CPU-10060 13
CPU-10061 0
CPU-10078 13
CPU-10082 0
CPU-10085 0
3G 0
3G-on false
GPS 0
GPS-state-times 1.0 0.0 0.0
GPS-sattelites 0
Audio 0
Audio-on false
begin 49
total-power 1115
LCD 900
LCD-brightness 255
LCD-screen-on true
LCD-10085 900
CPU 215
CPU-sys 1
CPU-usr 49
CPU-freq 1001.0
CPU-0 7
CPU-1000 0
CPU-1001 0
CPU-1002 0
CPU-1007 0
CPU-1010 0
CPU-1012 0
CPU-1013 0
CPU-1014 0
CPU-1017 0
CPU-1019 0
CPU-1021 0
CPU-2000 0
CPU-9996 0
CPU-10002 0
CPU-10007 0
CPU-10009 0
CPU-10013 0
CPU-10014 0
CPU-10020 0
CPU-10022 0
CPU-10025 7
CPU-10030 0
CPU-10031 0
CPU-10034 0
CPU-10039 0
CPU-10043 0
CPU-10055 0
CPU-10060 0
CPU-10061 0
CPU-10078 14
CPU-10082 0
CPU-10085 0
3G 0
3G-on false
GPS 0
GPS-state-times 1.0 0.0 0.0
GPS-sattelites 0
Audio 0
Audio-on false
begin 50
total-power 1114
meminfo 1007496 264204 33608 426028
LCD 900
LCD-brightness 255
LCD-screen-on true
LCD-10085 900
CPU 214
CPU-sys 2
CPU-usr 48
CPU-freq 1001.0
CPU-0 6
CPU-1000 13
CPU-1001 6
CPU-1002 0
CPU-1007 0
CPU-1010 0
CPU-1012 0
CPU-1013 0
CPU-1014 0
CPU-1017 0
CPU-1019 0
CPU-1021 0
CPU-2000 0
CPU-9996 0
CPU-10002 0
CPU-10007 0
CPU-10009 0
CPU-10013 0
CPU-10014 0
CPU-10020 0
CPU-10022 0
CPU-10025 0
CPU-10030 0
CPU-10031 0
CPU-10034 0
CPU-10039 0
CPU-10043 0
CPU-10055 0
CPU-10060 0
CPU-10061 0
CPU-10078 13
CPU-10082 0
CPU-10085 0
3G 0
3G-on false
GPS 0
GPS-state-times 1.0 0.0 0.0
GPS-sattelites 0
Audio 0
Audio-on false
begin 51
total-power 1092
LCD 900
LCD-brightness 255
LCD-screen-on true
LCD-10085 900
CPU 192
CPU-sys 32
CPU-usr 13
CPU-freq 1001.0
CPU-0 11
CPU-1000 77
CPU-1001 0
CPU-1002 0
CPU-1007 0
CPU-1010 0
CPU-1012 0
CPU-1013 0
CPU-1014 0
CPU-1017 0
CPU-1019 0
CPU-1021 0
CPU-2000 0
CPU-9996 0
CPU-10002 0
CPU-10007 0
CPU-10009 0
CPU-10013 0
CPU-10014 0
CPU-10020 0
CPU-10022 0
CPU-10025 11
CPU-10030 0
CPU-10031 0
CPU-10034 0
CPU-10039 0
CPU-10043 0
CPU-10055 0
CPU-10060 0
CPU-10061 0
CPU-10078 33
CPU-10082 0
CPU-10085 368
3G 0
3G-on false
GPS 0
GPS-state-times 1.0 0.0 0.0
GPS-sattelites 0
Audio 0
Audio-on false
begin 52
total-power 1157
LCD 900
LCD-brightness 255
LCD-screen-on true
LCD-10085 900
CPU 257
CPU-sys 59
CPU-usr 0
CPU-freq 1001.0
CPU-0 209
CPU-1000 212
CPU-1001 0
CPU-1002 0
CPU-1007 0
CPU-1010 0
CPU-1012 0
CPU-1013 0
CPU-1014 0
CPU-1017 0
CPU-1019 0
CPU-1021 0
CPU-2000 0
CPU-9996 0
CPU-10002 0
CPU-10007 0
CPU-10009 0
CPU-10013 0
CPU-10014 0
CPU-10020 0
CPU-10022 0
CPU-10025 0
CPU-10030 0
CPU-10031 0
CPU-10034 0
CPU-10039 0
CPU-10043 0
CPU-10055 0
CPU-10060 0
CPU-10061 0
CPU-10078 15
CPU-10082 0
CPU-10085 615
3G 0
3G-on false
GPS 0
GPS-state-times 1.0 0.0 0.0
GPS-sattelites 0
Audio 0
Audio-on false
signal 11
begin 53
total-power 1131
LCD 900
LCD-brightness 255
LCD-screen-on true
LCD-10085 900
CPU 231
CPU-sys 48
CPU-usr 6
CPU-freq 1001.0
CPU-0 231
CPU-1000 266
CPU-1001 0
CPU-1002 0
CPU-1007 0
CPU-1010 0
CPU-1012 0
CPU-1013 36
CPU-1014 0
CPU-1017 0
CPU-1019 0
CPU-1021 0
CPU-2000 0
CPU-9996 0
CPU-10002 0
CPU-10007 0
CPU-10009 0
CPU-10013 0
CPU-10014 0
CPU-10020 0
CPU-10022 0
CPU-10025 43
CPU-10030 0
CPU-10031 0
CPU-10034 0
CPU-10039 0
CPU-10043 0
CPU-10055 0
CPU-10060 145
CPU-10061 0
CPU-10078 14
CPU-10082 7
CPU-10085 326
3G 0
3G-on false
GPS 0
GPS-state-times 1.0 0.0 0.0
GPS-sattelites 0
Audio 0
Audio-on false
battery-change 0 99/100 4123250
begin 54
total-power 957
LCD 900
LCD-brightness 255
LCD-screen-on true
LCD-10085 900
CPU 57
CPU-sys 11
CPU-usr 3
CPU-freq 1001.0
CPU-0 141
CPU-1000 134
CPU-1001 0
CPU-1002 0
CPU-1007 0
CPU-1010 0
CPU-1012 0
CPU-1013 99
CPU-1014 0
CPU-1017 0
CPU-1019 0
CPU-1021 0
CPU-2000 0
CPU-9996 0
CPU-10002 0
CPU-10007 0
CPU-10009 0
CPU-10013 0
CPU-10014 70
CPU-10020 0
CPU-10022 0
CPU-10025 56
CPU-10030 0
CPU-10031 7
CPU-10034 0
CPU-10039 7
CPU-10043 0
CPU-10055 0
CPU-10060 42
CPU-10061 0
CPU-10078 7
CPU-10082 0
CPU-10085 56
3G 0
3G-on false
GPS 0
GPS-state-times 1.0 0.0 0.0
GPS-sattelites 0
Audio 0
Audio-on false
begin 55
total-power 957
LCD 900
LCD-brightness 255
LCD-screen-on true
LCD-10085 900
CPU 57
CPU-sys 12
CPU-usr 2
CPU-freq 1001.0
CPU-0 49
CPU-1000 156
CPU-1001 14
CPU-1002 0
CPU-1007 0
CPU-1010 0
CPU-1012 0
CPU-1013 0
CPU-1014 0
CPU-1017 0
CPU-1019 0
CPU-1021 0
CPU-2000 0
CPU-9996 0
CPU-10002 0
CPU-10007 0
CPU-10009 0
CPU-10013 0
CPU-10014 0
CPU-10020 0
CPU-10022 0
CPU-10025 0
CPU-10030 0
CPU-10031 0
CPU-10034 0
CPU-10039 0
CPU-10043 0
CPU-10055 0
CPU-10060 7
CPU-10061 0
CPU-10078 14
CPU-10082 35
CPU-10085 21
3G 0
3G-on false
GPS 0
GPS-state-times 1.0 0.0 0.0
GPS-sattelites 0
Audio 0
Audio-on false
begin 56
total-power 1039
LCD 900
LCD-brightness 255
LCD-screen-on true
LCD-10085 900
CPU 139
CPU-sys 31
CPU-usr 1
CPU-freq 1001.0
CPU-0 254
CPU-1000 248
CPU-1001 0
CPU-1002 0
CPU-1007 0
CPU-1010 0
CPU-1012 0
CPU-1013 0
CPU-1014 0
CPU-1017 0
CPU-1019 0
CPU-1021 0
CPU-2000 0
CPU-9996 0
CPU-10002 0
CPU-10007 0
CPU-10009 0
CPU-10013 0
CPU-10014 0
CPU-10020 0
CPU-10022 0
CPU-10025 0
CPU-10030 0
CPU-10031 0
CPU-10034 0
CPU-10039 0
CPU-10043 0
CPU-10055 0
CPU-10060 113
CPU-10061 0
CPU-10078 21
CPU-10082 28
CPU-10085 213
3G 0
3G-on false
GPS 0
GPS-state-times 1.0 0.0 0.0
GPS-sattelites 0
Audio 0
Audio-on false
begin 57
total-power 961
LCD 900
LCD-brightness 255
LCD-screen-on true
LCD-10085 900
CPU 61
CPU-sys 14
CPU-usr 0
CPU-freq 1001.0
CPU-0 56
CPU-1000 154
CPU-1001 0
CPU-1002 0
CPU-1007 0
CPU-1010 0
CPU-1012 0
CPU-1013 0
CPU-1014 0
CPU-1017 0
CPU-1019 0
CPU-1021 0
CPU-2000 0
CPU-9996 0
CPU-10002 0
CPU-10007 0
CPU-10009 0
CPU-10013 0
CPU-10014 0
CPU-10020 0
CPU-10022 0
CPU-10025 0
CPU-10030 0
CPU-10031 0
CPU-10034 0
CPU-10039 0
CPU-10043 0
CPU-10055 0
CPU-10060 56
CPU-10061 0
CPU-10078 7
CPU-10082 0
CPU-10085 0
3G 0
3G-on false
GPS 0
GPS-state-times 1.0 0.0 0.0
GPS-sattelites 0
Audio 0
Audio-on false
signal 11
begin 58
total-power 1003
LCD 900
LCD-brightness 255
LCD-screen-on true
LCD-10034 900
CPU 103
CPU-sys 24
CPU-usr 0
CPU-freq 1001.0
CPU-0 152
CPU-1000 231
CPU-1001 0
CPU-1002 0
CPU-1007 0
CPU-1010 0
CPU-1012 0
CPU-1013 0
CPU-1014 0
CPU-1017 0
CPU-1019 0
CPU-1021 0
CPU-2000 0
CPU-9996 0
CPU-10002 0
CPU-10007 0
CPU-10009 0
CPU-10013 0
CPU-10014 0
CPU-10020 0
CPU-10022 0
CPU-10025 0
CPU-10030 0
CPU-10031 0
CPU-10034 0
CPU-10039 0
CPU-10043 0
CPU-10055 0
CPU-10060 13
CPU-10061 0
CPU-10078 27
CPU-10082 0
CPU-10085 13
3G 0
3G-on false
GPS 0
GPS-state-times 1.0 0.0 0.0
GPS-sattelites 0
Audio 0
Audio-on false
begin 59
total-power 1017
LCD 900
LCD-brightness 255
LCD-screen-on true
LCD-10034 900
CPU 117
CPU-sys 27
CPU-usr 0
CPU-freq 1001.0
CPU-0 226
CPU-1000 235
CPU-1001 0
CPU-1002 0
CPU-1007 0
CPU-1010 0
CPU-1012 0
CPU-1013 0
CPU-1014 0
CPU-1017 0
CPU-1019 0
CPU-1021 0
CPU-2000 0
CPU-9996 0
CPU-10002 0
CPU-10007 0
CPU-10009 0
CPU-10013 0
CPU-10014 0
CPU-10020 0
CPU-10022 0
CPU-10025 0
CPU-10030 0
CPU-10031 0
CPU-10034 0
CPU-10039 0
CPU-10043 0
CPU-10055 0
CPU-10060 33
CPU-10061 0
CPU-10078 8
CPU-10082 0
CPU-10085 0
3G 0
3G-on false
GPS 0
GPS-state-times 1.0 0.0 0.0
GPS-sattelites 0
Audio 0
Audio-on false
