phone-service out-of-service
signal 10
phone-call idle
battery-change 0 95/100 4026340
batt_temp 34.0
setting_brightness 255
setting_screen_timeout 300000
time 1429523907093
localtime_offset 7200000
model dream
begin 0
total-power 900
meminfo 710960 23332 4784 351780
LCD 900
LCD-brightness 255
LCD-screen-on true
LCD-1000 900
3G 0
3G-on false
GPS 0
GPS-state-times 1.0 0.0 0.0
GPS-sattelites 0
Audio 0
Audio-on false
associate 10000 android.uid.shared:10000@18
associate 10006 com.google.android.calendar.uid.shared:10006@201306090
associate 10009 com.google.uid.shared:10009@18
associate 10015 android.media:10015@18
associate 10027 com.google.android.partnersetup@18
associate 10033 com.google.android.inputmethod.latin@1800
associate 10034 com.android.launcher@18
associate 10046 com.android.phasebeam@1
associate 10053 com.android.systemui@18
associate 10083 com.maxmpz:10083@575
begin 1
total-power 1186
LCD 900
LCD-brightness 255
LCD-screen-on true
LCD-1000 900
CPU 286
CPU-sys 20
CPU-usr 46
CPU-freq 1200.0
CPU-0 125
CPU-1000 100
CPU-1001 0
CPU-1010 0
CPU-1012 0
CPU-1013 0
CPU-1014 0
CPU-1017 0
CPU-1019 0
CPU-1023 75
CPU-1026 0
CPU-1027 0
CPU-10000 0
CPU-10006 0
CPU-10009 158
CPU-10015 251
CPU-10027 0
CPU-10033 0
CPU-10034 0
CPU-10046 8
CPU-10053 142
CPU-10083 0
3G 0
3G-on false
GPS 0
GPS-state-times 1.0 0.0 0.0
GPS-sattelites 0
Audio 0
Audio-on false
associate 10075 com.gsamlabs.bbm@703241
associate 10016 com.google.android.email@410000
associate 10017 com.google.android.exchange@500000
begin 2
total-power 1176
LCD 900
LCD-brightness 255
LCD-screen-on true
LCD-10075 900
CPU 276
CPU-sys 29
CPU-usr 35
CPU-freq 1200.0
CPU-0 99
CPU-1000 108
CPU-1001 0
CPU-1010 0
CPU-1012 0
CPU-1013 0
CPU-1014 0
CPU-1017 0
CPU-1019 0
CPU-1023 8
CPU-1026 0
CPU-1027 0
CPU-10000 0
CPU-10006 0
CPU-10009 8
CPU-10015 0
CPU-10016 0
CPU-10017 0
CPU-10027 0
CPU-10033 0
CPU-10034 0
CPU-10046 8
CPU-10053 8
CPU-10083 0
3G 0
3G-on false
GPS 0
GPS-state-times 1.0 0.0 0.0
GPS-sattelites 0
Audio 0
Audio-on false
associate 10021 com.google.android.gm@981
associate 10026 com.google.android.onetimeinitializer@18
associate 10030 com.google.android.talk@717155
associate 10038 com.google.android.apps.maps:10038@614040003
associate 10040 com.android.mms@18
associate 10044 com.android.onetimeinitializer@18
associate 10047 com.android.vending@80330600
associate 10056 com.google.android.googlequicksearchbox@210020509
associate 10063 com.google.android.youtube@101456133
associate 10065 eu.chainfire.supersu@151
associate 10066 edu.umich.PowerTutor@15
associate 10073 com.runtastic.android@122
associate 10086 com.wsl.CardioTrainer:10086@37
begin 3
total-power 980
LCD 900
LCD-brightness 255
LCD-screen-on true
LCD-1000 900
CPU 80
CPU-sys 20
CPU-usr 0
CPU-freq 350.0
CPU-0 14
CPU-1000 22
CPU-1001 0
CPU-1010 0
CPU-1012 0
CPU-1013 0
CPU-1014 0
CPU-1017 0
CPU-1019 0
CPU-1023 0
CPU-1026 0
CPU-1027 0
CPU-10000 0
CPU-10006 0
CPU-10009 0
CPU-10015 0
CPU-10016 0
CPU-10017 0
CPU-10021 0
CPU-10026 0
CPU-10027 0
CPU-10030 0
CPU-10033 0
CPU-10034 0
CPU-10038 0
CPU-10040 0
CPU-10044 0
CPU-10046 2
CPU-10047 4
CPU-10053 83
CPU-10056 0
CPU-10063 0
CPU-10065 2
CPU-10066 14
CPU-10073 0
CPU-10075 0
CPU-10083 0
CPU-10086 0
3G 0
3G-on false
GPS 0
GPS-state-times 1.0 0.0 0.0
GPS-sattelites 0
Audio 0
Audio-on false
begin 4
total-power 951
LCD 900
LCD-brightness 255
LCD-screen-on true
LCD-1000 900
CPU 51
CPU-sys 13
CPU-usr 0
CPU-freq 350.0
CPU-0 14
CPU-1000 31
CPU-1001 0
CPU-1010 0
CPU-1012 0
CPU-1013 0
CPU-1014 0
CPU-1017 0
CPU-1019 0
CPU-1023 0
CPU-1026 0
CPU-1027 0
CPU-10000 0
CPU-10006 0
CPU-10009 0
CPU-10015 0
CPU-10016 0
CPU-10017 0
CPU-10021 0
CPU-10026 0
CPU-10027 0
CPU-10030 0
CPU-10033 0
CPU-10034 0
CPU-10038 0
CPU-10040 0
CPU-10044 0
CPU-10046 2
CPU-10047 0
CPU-10053 38
CPU-10056 0
CPU-10063 0
CPU-10065 0
CPU-10066 17
CPU-10073 0
CPU-10075 0
CPU-10083 0
CPU-10086 0
3G 0
3G-on false
GPS 0
GPS-state-times 1.0 0.0 0.0
GPS-sattelites 0
Audio 0
Audio-on false
signal 10
begin 5
total-power 932
LCD 900
LCD-brightness 255
LCD-screen-on true
LCD-1000 900
CPU 32
CPU-sys 8
CPU-usr 0
CPU-freq 350.0
CPU-0 24
CPU-1000 17
CPU-1001 2
CPU-1010 0
CPU-1012 0
CPU-1013 0
CPU-1014 0
CPU-1017 0
CPU-1019 0
CPU-1023 0
CPU-1026 0
CPU-1027 0
CPU-10000 0
CPU-10006 0
CPU-10009 7
CPU-10015 0
CPU-10016 0
CPU-10017 0
CPU-10021 0
CPU-10026 0
CPU-10027 0
CPU-10030 0
CPU-10033 0
CPU-10034 4
CPU-10038 0
CPU-10040 0
CPU-10044 0
CPU-10046 4
CPU-10047 0
CPU-10053 2
CPU-10056 0
CPU-10063 0
CPU-10065 0
CPU-10066 9
CPU-10073 0
CPU-10075 0
CPU-10083 0
CPU-10086 0
3G 0
3G-on false
GPS 0
GPS-state-times 1.0 0.0 0.0
GPS-sattelites 0
Audio 0
Audio-on false
begin 6
total-power 954
LCD 900
LCD-brightness 255
LCD-screen-on true
LCD-1000 900
CPU 54
CPU-sys 11
CPU-usr 2
CPU-freq 700.0
CPU-0 34
CPU-1000 29
CPU-1001 0
CPU-1010 0
CPU-1012 0
CPU-1013 0
CPU-1014 0
CPU-1017 0
CPU-1019 0
CPU-1023 0
CPU-1026 0
CPU-1027 0
CPU-10000 0
CPU-10006 0
CPU-10009 14
CPU-10015 9
CPU-10016 0
CPU-10017 0
CPU-10021 0
CPU-10026 0
CPU-10027 0
CPU-10030 0
CPU-10033 0
CPU-10034 0
CPU-10038 0
CPU-10040 0
CPU-10044 0
CPU-10046 4
CPU-10047 0
CPU-10053 9
CPU-10056 0
CPU-10063 0
CPU-10065 0
CPU-10066 19
CPU-10073 0
CPU-10075 0
CPU-10083 0
CPU-10086 0
3G 0
3G-on false
GPS 0
GPS-state-times 1.0 0.0 0.0
GPS-sattelites 0
Audio 0
Audio-on false
associate 10084 powercam.activity@72
begin 7
total-power 1097
LCD 900
LCD-brightness 255
LCD-screen-on true
LCD-10084 900
CPU 197
CPU-sys 34
CPU-usr 12
CPU-freq 700.0
CPU-0 43
CPU-1000 53
CPU-1001 0
CPU-1010 0
CPU-1012 0
CPU-1013 0
CPU-1014 0
CPU-1017 0
CPU-1019 0
CPU-1023 0
CPU-1026 0
CPU-1027 0
CPU-10000 0
CPU-10006 0
CPU-10009 9
CPU-10015 0
CPU-10016 0
CPU-10017 0
CPU-10021 0
CPU-10026 0
CPU-10027 0
CPU-10030 0
CPU-10033 0
CPU-10034 0
CPU-10038 0
CPU-10040 0
CPU-10044 0
CPU-10046 4
CPU-10047 0
CPU-10053 4
CPU-10056 0
CPU-10063 4
CPU-10065 0
CPU-10066 14
CPU-10073 0
CPU-10075 9
CPU-10083 0
CPU-10086 107
3G 0
3G-on false
GPS 0
GPS-state-times 1.0 0.0 0.0
GPS-sattelites 0
Audio 0
Audio-on false
associate 10077 com.google.glass.companion:10077@350
begin 8
total-power 1144
LCD 900
LCD-brightness 255
LCD-screen-on true
LCD-10077 900
CPU 244
CPU-sys 27
CPU-usr 29
CPU-freq 700.0
CPU-0 58
CPU-1000 78
CPU-1001 0
CPU-1010 0
CPU-1012 0
CPU-1013 0
CPU-1014 0
CPU-1017 0
CPU-1019 0
CPU-1023 0
CPU-1026 0
CPU-1027 0
CPU-10000 0
CPU-10006 0
CPU-10009 9
CPU-10015 9
CPU-10027 0
CPU-10033 0
CPU-10034 0
CPU-10046 4
CPU-10053 0
CPU-10083 0
3G 0
3G-on false
GPS 0
GPS-state-times 1.0 0.0 0.0
GPS-sattelites 0
Audio 0
Audio-on false
associate 10072 com.fitnesskeeper.runkeeper.pro@302
associate 10076 kr.hwangti.batterylog@9
begin 9
total-power 1247
LCD 900
LCD-brightness 255
LCD-screen-on true
LCD-1000 900
CPU 347
CPU-sys 71
CPU-usr 9
CPU-freq 1200.0
CPU-0 83
CPU-1000 66
CPU-1001 0
CPU-1010 0
CPU-1012 0
CPU-1013 0
CPU-1014 0
CPU-1017 0
CPU-1019 0
CPU-1023 0
CPU-1026 0
CPU-1027 0
CPU-10000 0
CPU-10006 0
CPU-10009 8
CPU-10015 8
CPU-10017 0
CPU-10021 0
CPU-10026 0
CPU-10027 0
CPU-10030 0
CPU-10033 0
CPU-10034 0
CPU-10038 0
CPU-10040 0
CPU-10044 0
CPU-10046 8
CPU-10047 0
CPU-10053 0
CPU-10056 0
CPU-10063 0
CPU-10065 0
CPU-10066 8
CPU-10072 520
CPU-10073 0
CPU-10075 0
CPU-10076 0
CPU-10077 445
CPU-10083 0
CPU-10084 8
CPU-10086 0
3G 0
3G-on false
GPS 0
GPS-state-times 1.0 0.0 0.0
GPS-sattelites 0
Audio 0
Audio-on false
begin 10
total-power 1297
meminfo 710960 23676 4604 313764
LCD 900
LCD-brightness 255
LCD-screen-on true
LCD-1000 900
CPU 397
CPU-sys 90
CPU-usr 2
CPU-freq 1200.0
CPU-0 16
CPU-1000 41
CPU-1001 8
CPU-1010 0
CPU-1012 0
CPU-1013 0
CPU-1014 0
CPU-1017 0
CPU-1019 0
CPU-1023 0
CPU-1026 0
CPU-1027 0
CPU-10000 0
CPU-10006 0
CPU-10009 8
CPU-10015 0
CPU-10017 0
CPU-10021 0
CPU-10026 0
CPU-10027 0
CPU-10030 0
CPU-10033 0
CPU-10034 0
CPU-10038 0
CPU-10040 0
CPU-10044 0
CPU-10046 0
CPU-10047 0
CPU-10053 0
CPU-10056 0
CPU-10063 0
CPU-10065 0
CPU-10066 8
CPU-10072 665
CPU-10073 0
CPU-10075 0
CPU-10076 0
CPU-10077 597
CPU-10083 0
CPU-10084 0
CPU-10086 0
3G 0
3G-on false
GPS 0
GPS-state-times 1.0 0.0 0.0
GPS-sattelites 0
Audio 0
Audio-on false
begin 11
total-power 1294
LCD 900
LCD-brightness 255
LCD-screen-on true
LCD-1000 900
CPU 394
CPU-sys 91
CPU-usr 0
CPU-freq 1200.0
CPU-0 33
CPU-1000 25
CPU-1001 0
CPU-1010 0
CPU-1012 0
CPU-1013 0
CPU-1014 0
CPU-1017 0
CPU-1019 0
CPU-1023 8
CPU-1026 0
CPU-1027 0
CPU-10000 0
CPU-10006 0
CPU-10009 33
CPU-10015 0
CPU-10017 0
CPU-10021 0
CPU-10026 0
CPU-10027 0
CPU-10030 0
CPU-10033 0
CPU-10034 0
CPU-10038 0
CPU-10040 0
CPU-10044 0
CPU-10046 8
CPU-10047 0
CPU-10053 0
CPU-10056 0
CPU-10063 0
CPU-10065 0
CPU-10066 25
CPU-10072 645
CPU-10073 0
CPU-10075 0
CPU-10076 0
CPU-10077 617
CPU-10083 0
CPU-10084 0
CPU-10086 0
3G 0
3G-on false
GPS 0
GPS-state-times 1.0 0.0 0.0
GPS-sattelites 0
Audio 0
Audio-on false
begin 12
total-power 1294
LCD 900
LCD-brightness 255
LCD-screen-on true
LCD-1000 900
CPU 394
CPU-sys 90
CPU-usr 1
CPU-freq 1200.0
CPU-0 33
CPU-1000 41
CPU-1001 0
CPU-1010 0
CPU-1012 0
CPU-1013 0
CPU-1014 0
CPU-1017 0
CPU-1019 0
CPU-1023 0
CPU-1026 0
CPU-1027 0
CPU-10000 0
CPU-10006 0
CPU-10009 0
CPU-10015 0
CPU-10017 0
CPU-10021 0
CPU-10026 0
CPU-10027 0
CPU-10030 0
CPU-10033 0
CPU-10034 0
CPU-10038 0
CPU-10040 0
CPU-10044 0
CPU-10046 8
CPU-10047 0
CPU-10053 8
CPU-10056 0
CPU-10063 0
CPU-10065 0
CPU-10066 16
CPU-10072 545
CPU-10073 0
CPU-10075 0
CPU-10076 0
CPU-10077 730
CPU-10083 0
CPU-10084 0
CPU-10086 0
3G 0
3G-on false
GPS 0
GPS-state-times 1.0 0.0 0.0
GPS-sattelites 0
Audio 0
Audio-on false
begin 13
total-power 1279
LCD 900
LCD-brightness 255
LCD-screen-on true
LCD-1000 900
CPU 379
CPU-sys 75
CPU-usr 13
CPU-freq 1200.0
CPU-0 41
CPU-1000 33
CPU-1001 0
CPU-1010 0
CPU-1012 0
CPU-1013 0
CPU-1014 0
CPU-1017 0
CPU-1019 0
CPU-1023 0
CPU-1026 0
CPU-1027 0
CPU-10000 0
CPU-10006 0
CPU-10009 0
CPU-10015 0
CPU-10017 0
CPU-10021 0
CPU-10026 0
CPU-10027 0
CPU-10030 0
CPU-10033 0
CPU-10034 0
CPU-10038 0
CPU-10040 0
CPU-10044 0
CPU-10046 0
CPU-10047 0
CPU-10053 0
CPU-10056 0
CPU-10063 8
CPU-10065 0
CPU-10066 24
CPU-10072 263
CPU-10073 0
CPU-10075 0
CPU-10076 0
CPU-10077 810
CPU-10083 0
CPU-10084 0
CPU-10086 0
3G 0
3G-on false
GPS 0
GPS-state-times 1.0 0.0 0.0
GPS-sattelites 0
Audio 0
Audio-on false
associate 10041 com.google.android.music@1836
begin 14
total-power 1234
LCD 900
LCD-brightness 255
LCD-screen-on true
LCD-10041 900
CPU 334
CPU-sys 64
CPU-usr 14
CPU-freq 1200.0
CPU-0 83
CPU-1000 230
CPU-1001 0
CPU-1010 8
CPU-1012 0
CPU-1013 0
CPU-1014 0
CPU-1017 0
CPU-1019 0
CPU-1023 0
CPU-1026 0
CPU-1027 0
CPU-10000 0
CPU-10006 0
CPU-10009 25
CPU-10015 0
CPU-10027 0
CPU-10033 0
CPU-10034 83
CPU-10046 8
CPU-10053 0
CPU-10083 0
3G 0
3G-on false
GPS 0
GPS-state-times 1.0 0.0 0.0
GPS-sattelites 0
Audio 0
Audio-on false
associate 10037 com.google.android.apps.magazines@2014102707
begin 15
total-power 1218
LCD 900
LCD-brightness 255
LCD-screen-on true
LCD-10037 900
CPU 318
CPU-sys 63
CPU-usr 11
CPU-freq 1200.0
CPU-0 50
CPU-1000 175
CPU-1001 0
CPU-1010 0
CPU-1012 0
CPU-1013 0
CPU-1017 0
CPU-1019 0
CPU-1023 0
CPU-1026 0
CPU-10015 0
CPU-10046 8
CPU-10053 0
3G 0
3G-on false
GPS 0
GPS-state-times 1.0 0.0 0.0
GPS-sattelites 0
Audio 0
Audio-on false
begin 16
total-power 1255
LCD 900
LCD-brightness 255
LCD-screen-on true
LCD-10006 900
CPU 355
CPU-sys 71
CPU-usr 11
CPU-freq 1200.0
CPU-0 16
CPU-1000 150
CPU-1001 0
CPU-1010 0
CPU-1012 0
CPU-1013 0
CPU-1014 0
CPU-1017 0
CPU-1019 0
CPU-1023 8
CPU-1026 0
CPU-1027 0
CPU-10009 33
CPU-10015 0
CPU-10033 0
CPU-10034 0
CPU-10046 8
CPU-10053 0
CPU-10083 0
3G 0
3G-on false
GPS 0
GPS-state-times 1.0 0.0 0.0
GPS-sattelites 0
Audio 0
Audio-on false
battery-change 0 94/100 3861340
begin 17
total-power 1225
LCD 900
LCD-brightness 255
LCD-screen-on true
LCD-10009 900
CPU 325
CPU-sys 59
CPU-usr 16
CPU-freq 1200.0
CPU-0 166
CPU-1000 222
CPU-1001 0
CPU-1010 0
CPU-1012 0
CPU-1013 0
CPU-1014 0
CPU-1017 0
CPU-1019 0
CPU-1023 0
CPU-1026 0
CPU-1027 0
CPU-10006 16
CPU-10009 207
CPU-10015 0
CPU-10033 0
CPU-10034 0
CPU-10040 8
CPU-10046 8
CPU-10053 8
CPU-10083 0
3G 0
3G-on false
GPS 0
GPS-state-times 1.0 0.0 0.0
GPS-sattelites 0
Audio 0
Audio-on false
begin 18
total-power 1224
LCD 900
LCD-brightness 255
LCD-screen-on true
LCD-10021 900
CPU 324
CPU-sys 54
CPU-usr 21
CPU-freq 1200.0
CPU-0 33
CPU-1000 226
CPU-1001 0
CPU-1010 0
CPU-1012 0
CPU-1013 0
CPU-1014 0
CPU-1017 0
CPU-1019 0
CPU-1023 0
CPU-1026 0
CPU-1027 0
CPU-10006 16
CPU-10009 134
CPU-10015 109
CPU-10033 0
CPU-10034 0
CPU-10040 0
CPU-10046 8
CPU-10047 8
CPU-10053 16
CPU-10066 25
CPU-10075 92
CPU-10083 0
CPU-10084 0
CPU-10086 0
3G 0
3G-on false
GPS 0
GPS-state-times 1.0 0.0 0.0
GPS-sattelites 0
Audio 0
Audio-on false
begin 19
total-power 1085
LCD 900
LCD-brightness 255
LCD-screen-on true
LCD-10047 900
CPU 185
CPU-sys 33
CPU-usr 9
CPU-freq 1200.0
CPU-0 99
CPU-1000 290
CPU-1001 0
CPU-1010 0
CPU-1012 0
CPU-1013 0
CPU-1014 0
CPU-1017 0
CPU-1019 0
CPU-1023 0
CPU-1026 0
CPU-1027 0
CPU-10006 0
CPU-10009 83
CPU-10015 0
CPU-10033 0
CPU-10034 0
CPU-10040 0
CPU-10046 8
CPU-10053 0
CPU-10083 0
3G 0
3G-on false
GPS 0
GPS-state-times 1.0 0.0 0.0
GPS-sattelites 0
Audio 0
Audio-on false
associate 10013 com.google.android.deskclock@203
begin 20
total-power 1111
meminfo 710960 27412 5036 273484
LCD 900
LCD-brightness 255
LCD-screen-on true
LCD-1000 900
CPU 211
CPU-sys 46
CPU-usr 6
CPU-freq 350.0
CPU-0 29
CPU-1000 90
CPU-1001 2
CPU-1010 0
CPU-1012 0
CPU-1013 0
CPU-1014 0
CPU-1017 0
CPU-1019 0
CPU-1023 0
CPU-1026 0
CPU-1027 0
CPU-10006 0
CPU-10009 31
CPU-10013 0
CPU-10015 2
CPU-10033 0
CPU-10034 41
CPU-10040 0
CPU-10046 2
CPU-10053 0
CPU-10066 9
CPU-10075 0
CPU-10077 0
CPU-10083 0
CPU-10084 0
CPU-10086 0
3G 0
3G-on false
GPS 0
GPS-state-times 1.0 0.0 0.0
GPS-sattelites 0
Audio 0
Audio-on false
associate 10007 android.uid.calendar:10007@18
associate 10019 com.google.android.gallery3d@40012
associate 10039 com.google.android.apps.uploader@224000
associate 10048 com.google.android.apps.plus@413873288
associate 10069 com.vuzix.sg.partner@2
begin 21
total-power 946
LCD 900
LCD-brightness 255
LCD-screen-on true
LCD-1000 900
CPU 46
CPU-sys 10
CPU-usr 2
CPU-freq 350.0
CPU-0 17
CPU-1000 22
CPU-1001 0
CPU-1010 0
CPU-1012 0
CPU-1013 0
CPU-1014 0
CPU-1017 0
CPU-1019 0
CPU-1023 0
CPU-1026 0
CPU-1027 0
CPU-10000 0
CPU-10006 0
CPU-10007 0
CPU-10009 19
CPU-10013 0
CPU-10015 0
CPU-10019 0
CPU-10021 0
CPU-10027 0
CPU-10033 0
CPU-10034 0
CPU-10037 4
CPU-10038 0
CPU-10039 0
CPU-10040 0
CPU-10041 0
CPU-10046 2
CPU-10047 7
CPU-10048 0
CPU-10053 0
CPU-10056 0
CPU-10066 14
CPU-10069 0
CPU-10075 0
CPU-10077 0
CPU-10083 0
CPU-10084 0
CPU-10086 0
3G 0
3G-on false
GPS 0
GPS-state-times 1.0 0.0 0.0
GPS-sattelites 0
Audio 0
Audio-on false
begin 22
total-power 960
LCD 900
LCD-brightness 255
LCD-screen-on true
LCD-10009 900
CPU 60
CPU-sys 9
CPU-usr 4
CPU-freq 920.0
CPU-0 44
CPU-1000 69
CPU-1001 0
CPU-1010 0
CPU-1012 0
CPU-1013 0
CPU-1014 0
CPU-1017 0
CPU-1019 0
CPU-1023 0
CPU-1026 0
CPU-1027 0
CPU-10000 0
CPU-10006 0
CPU-10007 0
CPU-10009 152
CPU-10013 0
CPU-10015 0
CPU-10019 0
CPU-10021 0
CPU-10027 0
CPU-10033 0
CPU-10034 0
CPU-10037 0
CPU-10038 12
CPU-10039 0
CPU-10040 0
CPU-10041 0
CPU-10046 12
CPU-10047 0
CPU-10048 0
CPU-10053 0
CPU-10056 0
CPU-10066 6
CPU-10069 0
CPU-10075 0
CPU-10077 0
CPU-10083 0
CPU-10084 0
CPU-10086 0
3G 0
3G-on false
GPS 0
GPS-state-times 1.0 0.0 0.0
GPS-sattelites 0
Audio 0
Audio-on false
begin 23
total-power 992
LCD 900
LCD-brightness 255
LCD-screen-on true
LCD-1000 900
CPU 92
CPU-sys 21
CPU-usr 2
CPU-freq 350.0
CPU-0 17
CPU-1000 31
CPU-1001 0
CPU-1010 0
CPU-1012 0
CPU-1013 0
CPU-1014 0
CPU-1017 0
CPU-1019 0
CPU-1023 0
CPU-1026 0
CPU-1027 0
CPU-10000 0
CPU-10006 2
CPU-10007 0
CPU-10009 63
CPU-10013 0
CPU-10015 0
CPU-10019 0
CPU-10021 0
CPU-10027 0
CPU-10033 0
CPU-10034 0
CPU-10037 0
CPU-10038 0
CPU-10039 0
CPU-10040 0
CPU-10041 0
CPU-10046 2
CPU-10047 0
CPU-10048 0
CPU-10053 7
CPU-10056 0
CPU-10066 12
CPU-10069 0
CPU-10075 0
CPU-10077 0
CPU-10083 0
CPU-10084 0
CPU-10086 0
3G 0
3G-on false
GPS 0
GPS-state-times 1.0 0.0 0.0
GPS-sattelites 0
Audio 0
Audio-on false
begin 24
total-power 957
LCD 900
LCD-brightness 255
LCD-screen-on true
LCD-1000 900
CPU 57
CPU-sys 5
CPU-usr 10
CPU-freq 350.0
CPU-0 19
CPU-1000 22
CPU-1001 0
CPU-1010 0
CPU-1012 0
CPU-1013 0
CPU-1014 0
CPU-1017 0
CPU-1019 0
CPU-1023 0
CPU-1026 0
CPU-1027 0
CPU-10000 0
CPU-10006 0
CPU-10007 7
CPU-10009 0
CPU-10013 0
CPU-10015 0
CPU-10019 0
CPU-10021 0
CPU-10027 0
CPU-10033 0
CPU-10034 0
CPU-10037 0
CPU-10038 0
CPU-10039 0
CPU-10040 0
CPU-10041 0
CPU-10046 2
CPU-10047 0
CPU-10048 0
CPU-10053 0
CPU-10056 0
CPU-10066 19
CPU-10069 0
CPU-10075 2
CPU-10077 2
CPU-10083 71
CPU-10084 0
CPU-10086 0
3G 0
3G-on false
GPS 0
GPS-state-times 1.0 0.0 0.0
GPS-sattelites 0
Audio 0
Audio-on false
begin 25
total-power 975
LCD 900
LCD-brightness 255
LCD-screen-on true
LCD-1000 900
CPU 75
CPU-sys 18
CPU-usr 0
CPU-freq 920.0
CPU-0 64
CPU-1000 38
CPU-1001 0
CPU-1010 0
CPU-1012 0
CPU-1013 38
CPU-1014 0
CPU-1017 0
CPU-1019 0
CPU-1023 134
CPU-1026 0
CPU-1027 0
CPU-10000 12
CPU-10006 0
CPU-10007 0
CPU-10009 0
CPU-10013 0
CPU-10015 0
CPU-10019 0
CPU-10021 6
CPU-10027 0
CPU-10033 0
CPU-10034 179
CPU-10037 0
CPU-10038 0
CPU-10039 0
CPU-10040 0
CPU-10041 6
CPU-10046 6
CPU-10047 0
CPU-10048 6
CPU-10053 6
CPU-10056 19
CPU-10066 6
CPU-10069 0
CPU-10075 0
CPU-10077 0
CPU-10083 0
CPU-10084 0
CPU-10086 0
3G 0
3G-on false
GPS 0
GPS-state-times 1.0 0.0 0.0
GPS-sattelites 0
Audio 0
Audio-on false
begin 26
total-power 1049
LCD 900
LCD-brightness 255
LCD-screen-on true
LCD-1000 900
CPU 149
CPU-sys 27
CPU-usr 8
CPU-freq 700.0
CPU-0 14
CPU-1000 48
CPU-1001 0
CPU-1010 0
CPU-1012 0
CPU-1013 29
CPU-1014 0
CPU-1017 0
CPU-1019 0
CPU-1023 0
CPU-1026 0
CPU-1027 0
CPU-10000 0
CPU-10006 0
CPU-10007 0
CPU-10009 0
CPU-10013 0
CPU-10015 0
CPU-10019 0
CPU-10021 0
CPU-10027 0
CPU-10033 0
CPU-10034 245
CPU-10037 0
CPU-10038 0
CPU-10039 0
CPU-10040 0
CPU-10041 0
CPU-10046 0
CPU-10047 4
CPU-10048 4
CPU-10053 0
CPU-10056 0
CPU-10066 14
CPU-10069 0
CPU-10075 0
CPU-10077 0
CPU-10083 0
CPU-10084 0
CPU-10086 0
3G 0
3G-on false
GPS 0
GPS-state-times 1.0 0.0 0.0
GPS-sattelites 0
Audio 0
Audio-on false
begin 27
total-power 945
LCD 900
LCD-brightness 255
LCD-screen-on true
LCD-1000 900
CPU 45
CPU-sys 11
CPU-usr 1
CPU-freq 350.0
CPU-0 7
CPU-1000 29
CPU-1001 0
CPU-1010 0
CPU-1012 0
CPU-1013 19
CPU-1014 0
CPU-1017 0
CPU-1019 0
CPU-1023 0
CPU-1026 0
CPU-1027 0
CPU-10000 0
CPU-10006 0
CPU-10007 0
CPU-10009 2
CPU-10013 0
CPU-10015 0
CPU-10019 0
CPU-10021 2
CPU-10027 0
CPU-10033 0
CPU-10034 17
CPU-10037 0
CPU-10038 0
CPU-10039 0
CPU-10040 0
CPU-10041 0
CPU-10046 0
CPU-10047 0
CPU-10048 0
CPU-10053 2
CPU-10056 0
CPU-10066 9
CPU-10069 0
CPU-10075 0
CPU-10077 0
CPU-10083 0
CPU-10084 0
CPU-10086 0
3G 0
3G-on false
GPS 0
GPS-state-times 1.0 0.0 0.0
GPS-sattelites 0
Audio 0
Audio-on false
associate 10088 lysesoft.andftp@71
begin 28
total-power 1038
LCD 900
LCD-brightness 255
LCD-screen-on true
LCD-10088 900
CPU 138
CPU-sys 27
CPU-usr 5
CPU-freq 920.0
CPU-0 38
CPU-1000 222
CPU-1001 0
CPU-1010 0
CPU-1012 0
CPU-1013 44
CPU-1014 0
CPU-1017 0
CPU-1019 0
CPU-1023 0
CPU-1026 0
CPU-1027 0
CPU-10000 0
CPU-10006 25
CPU-10007 0
CPU-10009 63
CPU-10013 0
CPU-10015 0
CPU-10019 0
CPU-10021 0
CPU-10027 0
CPU-10033 0
CPU-10034 44
CPU-10037 0
CPU-10038 0
CPU-10039 0
CPU-10040 0
CPU-10041 0
CPU-10046 0
CPU-10047 0
CPU-10048 0
CPU-10053 6
CPU-10056 0
CPU-10066 6
CPU-10069 0
CPU-10075 0
CPU-10077 0
CPU-10083 0
CPU-10084 0
CPU-10086 0
3G 0
3G-on false
GPS 0
GPS-state-times 1.0 0.0 0.0
GPS-sattelites 0
Audio 0
Audio-on false
begin 29
total-power 1017
LCD 900
LCD-brightness 255
LCD-screen-on true
LCD-10088 900
CPU 117
CPU-sys 15
CPU-usr 12
CPU-freq 700.0
CPU-0 34
CPU-1000 146
CPU-1001 4
CPU-1010 0
CPU-1012 0
CPU-1013 39
CPU-1014 0
CPU-1017 0
CPU-1019 0
CPU-1023 0
CPU-1026 0
CPU-1027 0
CPU-10000 0
CPU-10006 0
CPU-10007 4
CPU-10009 9
CPU-10013 0
CPU-10015 0
CPU-10019 0
CPU-10021 0
CPU-10027 0
CPU-10033 0
CPU-10034 9
CPU-10037 0
CPU-10038 0
CPU-10039 0
CPU-10040 0
CPU-10041 0
CPU-10046 0
CPU-10047 0
CPU-10048 0
CPU-10053 29
CPU-10056 0
CPU-10066 9
CPU-10069 0
CPU-10075 0
CPU-10077 0
CPU-10083 0
CPU-10084 0
CPU-10086 0
CPU-10088 24
3G 0
3G-on false
GPS 0
GPS-state-times 1.0 0.0 0.0
GPS-sattelites 0
Audio 0
Audio-on false
begin 30
total-power 1110
meminfo 710960 22060 5384 254608
LCD 900
LCD-brightness 255
LCD-screen-on true
LCD-10088 900
CPU 210
CPU-sys 34
CPU-usr 15
CPU-freq 700.0
CPU-0 34
CPU-1000 209
CPU-1001 0
CPU-1010 0
CPU-1012 0
CPU-1013 24
CPU-1014 0
CPU-1017 0
CPU-1019 0
CPU-1023 9
CPU-1026 0
CPU-1027 0
CPU-10000 0
CPU-10006 0
CPU-10007 0
CPU-10009 24
CPU-10013 0
CPU-10015 0
CPU-10019 0
CPU-10021 0
CPU-10027 0
CPU-10033 0
CPU-10034 0
CPU-10037 0
CPU-10038 0
CPU-10039 0
CPU-10040 0
CPU-10041 0
CPU-10046 4
CPU-10047 0
CPU-10048 0
CPU-10053 9
CPU-10056 0
CPU-10066 19
CPU-10069 0
CPU-10075 0
CPU-10077 0
CPU-10083 0
CPU-10084 0
CPU-10086 0
CPU-10088 194
3G 0
3G-on false
GPS 0
GPS-state-times 1.0 0.0 0.0
GPS-sattelites 0
Audio 0
Audio-on false
begin 31
total-power 975
LCD 900
LCD-brightness 255
LCD-screen-on true
LCD-10088 900
CPU 75
CPU-sys 15
CPU-usr 3
CPU-freq 1200.0
CPU-0 33
CPU-1000 175
CPU-1001 0
CPU-1010 0
CPU-1012 0
CPU-1013 75
CPU-1014 0
CPU-1017 0
CPU-1019 0
CPU-1023 0
CPU-1026 0
CPU-1027 0
CPU-10000 0
CPU-10006 0
CPU-10007 0
CPU-10009 0
CPU-10013 0
CPU-10015 0
CPU-10019 0
CPU-10021 0
CPU-10027 0
CPU-10033 0
CPU-10034 0
CPU-10037 0
CPU-10038 0
CPU-10039 0
CPU-10040 0
CPU-10041 0
CPU-10046 0
CPU-10047 0
CPU-10048 0
CPU-10053 8
CPU-10056 0
CPU-10066 8
CPU-10069 0
CPU-10075 0
CPU-10077 0
CPU-10083 0
CPU-10084 0
CPU-10086 0
CPU-10088 125
3G 0
3G-on false
GPS 0
GPS-state-times 1.0 0.0 0.0
GPS-sattelites 0
Audio 0
Audio-on false
begin 32
total-power 1101
LCD 900
LCD-brightness 255
LCD-screen-on true
LCD-10088 900
CPU 201
CPU-sys 35
CPU-usr 11
CPU-freq 1200.0
CPU-0 16
CPU-1000 240
CPU-1001 0
CPU-1010 0
CPU-1012 0
CPU-1013 50
CPU-1014 0
CPU-1017 0
CPU-1019 0
CPU-1023 0
CPU-1026 0
CPU-1027 0
CPU-10000 0
CPU-10006 0
CPU-10007 0
CPU-10009 0
CPU-10013 0
CPU-10015 0
CPU-10019 0
CPU-10021 0
CPU-10027 0
CPU-10033 0
CPU-10034 0
CPU-10037 0
CPU-10038 0
CPU-10039 0
CPU-10040 0
CPU-10041 0
CPU-10046 0
CPU-10047 0
CPU-10048 0
CPU-10053 16
CPU-10056 0
CPU-10066 8
CPU-10069 0
CPU-10075 0
CPU-10077 0
CPU-10083 0
CPU-10084 0
CPU-10086 0
CPU-10088 390
3G 0
3G-on false
GPS 0
GPS-state-times 1.0 0.0 0.0
GPS-sattelites 0
Audio 0
Audio-on false
begin 33
total-power 998
LCD 900
LCD-brightness 255
LCD-screen-on true
LCD-10088 900
CPU 98
CPU-sys 23
CPU-usr 0
CPU-freq 700.0
CPU-0 34
CPU-1000 68
CPU-1001 0
CPU-1010 4
CPU-1012 0
CPU-1013 34
CPU-1014 0
CPU-1017 0
CPU-1019 0
CPU-1023 0
CPU-1026 0
CPU-1027 0
CPU-10000 0
CPU-10006 0
CPU-10007 0
CPU-10009 24
CPU-10013 0
CPU-10015 0
CPU-10019 0
CPU-10021 0
CPU-10027 0
CPU-10033 0
CPU-10034 0
CPU-10037 0
CPU-10038 0
CPU-10039 0
CPU-10040 0
CPU-10041 0
CPU-10046 0
CPU-10047 0
CPU-10048 0
CPU-10053 9
CPU-10056 0
CPU-10066 14
CPU-10069 0
CPU-10075 0
CPU-10077 4
CPU-10083 0
CPU-10084 24
CPU-10086 4
CPU-10088 186
3G 0
3G-on false
GPS 0
GPS-state-times 1.0 0.0 0.0
GPS-sattelites 0
Audio 0
Audio-on false
begin 34
total-power 967
LCD 900
LCD-brightness 255
LCD-screen-on true
LCD-10088 900
CPU 67
CPU-sys 15
CPU-usr 1
CPU-freq 700.0
CPU-0 38
CPU-1000 136
CPU-1001 0
CPU-1010 0
CPU-1012 0
CPU-1013 43
CPU-1014 0
CPU-1017 0
CPU-1019 0
CPU-1023 0
CPU-1026 0
CPU-1027 0
CPU-10000 0
CPU-10006 0
CPU-10007 0
CPU-10009 0
CPU-10013 0
CPU-10015 0
CPU-10019 0
CPU-10021 0
CPU-10027 0
CPU-10033 0
CPU-10034 4
CPU-10037 0
CPU-10038 0
CPU-10039 0
CPU-10040 0
CPU-10041 0
CPU-10046 0
CPU-10047 0
CPU-10048 0
CPU-10053 4
CPU-10056 0
CPU-10066 4
CPU-10069 0
CPU-10075 0
CPU-10077 0
CPU-10083 0
CPU-10084 0
CPU-10086 0
CPU-10088 4
3G 0
3G-on false
GPS 0
GPS-state-times 1.0 0.0 0.0
GPS-sattelites 0
Audio 0
Audio-on false
begin 35
total-power 908
LCD 900
LCD-brightness 255
LCD-screen-on true
LCD-10088 900
CPU 8
CPU-sys 2
CPU-usr 0
CPU-freq 350.0
CPU-0 0
CPU-1000 14
CPU-1001 0
CPU-1010 0
CPU-1012 0
CPU-1013 2
CPU-1014 0
CPU-1017 0
CPU-1019 0
CPU-1023 0
CPU-1026 0
CPU-1027 0
CPU-10000 0
CPU-10006 0
CPU-10007 0
CPU-10009 0
CPU-10013 0
CPU-10015 0
CPU-10019 0
CPU-10021 0
CPU-10027 0
CPU-10033 0
CPU-10034 0
CPU-10037 0
CPU-10038 0
CPU-10039 0
CPU-10040 0
CPU-10041 0
CPU-10046 0
CPU-10047 0
CPU-10048 0
CPU-10053 4
CPU-10056 0
CPU-10066 4
CPU-10069 0
CPU-10075 0
CPU-10077 0
CPU-10083 0
CPU-10084 0
CPU-10086 0
CPU-10088 0
3G 0
3G-on false
GPS 0
GPS-state-times 1.0 0.0 0.0
GPS-sattelites 0
Audio 0
Audio-on false
begin 36
total-power 938
LCD 900
LCD-brightness 255
LCD-screen-on true
LCD-10088 900
CPU 38
CPU-sys 9
CPU-usr 0
CPU-freq 350.0
CPU-0 19
CPU-1000 50
CPU-1001 0
CPU-1010 0
CPU-1012 0
CPU-1013 0
CPU-1014 0
CPU-1017 0
CPU-1019 0
CPU-1023 0
CPU-1026 0
CPU-1027 0
CPU-10000 0
CPU-10006 0
CPU-10007 0
CPU-10009 0
CPU-10013 0
CPU-10015 0
CPU-10019 0
CPU-10021 0
CPU-10027 0
CPU-10033 0
CPU-10034 0
CPU-10037 0
CPU-10038 0
CPU-10039 0
CPU-10040 0
CPU-10041 0
CPU-10046 0
CPU-10047 0
CPU-10048 0
CPU-10053 0
CPU-10056 0
CPU-10066 12
CPU-10069 0
CPU-10075 0
CPU-10077 0
CPU-10083 0
CPU-10084 0
CPU-10086 0
CPU-10088 0
3G 0
3G-on false
GPS 0
GPS-state-times 1.0 0.0 0.0
GPS-sattelites 0
Audio 0
Audio-on false
begin 37
total-power 1025
LCD 900
LCD-brightness 255
LCD-screen-on true
LCD-10088 900
CPU 125
CPU-sys 29
CPU-usr 0
CPU-freq 920.0
CPU-0 25
CPU-1000 57
CPU-1001 0
CPU-1010 0
CPU-1012 0
CPU-1013 38
CPU-1014 0
CPU-1017 0
CPU-1019 0
CPU-1023 0
CPU-1026 0
CPU-1027 0
CPU-10000 0
CPU-10006 0
CPU-10007 0
CPU-10009 6
CPU-10013 0
CPU-10015 0
CPU-10019 0
CPU-10021 0
CPU-10027 0
CPU-10033 0
CPU-10034 0
CPU-10037 0
CPU-10038 0
CPU-10039 0
CPU-10040 0
CPU-10041 0
CPU-10046 0
CPU-10047 0
CPU-10048 0
CPU-10053 6
CPU-10056 0
CPU-10066 19
CPU-10069 0
CPU-10075 0
CPU-10077 0
CPU-10083 0
CPU-10084 0
CPU-10086 0
CPU-10088 0
3G 0
3G-on false
GPS 0
GPS-state-times 1.0 0.0 0.0
GPS-sattelites 0
Audio 0
Audio-on false
begin 38
total-power 1060
LCD 900
LCD-brightness 255
LCD-screen-on true
LCD-10088 900
CPU 160
CPU-sys 37
CPU-usr 0
CPU-freq 1200.0
CPU-0 33
CPU-1000 91
CPU-1001 8
CPU-1010 0
CPU-1012 0
CPU-1013 58
CPU-1014 0
CPU-1017 0
CPU-1019 0
CPU-1023 0
CPU-1026 0
CPU-1027 0
CPU-10000 0
CPU-10006 0
CPU-10007 0
CPU-10009 16
CPU-10013 0
CPU-10015 0
CPU-10019 0
CPU-10021 0
CPU-10027 0
CPU-10033 0
CPU-10034 0
CPU-10037 0
CPU-10038 0
CPU-10039 0
CPU-10040 0
CPU-10041 0
CPU-10046 0
CPU-10047 0
CPU-10048 0
CPU-10053 0
CPU-10056 0
CPU-10066 8
CPU-10069 0
CPU-10075 0
CPU-10077 0
CPU-10083 0
CPU-10084 0
CPU-10086 0
CPU-10088 0
3G 0
3G-on false
GPS 0
GPS-state-times 1.0 0.0 0.0
GPS-sattelites 0
Audio 0
Audio-on false
begin 39
total-power 978
LCD 900
LCD-brightness 255
LCD-screen-on true
LCD-10088 900
CPU 78
CPU-sys 19
CPU-usr 0
CPU-freq 350.0
CPU-0 7
CPU-1000 19
CPU-1001 0
CPU-1010 0
CPU-1012 0
CPU-1013 17
CPU-1014 0
CPU-1017 0
CPU-1019 0
CPU-1023 0
CPU-1026 0
CPU-1027 0
CPU-10000 0
CPU-10006 0
CPU-10007 0
CPU-10009 2
CPU-10013 0
CPU-10015 0
CPU-10019 0
CPU-10021 0
CPU-10027 0
CPU-10033 0
CPU-10034 0
CPU-10037 0
CPU-10038 0
CPU-10039 0
CPU-10040 0
CPU-10041 0
CPU-10046 0
CPU-10047 0
CPU-10048 0
CPU-10053 0
CPU-10056 0
CPU-10066 7
CPU-10069 0
CPU-10075 0
CPU-10077 0
CPU-10083 0
CPU-10084 0
CPU-10086 0
CPU-10088 306
3G 0
3G-on false
GPS 0
GPS-state-times 1.0 0.0 0.0
GPS-sattelites 0
Audio 0
Audio-on false
begin 40
total-power 1103
meminfo 710960 23664 5392 250004
LCD 900
LCD-brightness 255
LCD-screen-on true
LCD-10088 900
CPU 203
CPU-sys 47
CPU-usr 0
CPU-freq 1200.0
CPU-0 58
CPU-1000 167
CPU-1001 0
CPU-1010 0
CPU-1012 0
CPU-1013 33
CPU-1014 0
CPU-1017 0
CPU-1019 0
CPU-1023 0
CPU-1026 0
CPU-1027 0
CPU-10000 0
CPU-10006 0
CPU-10007 0
CPU-10009 0
CPU-10013 0
CPU-10015 0
CPU-10019 0
CPU-10021 0
CPU-10027 0
CPU-10033 0
CPU-10034 0
CPU-10037 0
CPU-10038 0
CPU-10039 0
CPU-10040 0
CPU-10041 0
CPU-10046 0
CPU-10047 0
CPU-10048 0
CPU-10053 0
CPU-10056 0
CPU-10066 25
CPU-10069 0
CPU-10075 0
CPU-10077 0
CPU-10083 0
CPU-10084 0
CPU-10086 0
CPU-10088 556
3G 0
3G-on false
GPS 0
GPS-state-times 1.0 0.0 0.0
GPS-sattelites 0
Audio 0
Audio-on false
signal 10
begin 41
total-power 1056
LCD 900
LCD-brightness 255
LCD-screen-on true
LCD-10088 900
CPU 156
CPU-sys 36
CPU-usr 0
CPU-freq 920.0
CPU-0 44
CPU-1000 102
CPU-1001 0
CPU-1010 0
CPU-1012 0
CPU-1013 0
CPU-1014 0
CPU-1017 0
CPU-1019 0
CPU-1023 0
CPU-1026 0
CPU-1027 0
CPU-10000 0
CPU-10006 0
CPU-10007 0
CPU-10009 0
CPU-10013 0
CPU-10015 0
CPU-10019 0
CPU-10021 0
CPU-10027 0
CPU-10033 0
CPU-10034 0
CPU-10037 0
CPU-10038 0
CPU-10039 0
CPU-10040 0
CPU-10041 0
CPU-10046 0
CPU-10047 0
CPU-10048 0
CPU-10053 0
CPU-10056 0
CPU-10066 19
CPU-10069 0
CPU-10075 0
CPU-10077 0
CPU-10083 0
CPU-10084 0
CPU-10086 0
CPU-10088 333
3G 0
3G-on false
GPS 0
GPS-state-times 1.0 0.0 0.0
GPS-sattelites 0
Audio 0
Audio-on false
begin 42
total-power 1072
LCD 900
LCD-brightness 255
LCD-screen-on true
LCD-10088 900
CPU 172
CPU-sys 32
CPU-usr 8
CPU-freq 1200.0
CPU-0 58
CPU-1000 142
CPU-1001 0
CPU-1010 0
CPU-1012 0
CPU-1013 0
CPU-1014 0
CPU-1017 0
CPU-1019 0
CPU-1023 0
CPU-1026 0
CPU-1027 0
CPU-10006 0
CPU-10009 0
CPU-10015 0
CPU-10033 0
CPU-10034 0
CPU-10040 0
CPU-10046 0
CPU-10053 8
CPU-10066 8
CPU-10075 0
CPU-10077 0
CPU-10083 0
CPU-10084 16
CPU-10086 0
3G 0
3G-on false
GPS 0
GPS-state-times 1.0 0.0 0.0
GPS-sattelites 0
Audio 0
Audio-on false
signal 10
begin 43
total-power 1004
LCD 900
LCD-brightness 255
LCD-screen-on true
LCD-10088 900
CPU 104
CPU-sys 24
CPU-usr 2
CPU-freq 350.0
CPU-0 4
CPU-1000 21
CPU-1001 2
CPU-1010 0
CPU-1012 0
CPU-1013 0
CPU-1014 0
CPU-1017 0
CPU-1019 0
CPU-1023 0
CPU-1026 0
CPU-1027 0
CPU-10000 0
CPU-10006 0
CPU-10007 0
CPU-10009 2
CPU-10015 0
CPU-10019 0
CPU-10021 0
CPU-10027 0
CPU-10033 0
CPU-10034 0
CPU-10037 0
CPU-10038 0
CPU-10039 0
CPU-10040 0
CPU-10041 0
CPU-10046 0
CPU-10047 0
CPU-10048 0
CPU-10053 2
CPU-10056 0
CPU-10066 7
CPU-10069 0
CPU-10075 0
CPU-10077 0
CPU-10083 0
CPU-10084 0
CPU-10086 0
CPU-10088 87
3G 0
3G-on false
GPS 0
GPS-state-times 1.0 0.0 0.0
GPS-sattelites 0
Audio 0
Audio-on false
begin 44
total-power 935
LCD 900
LCD-brightness 255
LCD-screen-on true
LCD-10088 900
CPU 35
CPU-sys 9
CPU-usr 0
CPU-freq 350.0
CPU-0 19
CPU-1000 7
CPU-1001 0
CPU-1010 0
CPU-1012 0
CPU-1013 0
CPU-1014 0
CPU-1017 0
CPU-1019 0
CPU-1023 2
CPU-1026 0
CPU-1027 0
CPU-10000 0
CPU-10006 0
CPU-10007 0
CPU-10009 0
CPU-10015 0
CPU-10019 0
CPU-10021 0
CPU-10027 0
CPU-10033 0
CPU-10034 0
CPU-10037 0
CPU-10038 0
CPU-10039 0
CPU-10040 0
CPU-10041 0
CPU-10046 0
CPU-10047 0
CPU-10048 0
CPU-10053 0
CPU-10056 0
CPU-10066 9
CPU-10069 0
CPU-10075 0
CPU-10077 0
CPU-10083 0
CPU-10084 0
CPU-10086 0
CPU-10088 19
3G 0
3G-on false
GPS 0
GPS-state-times 1.0 0.0 0.0
GPS-sattelites 0
Audio 0
Audio-on false
begin 45
total-power 956
LCD 900
LCD-brightness 255
LCD-screen-on true
LCD-10088 900
CPU 56
CPU-sys 13
CPU-usr 0
CPU-freq 700.0
CPU-0 4
CPU-1000 48
CPU-1001 4
CPU-1010 0
CPU-1012 0
CPU-1013 117
CPU-1014 0
CPU-1017 0
CPU-1019 0
CPU-1023 0
CPU-1026 0
CPU-1027 0
CPU-10000 0
CPU-10006 0
CPU-10007 0
CPU-10009 0
CPU-10015 0
CPU-10019 0
CPU-10021 0
CPU-10027 0
CPU-10033 0
CPU-10034 0
CPU-10037 0
CPU-10038 0
CPU-10039 0
CPU-10040 0
CPU-10041 0
CPU-10046 0
CPU-10047 0
CPU-10048 0
CPU-10053 9
CPU-10056 0
CPU-10066 14
CPU-10069 0
CPU-10075 0
CPU-10077 0
CPU-10083 0
CPU-10084 0
CPU-10086 0
CPU-10088 68
3G 0
3G-on false
GPS 0
GPS-state-times 1.0 0.0 0.0
GPS-sattelites 0
Audio 0
Audio-on false
begin 46
total-power 967
LCD 900
LCD-brightness 255
LCD-screen-on true
LCD-10088 900
CPU 67
CPU-sys 12
CPU-usr 4
CPU-freq 700.0
CPU-0 4
CPU-1000 78
CPU-1001 0
CPU-1010 0
CPU-1012 0
CPU-1013 34
CPU-1014 0
CPU-1017 0
CPU-1019 0
CPU-1023 0
CPU-1026 0
CPU-1027 0
CPU-10000 0
CPU-10006 0
CPU-10007 0
CPU-10009 0
CPU-10015 0
CPU-10019 0
CPU-10021 0
CPU-10027 0
CPU-10033 0
CPU-10034 0
CPU-10037 0
CPU-10038 0
CPU-10039 0
CPU-10040 0
CPU-10041 0
CPU-10046 0
CPU-10047 0
CPU-10048 0
CPU-10053 0
CPU-10056 0
CPU-10066 4
CPU-10069 0
CPU-10075 0
CPU-10077 0
CPU-10083 0
CPU-10084 0
CPU-10086 0
CPU-10088 34
3G 0
3G-on false
GPS 0
GPS-state-times 1.0 0.0 0.0
GPS-sattelites 0
Audio 0
Audio-on false
begin 47
total-power 1130
LCD 900
LCD-brightness 255
LCD-screen-on true
LCD-10088 900
CPU 230
CPU-sys 45
CPU-usr 8
CPU-freq 700.0
CPU-0 33
CPU-1000 203
CPU-1001 0
CPU-1010 0
CPU-1012 0
CPU-1013 33
CPU-1014 0
CPU-1017 0
CPU-1019 0
CPU-1023 0
CPU-1026 0
CPU-1027 0
CPU-10000 0
CPU-10006 0
CPU-10007 0
CPU-10009 29
CPU-10015 0
CPU-10019 0
CPU-10021 0
CPU-10027 0
CPU-10033 0
CPU-10034 0
CPU-10037 0
CPU-10038 0
CPU-10039 0
CPU-10040 0
CPU-10041 0
CPU-10046 0
CPU-10047 9
CPU-10048 0
CPU-10053 77
CPU-10056 0
CPU-10066 4
CPU-10069 0
CPU-10075 0
CPU-10077 0
CPU-10083 0
CPU-10084 0
CPU-10086 72
CPU-10088 227
3G 0
3G-on false
GPS 0
GPS-state-times 1.0 0.0 0.0
GPS-sattelites 0
Audio 0
Audio-on false
begin 48
total-power 1002
LCD 900
LCD-brightness 255
LCD-screen-on true
LCD-10088 900
CPU 102
CPU-sys 20
CPU-usr 4
CPU-freq 920.0
CPU-0 58
CPU-1000 116
CPU-1001 6
CPU-1010 0
CPU-1012 0
CPU-1013 51
CPU-1014 0
CPU-1017 0
CPU-1019 0
CPU-1023 0
CPU-1026 0
CPU-1027 0
CPU-10000 0
CPU-10006 0
CPU-10007 0
CPU-10009 0
CPU-10015 0
CPU-10019 0
CPU-10021 0
CPU-10027 0
CPU-10033 0
CPU-10034 0
CPU-10037 0
CPU-10038 0
CPU-10039 0
CPU-10040 0
CPU-10041 0
CPU-10046 0
CPU-10047 0
CPU-10048 0
CPU-10053 0
CPU-10056 0
CPU-10066 25
CPU-10069 0
CPU-10075 0
CPU-10077 0
CPU-10083 0
CPU-10084 0
CPU-10086 12
CPU-10088 148
3G 0
3G-on false
GPS 0
GPS-state-times 1.0 0.0 0.0
GPS-sattelites 0
Audio 0
Audio-on false
begin 49
total-power 1100
LCD 900
LCD-brightness 255
LCD-screen-on true
LCD-10088 900
CPU 200
CPU-sys 46
CPU-usr 0
CPU-freq 1200.0
CPU-0 220
CPU-1000 178
CPU-1001 0
CPU-1010 0
CPU-1012 0
CPU-1013 50
CPU-1014 0
CPU-1017 0
CPU-1019 0
CPU-1023 101
CPU-1026 0
CPU-1027 0
CPU-10000 0
CPU-10006 0
CPU-10007 0
CPU-10009 0
CPU-10015 0
CPU-10019 0
CPU-10021 0
CPU-10027 0
CPU-10033 0
CPU-10034 0
CPU-10037 0
CPU-10038 0
CPU-10039 0
CPU-10040 0
CPU-10041 0
CPU-10046 0
CPU-10047 0
CPU-10048 0
CPU-10053 0
CPU-10056 0
CPU-10066 16
CPU-10069 0
CPU-10075 0
CPU-10077 0
CPU-10083 0
CPU-10084 0
CPU-10086 0
CPU-10088 606
3G 0
3G-on false
GPS 0
GPS-state-times 1.0 0.0 0.0
GPS-sattelites 0
Audio 0
Audio-on false
begin 50
total-power 1113
meminfo 710960 23264 5520 249624
LCD 900
LCD-brightness 255
LCD-screen-on true
LCD-10088 900
CPU 213
CPU-sys 43
CPU-usr 6
CPU-freq 1200.0
CPU-0 233
CPU-1000 199
CPU-1001 0
CPU-1010 0
CPU-1012 0
CPU-1013 51
CPU-1014 0
CPU-1017 0
CPU-1019 0
CPU-1023 95
CPU-1026 0
CPU-1027 0
CPU-10000 0
CPU-10006 0
CPU-10007 0
CPU-10009 0
CPU-10015 0
CPU-10019 0
CPU-10021 0
CPU-10027 0
CPU-10033 0
CPU-10034 0
CPU-10037 0
CPU-10038 0
CPU-10039 0
CPU-10040 0
CPU-10041 0
CPU-10046 0
CPU-10047 0
CPU-10048 0
CPU-10053 0
CPU-10056 0
CPU-10066 8
CPU-10069 0
CPU-10075 0
CPU-10077 0
CPU-10083 0
CPU-10084 0
CPU-10086 0
CPU-10088 492
3G 0
3G-on false
GPS 0
GPS-state-times 1.0 0.0 0.0
GPS-sattelites 0
Audio 0
Audio-on false
begin 51
total-power 1120
LCD 900
LCD-brightness 255
LCD-screen-on true
LCD-10088 900
CPU 220
CPU-sys 43
CPU-usr 7
CPU-freq 1200.0
CPU-0 220
CPU-1000 201
CPU-1001 0
CPU-1010 0
CPU-1012 0
CPU-1013 61
CPU-1014 0
CPU-1017 0
CPU-1019 0
CPU-1023 113
CPU-1026 0
CPU-1027 0
CPU-10000 0
CPU-10006 0
CPU-10007 0
CPU-10009 78
CPU-10015 0
CPU-10019 0
CPU-10021 0
CPU-10027 0
CPU-10033 0
CPU-10034 0
CPU-10037 0
CPU-10038 0
CPU-10039 0
CPU-10040 0
CPU-10041 26
CPU-10046 0
CPU-10047 0
CPU-10048 0
CPU-10053 0
CPU-10056 0
CPU-10066 17
CPU-10069 0
CPU-10075 0
CPU-10077 0
CPU-10083 0
CPU-10084 0
CPU-10086 0
CPU-10088 511
3G 0
3G-on false
GPS 0
GPS-state-times 1.0 0.0 0.0
GPS-sattelites 0
Audio 0
Audio-on false
begin 52
total-power 1085
LCD 900
LCD-brightness 255
LCD-screen-on true
LCD-10088 900
CPU 185
CPU-sys 6
CPU-usr 37
CPU-freq 1200.0
CPU-0 179
CPU-1000 51
CPU-1001 0
CPU-1010 8
CPU-1012 0
CPU-1013 0
CPU-1014 0
CPU-1017 0
CPU-1019 0
CPU-1023 25
CPU-1026 0
CPU-1027 0
CPU-10000 0
CPU-10006 0
CPU-10007 0
CPU-10009 8
CPU-10015 0
CPU-10019 0
CPU-10021 0
CPU-10027 0
CPU-10033 0
CPU-10034 0
CPU-10037 0
CPU-10038 0
CPU-10039 0
CPU-10040 0
CPU-10041 0
CPU-10046 0
CPU-10047 0
CPU-10048 0
CPU-10053 93
CPU-10056 0
CPU-10066 17
CPU-10069 0
CPU-10075 0
CPU-10077 0
CPU-10083 0
CPU-10084 0
CPU-10086 0
CPU-10088 102
3G 0
3G-on false
GPS 0
GPS-state-times 1.0 0.0 0.0
GPS-sattelites 0
Audio 0
Audio-on false
begin 53
total-power 1115
LCD 900
LCD-brightness 255
LCD-screen-on true
LCD-10088 900
CPU 215
CPU-sys 32
CPU-usr 18
CPU-freq 700.0
CPU-0 139
CPU-1000 89
CPU-1001 0
CPU-1010 0
CPU-1012 0
CPU-1013 0
CPU-1014 0
CPU-1017 0
CPU-1019 0
CPU-1023 69
CPU-1026 0
CPU-1027 0
CPU-10000 0
CPU-10006 0
CPU-10007 0
CPU-10009 44
CPU-10015 0
CPU-10019 0
CPU-10021 0
CPU-10027 0
CPU-10033 0
CPU-10034 0
CPU-10037 0
CPU-10038 0
CPU-10039 0
CPU-10040 0
CPU-10041 0
CPU-10046 0
CPU-10047 0
CPU-10048 0
CPU-10053 0
CPU-10056 0
CPU-10066 9
CPU-10069 0
CPU-10075 0
CPU-10077 0
CPU-10083 0
CPU-10084 0
CPU-10086 0
CPU-10088 251
3G 0
3G-on false
GPS 0
GPS-state-times 1.0 0.0 0.0
GPS-sattelites 0
Audio 0
Audio-on false
begin 54
total-power 1092
LCD 900
LCD-brightness 255
LCD-screen-on true
LCD-10088 900
CPU 192
CPU-sys 30
CPU-usr 15
CPU-freq 700.0
CPU-0 169
CPU-1000 64
CPU-1001 0
CPU-1010 0
CPU-1012 0
CPU-1013 0
CPU-1014 0
CPU-1017 0
CPU-1019 0
CPU-1023 49
CPU-1026 0
CPU-1027 0
CPU-10000 0
CPU-10006 0
CPU-10007 0
CPU-10009 0
CPU-10015 0
CPU-10019 0
CPU-10021 0
CPU-10027 0
CPU-10033 0
CPU-10034 0
CPU-10037 0
CPU-10038 0
CPU-10039 0
CPU-10040 0
CPU-10041 0
CPU-10046 0
CPU-10047 0
CPU-10048 0
CPU-10053 0
CPU-10056 0
CPU-10066 14
CPU-10069 0
CPU-10075 0
CPU-10077 0
CPU-10083 0
CPU-10084 0
CPU-10086 0
CPU-10088 238
3G 0
3G-on false
GPS 0
GPS-state-times 1.0 0.0 0.0
GPS-sattelites 0
Audio 0
Audio-on false
begin 55
total-power 1099
LCD 900
LCD-brightness 255
LCD-screen-on true
LCD-10088 900
CPU 199
CPU-sys 16
CPU-usr 30
CPU-freq 1200.0
CPU-0 224
CPU-1000 43
CPU-1001 0
CPU-1010 0
CPU-1012 0
CPU-1013 0
CPU-1014 0
CPU-1017 0
CPU-1019 0
CPU-1023 94
CPU-1026 0
CPU-1027 0
CPU-10000 0
CPU-10006 0
CPU-10007 0
CPU-10009 0
CPU-10015 0
CPU-10019 0
CPU-10021 0
CPU-10027 0
CPU-10033 0
CPU-10034 0
CPU-10037 0
CPU-10038 0
CPU-10039 0
CPU-10040 0
CPU-10041 0
CPU-10046 0
CPU-10047 0
CPU-10048 0
CPU-10053 0
CPU-10056 0
CPU-10066 0
CPU-10069 0
CPU-10075 0
CPU-10077 0
CPU-10083 0
CPU-10084 0
CPU-10086 0
CPU-10088 287
3G 0
3G-on false
GPS 0
GPS-state-times 1.0 0.0 0.0
GPS-sattelites 0
Audio 0
Audio-on false
begin 56
total-power 1071
LCD 900
LCD-brightness 255
LCD-screen-on true
LCD-10088 900
CPU 171
CPU-sys 24
CPU-usr 15
CPU-freq 700.0
CPU-0 148
CPU-1000 59
CPU-1001 0
CPU-1010 0
CPU-1012 0
CPU-1013 0
CPU-1014 0
CPU-1017 0
CPU-1019 0
CPU-1023 34
CPU-1026 0
CPU-1027 0
CPU-10000 0
CPU-10006 0
CPU-10007 0
CPU-10009 0
CPU-10015 0
CPU-10019 0
CPU-10021 0
CPU-10027 0
CPU-10033 0
CPU-10034 0
CPU-10037 0
CPU-10038 0
CPU-10039 0
CPU-10040 0
CPU-10041 0
CPU-10046 0
CPU-10047 4
CPU-10048 0
CPU-10053 0
CPU-10056 0
CPU-10066 14
CPU-10069 0
CPU-10075 0
CPU-10077 0
CPU-10083 0
CPU-10084 0
CPU-10086 0
CPU-10088 237
3G 0
3G-on false
GPS 0
GPS-state-times 1.0 0.0 0.0
GPS-sattelites 0
Audio 0
Audio-on false
begin 57
total-power 1116
LCD 900
LCD-brightness 255
LCD-screen-on true
LCD-10088 900
CPU 216
CPU-sys 28
CPU-usr 22
CPU-freq 700.0
CPU-0 157
CPU-1000 50
CPU-1001 5
CPU-1010 0
CPU-1012 0
CPU-1013 0
CPU-1014 0
CPU-1017 0
CPU-1019 0
CPU-1023 60
CPU-1026 0
CPU-1027 0
CPU-10000 0
CPU-10006 0
CPU-10007 0
CPU-10009 5
CPU-10015 0
CPU-10019 0
CPU-10021 0
CPU-10027 0
CPU-10033 0
CPU-10034 0
CPU-10037 0
CPU-10038 0
CPU-10039 0
CPU-10040 0
CPU-10041 0
CPU-10046 0
CPU-10047 0
CPU-10048 0
CPU-10053 0
CPU-10056 0
CPU-10066 10
CPU-10069 0
CPU-10075 0
CPU-10077 0
CPU-10083 0
CPU-10084 0
CPU-10086 0
CPU-10088 222
3G 0
3G-on false
GPS 0
GPS-state-times 1.0 0.0 0.0
GPS-sattelites 0
Audio 0
Audio-on false
begin 58
total-power 1092
LCD 900
LCD-brightness 255
LCD-screen-on true
LCD-10088 900
CPU 192
CPU-sys 30
CPU-usr 14
CPU-freq 1200.0
CPU-0 240
CPU-1000 118
CPU-1001 8
CPU-1010 0
CPU-1012 0
CPU-1013 0
CPU-1014 0
CPU-1017 0
CPU-1019 0
CPU-1023 109
CPU-1026 0
CPU-1027 0
CPU-10000 0
CPU-10006 0
CPU-10007 0
CPU-10009 25
CPU-10015 0
CPU-10019 0
CPU-10021 0
CPU-10027 0
CPU-10033 0
CPU-10034 0
CPU-10037 0
CPU-10038 0
CPU-10039 0
CPU-10040 0
CPU-10041 0
CPU-10046 0
CPU-10047 0
CPU-10048 0
CPU-10053 0
CPU-10056 0
CPU-10066 8
CPU-10069 0
CPU-10075 0
CPU-10077 0
CPU-10083 0
CPU-10084 0
CPU-10086 0
CPU-10088 486
3G 0
3G-on false
GPS 0
GPS-state-times 1.0 0.0 0.0
GPS-sattelites 0
Audio 0
Audio-on false
begin 59
total-power 1052
LCD 900
LCD-brightness 255
LCD-screen-on true
LCD-10088 900
CPU 152
CPU-sys 35
CPU-usr 0
CPU-freq 1200.0
CPU-0 221
CPU-1000 131
CPU-1001 0
CPU-1010 0
CPU-1012 0
CPU-1013 0
CPU-1014 0
CPU-1017 0
CPU-1019 0
CPU-1023 105
CPU-1026 0
CPU-1027 0
CPU-10000 0
CPU-10006 0
CPU-10007 0
CPU-10009 0
CPU-10015 0
CPU-10019 0
CPU-10021 0
CPU-10027 0
CPU-10033 0
CPU-10034 0
CPU-10037 0
CPU-10038 0
CPU-10039 0
CPU-10040 0
CPU-10041 0
CPU-10046 0
CPU-10047 0
CPU-10048 0
CPU-10053 0
CPU-10056 0
CPU-10066 17
CPU-10069 0
CPU-10075 0
CPU-10077 0
CPU-10083 0
CPU-10084 0
CPU-10086 0
CPU-10088 486
3G 0
3G-on false
GPS 0
GPS-state-times 1.0 0.0 0.0
GPS-sattelites 0
Audio 0
Audio-on false
begin 60
total-power 1054
meminfo 710960 24068 4992 249268
LCD 900
LCD-brightness 255
LCD-screen-on true
LCD-10088 900
CPU 154
CPU-sys 31
CPU-usr 5
CPU-freq 920.0
CPU-0 209
CPU-1000 78
CPU-1001 0
CPU-1010 0
CPU-1012 0
CPU-1013 0
CPU-1014 0
CPU-1017 0
CPU-1019 0
CPU-1023 71
CPU-1026 0
CPU-1027 0
CPU-10000 0
CPU-10006 0
CPU-10007 0
CPU-10009 0
CPU-10015 0
CPU-10019 0
CPU-10021 0
CPU-10027 0
CPU-10033 0
CPU-10034 0
CPU-10037 0
CPU-10038 0
CPU-10039 0
CPU-10040 0
CPU-10041 0
CPU-10046 0
CPU-10047 0
CPU-10048 0
CPU-10053 0
CPU-10056 0
CPU-10066 19
CPU-10069 0
CPU-10075 0
CPU-10077 0
CPU-10083 0
CPU-10084 0
CPU-10086 0
CPU-10088 345
3G 0
3G-on false
GPS 0
GPS-state-times 1.0 0.0 0.0
GPS-sattelites 0
Audio 0
Audio-on false
begin 61
total-power 1101
LCD 900
LCD-brightness 255
LCD-screen-on true
LCD-10088 900
CPU 201
CPU-sys 35
CPU-usr 12
CPU-freq 920.0
CPU-0 44
CPU-1000 185
CPU-1001 0
CPU-1010 0
CPU-1012 0
CPU-1013 0
CPU-1014 0
CPU-1017 0
CPU-1019 0
CPU-1023 6
CPU-1026 0
CPU-1027 0
CPU-10000 0
CPU-10006 0
CPU-10007 0
CPU-10009 0
CPU-10015 0
CPU-10019 44
CPU-10021 0
CPU-10027 0
CPU-10033 0
CPU-10034 0
CPU-10037 0
CPU-10038 0
CPU-10039 0
CPU-10040 0
CPU-10041 0
CPU-10046 0
CPU-10047 0
CPU-10048 12
CPU-10053 115
CPU-10056 0
CPU-10066 12
CPU-10069 0
CPU-10075 0
CPU-10077 0
CPU-10083 0
CPU-10084 0
CPU-10086 0
CPU-10088 213
3G 0
3G-on false
GPS 0
GPS-state-times 1.0 0.0 0.0
GPS-sattelites 0
Audio 0
Audio-on false
begin 62
total-power 969
LCD 900
LCD-brightness 255
LCD-screen-on true
LCD-10088 900
CPU 69
CPU-sys 17
CPU-usr 0
CPU-freq 350.0
CPU-0 4
CPU-1000 60
CPU-1001 0
CPU-1010 0
CPU-1012 0
CPU-1013 0
CPU-1014 0
CPU-1017 0
CPU-1019 0
CPU-1023 0
CPU-1026 0
CPU-1027 0
CPU-10000 0
CPU-10006 0
CPU-10007 0
CPU-10009 0
CPU-10015 0
CPU-10019 0
CPU-10021 0
CPU-10027 0
CPU-10033 0
CPU-10034 0
CPU-10037 0
CPU-10038 0
CPU-10039 0
CPU-10040 0
CPU-10041 0
CPU-10046 0
CPU-10047 0
CPU-10048 0
CPU-10053 2
CPU-10056 0
CPU-10066 7
CPU-10069 0
CPU-10075 0
CPU-10077 0
CPU-10083 0
CPU-10084 0
CPU-10086 0
CPU-10088 41
3G 0
3G-on false
GPS 0
GPS-state-times 1.0 0.0 0.0
GPS-sattelites 0
Audio 0
Audio-on false
begin 63
total-power 1024
LCD 900
LCD-brightness 255
LCD-screen-on true
LCD-10088 900
CPU 124
CPU-sys 27
CPU-usr 3
CPU-freq 350.0
CPU-0 4
CPU-1000 22
CPU-1001 0
CPU-1010 0
CPU-1012 0
CPU-1013 0
CPU-1014 0
CPU-1017 0
CPU-1019 0
CPU-1023 0
CPU-1026 0
CPU-1027 0
CPU-10000 0
CPU-10006 0
CPU-10007 0
CPU-10009 4
CPU-10015 0
CPU-10019 0
CPU-10021 0
CPU-10027 0
CPU-10033 0
CPU-10034 0
CPU-10037 0
CPU-10038 0
CPU-10039 0
CPU-10040 0
CPU-10041 0
CPU-10046 0
CPU-10047 0
CPU-10048 0
CPU-10053 2
CPU-10056 0
CPU-10066 7
CPU-10069 0
CPU-10075 0
CPU-10077 0
CPU-10083 0
CPU-10084 0
CPU-10086 0
CPU-10088 44
3G 0
3G-on false
GPS 0
GPS-state-times 1.0 0.0 0.0
GPS-sattelites 0
Audio 0
Audio-on false
begin 64
total-power 965
LCD 900
LCD-brightness 255
LCD-screen-on true
LCD-10088 900
CPU 65
CPU-sys 16
CPU-usr 0
CPU-freq 350.0
CPU-0 2
CPU-1000 26
CPU-1001 0
CPU-1010 0
CPU-1012 0
CPU-1013 0
CPU-1014 0
CPU-1017 0
CPU-1019 0
CPU-1023 0
CPU-1026 0
CPU-1027 0
CPU-10000 0
CPU-10006 0
CPU-10007 0
CPU-10009 0
CPU-10015 0
CPU-10019 0
CPU-10021 0
CPU-10027 0
CPU-10033 0
CPU-10034 0
CPU-10037 0
CPU-10038 0
CPU-10039 0
CPU-10040 0
CPU-10041 0
CPU-10046 0
CPU-10047 0
CPU-10048 0
CPU-10053 43
CPU-10056 0
CPU-10066 7
CPU-10069 0
CPU-10075 0
CPU-10077 0
CPU-10083 0
CPU-10084 0
CPU-10086 0
CPU-10088 0
3G 0
3G-on false
GPS 0
GPS-state-times 1.0 0.0 0.0
GPS-sattelites 0
Audio 0
Audio-on false
begin 65
total-power 917
LCD 900
LCD-brightness 255
LCD-screen-on true
LCD-10088 900
CPU 17
CPU-sys 4
CPU-usr 0
CPU-freq 700.0
CPU-0 19
CPU-1000 9
CPU-1001 0
CPU-1010 0
CPU-1012 0
CPU-1013 229
CPU-1014 0
CPU-1017 0
CPU-1019 0
CPU-1023 0
CPU-1026 0
CPU-1027 0
CPU-10000 0
CPU-10006 0
CPU-10007 0
CPU-10009 0
CPU-10015 24
CPU-10019 0
CPU-10021 0
CPU-10027 0
CPU-10033 0
CPU-10034 0
CPU-10037 0
CPU-10038 0
CPU-10039 0
CPU-10040 0
CPU-10041 0
CPU-10046 0
CPU-10047 0
CPU-10048 0
CPU-10053 9
CPU-10056 0
CPU-10066 19
CPU-10069 0
CPU-10075 0
CPU-10077 0
CPU-10083 0
CPU-10084 0
CPU-10086 0
CPU-10088 9
3G 0
3G-on false
GPS 0
GPS-state-times 1.0 0.0 0.0
GPS-sattelites 0
Audio 0
Audio-on false
begin 66
total-power 1040
LCD 900
LCD-brightness 255
LCD-screen-on true
LCD-10034 900
CPU 140
CPU-sys 32
CPU-usr 0
CPU-freq 700.0
CPU-0 43
CPU-1000 201
CPU-1001 0
CPU-1010 0
CPU-1012 0
CPU-1013 33
CPU-1014 0
CPU-1017 0
CPU-1019 0
CPU-1023 0
CPU-1026 0
CPU-1027 0
CPU-10000 0
CPU-10006 0
CPU-10007 0
CPU-10009 0
CPU-10015 0
CPU-10019 9
CPU-10021 0
CPU-10027 0
CPU-10033 0
CPU-10034 0
CPU-10037 0
CPU-10038 0
CPU-10039 9
CPU-10040 0
CPU-10041 0
CPU-10046 0
CPU-10047 0
CPU-10048 0
CPU-10053 77
CPU-10056 0
CPU-10066 9
CPU-10069 0
CPU-10075 0
CPU-10077 0
CPU-10083 0
CPU-10084 0
CPU-10086 0
CPU-10088 19
3G 0
3G-on false
GPS 0
GPS-state-times 1.0 0.0 0.0
GPS-sattelites 0
Audio 0
Audio-on false
begin 67
total-power 959
LCD 900
LCD-brightness 255
LCD-screen-on true
LCD-10034 900
CPU 59
CPU-sys 13
CPU-usr 2
CPU-freq 350.0
CPU-0 24
CPU-1000 53
CPU-1001 0
CPU-1010 0
CPU-1012 0
CPU-1013 22
CPU-1014 0
CPU-1017 0
CPU-1019 0
CPU-1023 0
CPU-1026 0
CPU-1027 0
CPU-10000 0
CPU-10006 0
CPU-10007 0
CPU-10009 80
CPU-10015 0
CPU-10019 0
CPU-10021 0
CPU-10027 0
CPU-10033 0
CPU-10034 0
CPU-10037 0
CPU-10038 0
CPU-10039 0
CPU-10040 0
CPU-10041 0
CPU-10046 0
CPU-10047 0
CPU-10048 0
CPU-10053 0
CPU-10056 0
CPU-10066 7
CPU-10069 0
CPU-10075 0
CPU-10077 0
CPU-10083 0
CPU-10084 0
CPU-10086 12
CPU-10088 0
3G 0
3G-on false
GPS 0
GPS-state-times 1.0 0.0 0.0
GPS-sattelites 0
Audio 0
Audio-on false
begin 68
total-power 1063
LCD 900
LCD-brightness 255
LCD-screen-on true
LCD-10034 900
CPU 163
CPU-sys 24
CPU-usr 15
CPU-freq 350.0
CPU-0 26
CPU-1000 77
CPU-1001 0
CPU-1010 0
CPU-1012 0
CPU-1013 12
CPU-1014 0
CPU-1017 0
CPU-1019 0
CPU-1023 0
CPU-1026 0
CPU-1027 0
CPU-10006 0
CPU-10009 7
CPU-10015 0
CPU-10019 0
CPU-10033 0
CPU-10034 0
CPU-10040 0
CPU-10041 0
CPU-10046 7
CPU-10053 2
CPU-10066 4
CPU-10075 0
CPU-10077 0
CPU-10083 0
CPU-10084 0
CPU-10086 7
3G 0
3G-on false
GPS 0
GPS-state-times 1.0 0.0 0.0
GPS-sattelites 0
Audio 0
Audio-on false
signal 10
begin 69
total-power 926
LCD 900
LCD-brightness 255
LCD-screen-on true
LCD-10034 900
CPU 26
CPU-sys 6
CPU-usr 1
CPU-freq 350.0
CPU-0 21
CPU-1000 36
CPU-1001 0
CPU-1010 0
CPU-1012 0
CPU-1013 12
CPU-1014 0
CPU-1017 0
CPU-1019 0
CPU-1023 0
CPU-1026 0
CPU-1027 0
CPU-10000 0
CPU-10006 0
CPU-10007 0
CPU-10009 0
CPU-10015 0
CPU-10019 0
CPU-10021 0
CPU-10027 0
CPU-10033 0
CPU-10034 0
CPU-10037 0
CPU-10038 0
CPU-10040 0
CPU-10041 0
CPU-10046 4
CPU-10047 0
CPU-10048 0
CPU-10053 0
CPU-10056 0
CPU-10066 12
CPU-10069 0
CPU-10075 0
CPU-10077 0
CPU-10083 0
CPU-10084 0
CPU-10086 17
CPU-10088 0
3G 0
3G-on false
GPS 0
GPS-state-times 1.0 0.0 0.0
GPS-sattelites 0
Audio 0
Audio-on false
